#-----------------------------------------------------------
# Webtalk v2019.2 (64-bit)
# SW Build 2708876 on Wed Nov  6 21:39:14 MST 2019
# 
# Start of session at: Tue Jan 11 08:03:01 2022
# Process ID: 3025
# Current directory: /home/skillet/git/ECE530/Lab07c/webtalk
# Command line: wbtcv -mode batch -source vitis_webtalk.tcl
# Log file: /home/skillet/git/ECE530/Lab07c/webtalk/webtalk.log
# Journal file: /home/skillet/git/ECE530/Lab07c/webtalk/webtalk.jou
#-----------------------------------------------------------
source vitis_webtalk.tcl
# webtalk_init -webtalk_dir /home/skillet/git/ECE530/Lab07c/webtalk
# webtalk_register_client -client project
# webtalk_add_data -client project -key date_generated -value "2022-01-11 08:03:00" -context "software_version_and_target_device"
# webtalk_add_data -client project -key product_version -value "Vitis v2019.2" -context "software_version_and_target_device"
# webtalk_add_data -client project -key build_version -value "2019.2" -context "software_version_and_target_device"
# webtalk_add_data -client project -key os_platform -value "amd64" -context "software_version_and_target_device"
# webtalk_add_data -client project -key registration_id -value "211643187_0_0_676" -context "software_version_and_target_device"
# webtalk_add_data -client project -key tool_flow -value "Vitis" -context "software_version_and_target_device"
# webtalk_add_data -client project -key beta -value "false" -context "software_version_and_target_device"
# webtalk_add_data -client project -key route_design -value "NA" -context "software_version_and_target_device"
# webtalk_add_data -client project -key target_family -value "NA" -context "software_version_and_target_device"
# webtalk_add_data -client project -key target_device -value "NA" -context "software_version_and_target_device"
# webtalk_add_data -client project -key target_package -value "NA" -context "software_version_and_target_device"
# webtalk_add_data -client project -key target_speed -value "NA" -context "software_version_and_target_device"
# webtalk_add_data -client project -key random_id -value "6hfr66r3vn3460uhlrsdila1ga" -context "software_version_and_target_device"
# webtalk_add_data -client project -key project_id -value "2019.2_12" -context "software_version_and_target_device"
# webtalk_add_data -client project -key project_iteration -value "12" -context "software_version_and_target_device"
# webtalk_add_data -client project -key os_name -value "Debian" -context "user_environment"
# webtalk_add_data -client project -key os_release -value "Debian GNU/Linux 10 (buster)" -context "user_environment"
# webtalk_add_data -client project -key cpu_name -value "Intel(R) Core(TM) i7-8750H CPU @ 2.20GHz" -context "user_environment"
# webtalk_add_data -client project -key cpu_speed -value "3995.147 MHz" -context "user_environment"
# webtalk_add_data -client project -key total_processors -value "1" -context "user_environment"
# webtalk_add_data -client project -key system_ram -value "16.280 GB" -context "user_environment"
# webtalk_register_client -client vitis
# webtalk_add_data -client vitis -key uid -value "1641874314000" -context "vitis\\\\platform/1641874314000"
# webtalk_add_data -client vitis -key platform_source -value "dsa" -context "vitis\\\\platform/1641874314000"
# webtalk_add_data -client vitis -key os -value "standalone" -context "vitis\\\\platform/1641874314000"
# webtalk_add_data -client vitis -key processor -value "ps7_cortexa9" -context "vitis\\\\platform/1641874314000"
# webtalk_add_data -client vitis -key platform -value "NA" -context "vitis\\\\platform/1641874314000"
# webtalk_add_data -client vitis -key uid -value "1641874372000" -context "vitis\\\\application/1641874372000"
# webtalk_add_data -client vitis -key project_type -value "sdk" -context "vitis\\\\application/1641874372000"
# webtalk_add_data -client vitis -key os -value "standalone" -context "vitis\\\\application/1641874372000"
# webtalk_add_data -client vitis -key processor -value "cortex-a9" -context "vitis\\\\application/1641874372000"
# webtalk_add_data -client vitis -key runtime -value "C/C++" -context "vitis\\\\application/1641874372000"
# webtalk_add_data -client vitis -key template -value "empty" -context "vitis\\\\application/1641874372000"
# webtalk_add_data -client vitis -key platform -value "custom" -context "vitis\\\\application/1641874372000"
# webtalk_add_data -client vitis -key platform_type -value "fixed" -context "vitis\\\\application/1641874372000"
# webtalk_add_data -client vitis -key application_type -value "application" -context "vitis\\\\application/1641874372000"
# webtalk_add_data -client vitis -key platform_source -value "platform" -context "vitis\\\\application/1641874372000"
# webtalk_add_data -client vitis -key device_family -value "zynq" -context "vitis\\\\application/1641874372000"
# webtalk_add_data -client vitis -key fpga -value "xc7z010" -context "vitis\\\\application/1641874372000"
# webtalk_transmit -clientid 1260879048 -regid "211643187_0_0_676" -xml /home/skillet/git/ECE530/Lab07c/webtalk/usage_statistics_ext_vitis.xml -html /home/skillet/git/ECE530/Lab07c/webtalk/usage_statistics_ext_vitis.html -wdm /home/skillet/git/ECE530/Lab07c/webtalk/vitis_webtalk.wdm -intro "<H3>Vitis Usage Report</H3><BR>"
# webtalk_terminate
INFO: [Common 17-206] Exiting Webtalk at Tue Jan 11 08:03:01 2022...
