#
# A fatal error has been detected by the Java Runtime Environment:
#
#  EXCEPTION_UNCAUGHT_CXX_EXCEPTION (0xe06d7363) at pc=0x00007ff81ac04f69, pid=10988, tid=552
#
# JRE version: Java(TM) SE Runtime Environment (8.0_66-b18) (build 1.8.0_66-b18)
# Java VM: Java HotSpot(TM) 64-Bit Server VM (25.66-b18 mixed mode windows-amd64 compressed oops)
# Problematic frame:
# C  [KERNELBASE.dll+0x34f69]
#
# Failed to write core dump. Minidumps are not enabled by default on client versions of Windows
#
# If you would like to submit a bug report, please visit:
#   http://bugreport.java.com/bugreport/crash.jsp
#

---------------  T H R E A D  ---------------

Current thread (0x0000000014327000):  VMThread [stack: 0x0000000016a70000,0x0000000016b70000] [id=552]

siginfo: ExceptionCode=0xe06d7363, ExceptionInformation=0x0000000019930520 0x0000000016b6f318 0x00007fffca382cb8 0x00007fffca2d0000 

Registers:
RAX=0x0000000016b6eb50, RBX=0x00007fffca382cb8, RCX=0x0000000000000000, RDX=0x0000000000150000
RSP=0x0000000016b6f160, RBP=0x0000000016b6f2a0, RSI=0x00000000ffffffff, RDI=0x000000002a4db4f0
R8 =0x0000000016b6ec00, R9 =0x0000635c00000000, R10=0x0000000000000000, R11=0x0000000100000000
R12=0x0000000000000001, R13=0x0000000000000008, R14=0x0000000000000000, R15=0xffffffffffffffff
RIP=0x00007ff81ac04f69, EFLAGS=0x0000000000000202

Top of Stack: (sp=0x0000000016b6f160)
0x0000000016b6f160:   0000000000040009 00007fffca382cb8
0x0000000016b6f170:   00000000ffffffff 0000000000000000
0x0000000016b6f180:   00000001e06d7363 0000000000000000
0x0000000016b6f190:   00007ff81ac04f69 0000000000000004
0x0000000016b6f1a0:   0000000019930520 0000000016b6f318
0x0000000016b6f1b0:   00007fffca382cb8 00007fffca2d0000
0x0000000016b6f1c0:   0000000000000008 0000000000000001
0x0000000016b6f1d0:   00000000ffffffff 0000000016b6f2a0
0x0000000016b6f1e0:   0000000016b6f2b0 00007ff81d264a5f
0x0000000016b6f1f0:   000000002a4db4f0 00007ff800000000
0x0000000016b6f200:   0000635c14688864 000000000000003f
0x0000000016b6f210:   00007fffca399000 00007fffca2d0000
0x0000000016b6f220:   0000a3a245718d3b 00000000003a6080
0x0000000016b6f230:   00007fffca382cb8 00007fffca32e92c
0x0000000016b6f240:   ffffffff0000001f 0000000000000000
0x0000000016b6f250:   0000000000000008 0000000000000001 

Instructions: (pc=0x00007ff81ac04f69)
0x00007ff81ac04f49:   8b d1 44 0f 47 c0 44 89 44 24 38 49 c1 e0 03 e8
0x00007ff81ac04f59:   1a d5 05 00 48 8d 4c 24 20 48 ff 15 9f 9d 18 00
0x00007ff81ac04f69:   0f 1f 44 00 00 48 8b 8c 24 c0 00 00 00 48 33 cc
0x00007ff81ac04f79:   e8 52 97 05 00 48 81 c4 d8 00 00 00 c3 cc 83 64 


Register to memory mapping:

RAX=0x0000000016b6eb50 is an unknown value
RBX=0x00007fffca382cb8 is an unknown value
RCX=0x0000000000000000 is an unknown value
RDX=0x0000000000150000 is pointing into the stack for thread: 0x00000000028ae000
RSP=0x0000000016b6f160 is an unknown value
RBP=0x0000000016b6f2a0 is an unknown value
RSI=0x00000000ffffffff is an unallocated location in the heap
RDI=0x000000002a4db4f0 is an unknown value
R8 =0x0000000016b6ec00 is an unknown value
R9 =0x0000635c00000000 is an unknown value
R10=0x0000000000000000 is an unknown value
R11=0x0000000100000000 is pointing into metadata
R12=0x0000000000000001 is an unknown value
R13=0x0000000000000008 is an unknown value
R14=0x0000000000000000 is an unknown value
R15=0xffffffffffffffff is an unknown value


Stack: [0x0000000016a70000,0x0000000016b70000],  sp=0x0000000016b6f160,  free space=1020k
Native frames: (J=compiled Java code, j=interpreted, Vv=VM code, C=native code)
C  [KERNELBASE.dll+0x34f69]
C  [MSVCR110.dll+0x5e92c]
C  [MSVCR110.dll+0x1315c]
C  [MSVCR110.dll+0x136a9]
C  [MSVCR110.dll+0x13e9c]
C  [MSVCR110.dll+0x239e]
C  [MSVCR110.dll+0xaf9e]
C  [MSVCP110.dll+0x397b9]
C  [librdi_common.dll+0x182316]
C  [librdi_common.dll+0x180fab]
C  0x00007ff801842400
C  0x00007ff801842682
C  [ntdll.dll+0x19a1d]
C  [ntdll.dll+0x5db91]
C  [ntdll.dll+0x5da2d]
C  [KERNEL32.DLL+0x1e0ab]
C  [MSVCR100.dll+0x20ccd]
V  [jvm.dll+0x210cc5]
V  [jvm.dll+0x249897]
V  [jvm.dll+0x248b36]
V  [jvm.dll+0x248fd1]
V  [jvm.dll+0x2491ee]
V  [jvm.dll+0x29a0fa]
C  [MSVCR100.dll+0x21d9f]
C  [MSVCR100.dll+0x21e3b]
C  [KERNEL32.DLL+0x17034]
C  [ntdll.dll+0x52651]

VM_Operation (0x000000000014f490): Exit, mode: safepoint, requested by thread 0x00000000028ae000


---------------  P R O C E S S  ---------------

Java Threads: ( => current thread )
  0x000000001ce86000 JavaThread "pool-2-thread-3" [_thread_blocked, id=12336, stack(0x000000002b2f0000,0x000000002b3f0000)]
  0x000000001ce88000 JavaThread "pool-2-thread-2" [_thread_blocked, id=15864, stack(0x000000002b0f0000,0x000000002b1f0000)]
  0x000000001ce81800 JavaThread "pool-2-thread-1" [_thread_blocked, id=5180, stack(0x000000002ad80000,0x000000002ae80000)]
  0x000000001ce7d800 JavaThread "Thread-28" daemon [_thread_blocked, id=8916, stack(0x000000002ab80000,0x000000002ac80000)]
  0x000000001d829000 JavaThread "TCF Channel Transmitter" daemon [_thread_blocked, id=11768, stack(0x0000000029800000,0x0000000029900000)]
  0x000000001d828000 JavaThread "TCF Channel Receiver" daemon [_thread_in_native, id=6428, stack(0x0000000029700000,0x0000000029800000)]
  0x000000001d826800 JavaThread "Process monitor" daemon [_thread_in_native, id=6864, stack(0x0000000029270000,0x0000000029370000)]
  0x000000001d81f000 JavaThread "Input Stream Monitor" daemon [_thread_blocked, id=8256, stack(0x0000000029170000,0x0000000029270000)]
  0x000000001d821800 JavaThread "Output Stream Monitor" daemon [_thread_in_native, id=8132, stack(0x0000000029070000,0x0000000029170000)]
  0x000000001d820800 JavaThread "Output Stream Monitor" daemon [_thread_in_native, id=5880, stack(0x0000000028370000,0x0000000028470000)]
  0x0000000018d28000 JavaThread "TCF Locator DNS Lookup" daemon [_thread_blocked, id=7252, stack(0x0000000027180000,0x0000000027280000)]
  0x0000000018d25000 JavaThread "TCF Locator Timer" daemon [_thread_blocked, id=10444, stack(0x0000000027080000,0x0000000027180000)]
  0x0000000018d2a000 JavaThread "TCF Locator Receiver" daemon [_thread_in_native, id=7256, stack(0x0000000026f80000,0x0000000027080000)]
  0x0000000018d2b800 JavaThread "TCF Timer Dispatcher" daemon [_thread_blocked, id=16012, stack(0x0000000023920000,0x0000000023a20000)]
  0x0000000018f39800 JavaThread "EMF Reference Cleaner" daemon [_thread_blocked, id=10544, stack(0x000000001b590000,0x000000001b690000)]
  0x000000001433d000 JavaThread "Service Thread" daemon [_thread_blocked, id=13316, stack(0x0000000017480000,0x0000000017580000)]
  0x0000000015a5a000 JavaThread "C1 CompilerThread3" daemon [_thread_blocked, id=4536, stack(0x0000000017380000,0x0000000017480000)]
  0x0000000015a35000 JavaThread "C2 CompilerThread2" daemon [_thread_blocked, id=2672, stack(0x0000000017280000,0x0000000017380000)]
  0x0000000015a29800 JavaThread "C2 CompilerThread1" daemon [_thread_blocked, id=7448, stack(0x0000000017180000,0x0000000017280000)]
  0x0000000015a21000 JavaThread "C2 CompilerThread0" daemon [_thread_blocked, id=10616, stack(0x0000000017080000,0x0000000017180000)]
  0x0000000015a30000 JavaThread "Attach Listener" daemon [_thread_blocked, id=13764, stack(0x0000000016f80000,0x0000000017080000)]
  0x0000000015a2f000 JavaThread "Signal Dispatcher" daemon [_thread_blocked, id=264, stack(0x0000000016e80000,0x0000000016f80000)]
  0x000000000289d000 JavaThread "Finalizer" daemon [_thread_blocked, id=15452, stack(0x0000000016c70000,0x0000000016d70000)]
  0x000000001432d800 JavaThread "Reference Handler" daemon [_thread_blocked, id=1772, stack(0x0000000016b70000,0x0000000016c70000)]
  0x00000000028ae000 JavaThread "main" [_thread_blocked, id=10676, stack(0x0000000000050000,0x0000000000150000)]

Other Threads:
=>0x0000000014327000 VMThread [stack: 0x0000000016a70000,0x0000000016b70000] [id=552]

VM state:at safepoint (shutting down)

VM Mutex/Monitor currently owned by a thread:  ([mutex/lock_event])
[0x00000000028ad860] Threads_lock - owner thread: 0x0000000014327000

Heap:
 PSYoungGen      total 123904K, used 112103K [0x00000000f5580000, 0x00000000fec80000, 0x0000000100000000)
  eden space 95232K, 96% used [0x00000000f5580000,0x00000000fafb4de8,0x00000000fb280000)
  from space 28672K, 68% used [0x00000000fd080000,0x00000000fe3c4ff8,0x00000000fec80000)
  to   space 29696K, 0% used [0x00000000fb280000,0x00000000fb280000,0x00000000fcf80000)
 ParOldGen       total 113664K, used 53845K [0x00000000e0000000, 0x00000000e6f00000, 0x00000000f5580000)
  object space 113664K, 47% used [0x00000000e0000000,0x00000000e3495660,0x00000000e6f00000)
 Metaspace       used 90562K, capacity 97948K, committed 98216K, reserved 1134592K
  class space    used 11155K, capacity 13462K, committed 13488K, reserved 1048576K

Card table byte_map: [0x0000000011c70000,0x0000000011d80000] byte_map_base: 0x0000000011570000

Marking Bits: (ParMarkBitMap*) 0x000000006affa5b0
 Begin Bits: [0x0000000012830000, 0x0000000013030000)
 End Bits:   [0x0000000013030000, 0x0000000013830000)

Polling page: 0x0000000002210000

CodeCache: size=245760Kb used=34733Kb max_used=35308Kb free=211026Kb
 bounds [0x00000000028b0000, 0x0000000004b70000, 0x00000000118b0000]
 total_blobs=10259 nmethods=9365 adapters=801
 compilation: enabled

Compilation events (10 events):
Event: 243.040 Thread 0x0000000015a5a000 nmethod 11431 0x0000000003ae7090 code [0x0000000003ae7200, 0x0000000003ae7388]
Event: 243.040 Thread 0x0000000015a5a000 11432       3       org.eclipse.osgi.container.ModuleWiring::invalidate0 (52 bytes)
Event: 243.040 Thread 0x0000000015a5a000 nmethod 11432 0x000000000359e750 code [0x000000000359e900, 0x000000000359f2a8]
Event: 243.040 Thread 0x0000000015a5a000 11433       3       org.eclipse.osgi.internal.container.AtomicLazyInitializer::getAndClear (9 bytes)
Event: 243.040 Thread 0x0000000015a5a000 nmethod 11433 0x00000000030e5810 code [0x00000000030e5980, 0x00000000030e5bd0]
Event: 243.040 Thread 0x0000000015a5a000 11434       3       java.util.concurrent.atomic.AtomicReference::getAndSet (12 bytes)
Event: 243.040 Thread 0x0000000015a5a000 nmethod 11434 0x00000000030dacd0 code [0x00000000030dae20, 0x00000000030daf90]
Event: 243.040 Thread 0x0000000015a5a000 11439   !   3       org.eclipse.osgi.storage.BundleInfo$Generation::clearManifestCache (30 bytes)
Event: 243.041 Thread 0x0000000015a5a000 nmethod 11439 0x00000000033dc750 code [0x00000000033dc8e0, 0x00000000033dcf28]
Event: 243.041 Thread 0x0000000015a5a000 11436       3       org.eclipse.osgi.internal.framework.EquinoxContainerAdaptor::invalidateWiring (186 bytes)

GC Heap History (10 events):
Event: 8.960 GC heap before
{Heap before GC invocations=15 (full 3):
 PSYoungGen      total 91136K, used 85520K [0x00000000f5580000, 0x00000000fd180000, 0x0000000100000000)
  eden space 70144K, 99% used [0x00000000f5580000,0x00000000f99ff148,0x00000000f9a00000)
  from space 20992K, 73% used [0x00000000f9a00000,0x00000000fa9050d8,0x00000000fae80000)
  to   space 21504K, 0% used [0x00000000fbc80000,0x00000000fbc80000,0x00000000fd180000)
 ParOldGen       total 113664K, used 43294K [0x00000000e0000000, 0x00000000e6f00000, 0x00000000f5580000)
  object space 113664K, 38% used [0x00000000e0000000,0x00000000e2a47820,0x00000000e6f00000)
 Metaspace       used 72605K, capacity 78712K, committed 78888K, reserved 1118208K
  class space    used 8844K, capacity 10697K, committed 10800K, reserved 1048576K
Event: 8.973 GC heap after
Heap after GC invocations=15 (full 3):
 PSYoungGen      total 101888K, used 21483K [0x00000000f5580000, 0x00000000fd680000, 0x0000000100000000)
  eden space 80384K, 0% used [0x00000000f5580000,0x00000000f5580000,0x00000000fa400000)
  from space 21504K, 99% used [0x00000000fbc80000,0x00000000fd17ac50,0x00000000fd180000)
  to   space 25088K, 0% used [0x00000000fa400000,0x00000000fa400000,0x00000000fbc80000)
 ParOldGen       total 113664K, used 45510K [0x00000000e0000000, 0x00000000e6f00000, 0x00000000f5580000)
  object space 113664K, 40% used [0x00000000e0000000,0x00000000e2c718f8,0x00000000e6f00000)
 Metaspace       used 72605K, capacity 78712K, committed 78888K, reserved 1118208K
  class space    used 8844K, capacity 10697K, committed 10800K, reserved 1048576K
}
Event: 28.324 GC heap before
{Heap before GC invocations=16 (full 3):
 PSYoungGen      total 101888K, used 101867K [0x00000000f5580000, 0x00000000fd680000, 0x0000000100000000)
  eden space 80384K, 100% used [0x00000000f5580000,0x00000000fa400000,0x00000000fa400000)
  from space 21504K, 99% used [0x00000000fbc80000,0x00000000fd17ac50,0x00000000fd180000)
  to   space 25088K, 0% used [0x00000000fa400000,0x00000000fa400000,0x00000000fbc80000)
 ParOldGen       total 113664K, used 45510K [0x00000000e0000000, 0x00000000e6f00000, 0x00000000f5580000)
  object space 113664K, 40% used [0x00000000e0000000,0x00000000e2c718f8,0x00000000e6f00000)
 Metaspace       used 80698K, capacity 87848K, committed 87976K, reserved 1124352K
  class space    used 9930K, capacity 12122K, committed 12208K, reserved 1048576K
Event: 28.337 GC heap after
Heap after GC invocations=16 (full 3):
 PSYoungGen      total 105472K, used 25085K [0x00000000f5580000, 0x00000000fe900000, 0x0000000100000000)
  eden space 80384K, 0% used [0x00000000f5580000,0x00000000f5580000,0x00000000fa400000)
  from space 25088K, 99% used [0x00000000fa400000,0x00000000fbc7f568,0x00000000fbc80000)
  to   space 29696K, 0% used [0x00000000fcc00000,0x00000000fcc00000,0x00000000fe900000)
 ParOldGen       total 113664K, used 47533K [0x00000000e0000000, 0x00000000e6f00000, 0x00000000f5580000)
  object space 113664K, 41% used [0x00000000e0000000,0x00000000e2e6b6b8,0x00000000e6f00000)
 Metaspace       used 80698K, capacity 87848K, committed 87976K, reserved 1124352K
  class space    used 9930K, capacity 12122K, committed 12208K, reserved 1048576K
}
Event: 74.587 GC heap before
{Heap before GC invocations=17 (full 3):
 PSYoungGen      total 105472K, used 105469K [0x00000000f5580000, 0x00000000fe900000, 0x0000000100000000)
  eden space 80384K, 100% used [0x00000000f5580000,0x00000000fa400000,0x00000000fa400000)
  from space 25088K, 99% used [0x00000000fa400000,0x00000000fbc7f568,0x00000000fbc80000)
  to   space 29696K, 0% used [0x00000000fcc00000,0x00000000fcc00000,0x00000000fe900000)
 ParOldGen       total 113664K, used 47533K [0x00000000e0000000, 0x00000000e6f00000, 0x00000000f5580000)
  object space 113664K, 41% used [0x00000000e0000000,0x00000000e2e6b6b8,0x00000000e6f00000)
 Metaspace       used 83367K, capacity 90560K, committed 90792K, reserved 1128448K
  class space    used 10245K, capacity 12417K, committed 12464K, reserved 1048576K
Event: 74.630 GC heap after
Heap after GC invocations=17 (full 3):
 PSYoungGen      total 116224K, used 17873K [0x00000000f5580000, 0x00000000fe680000, 0x0000000100000000)
  eden space 89088K, 0% used [0x00000000f5580000,0x00000000f5580000,0x00000000fac80000)
  from space 27136K, 65% used [0x00000000fcc00000,0x00000000fdd74570,0x00000000fe680000)
  to   space 29696K, 0% used [0x00000000fac80000,0x00000000fac80000,0x00000000fc980000)
 ParOldGen       total 113664K, used 53829K [0x00000000e0000000, 0x00000000e6f00000, 0x00000000f5580000)
  object space 113664K, 47% used [0x00000000e0000000,0x00000000e3491660,0x00000000e6f00000)
 Metaspace       used 83367K, capacity 90560K, committed 90792K, reserved 1128448K
  class space    used 10245K, capacity 12417K, committed 12464K, reserved 1048576K
}
Event: 119.126 GC heap before
{Heap before GC invocations=18 (full 3):
 PSYoungGen      total 116224K, used 106961K [0x00000000f5580000, 0x00000000fe680000, 0x0000000100000000)
  eden space 89088K, 100% used [0x00000000f5580000,0x00000000fac80000,0x00000000fac80000)
  from space 27136K, 65% used [0x00000000fcc00000,0x00000000fdd74570,0x00000000fe680000)
  to   space 29696K, 0% used [0x00000000fac80000,0x00000000fac80000,0x00000000fc980000)
 ParOldGen       total 113664K, used 53829K [0x00000000e0000000, 0x00000000e6f00000, 0x00000000f5580000)
  object space 113664K, 47% used [0x00000000e0000000,0x00000000e3491660,0x00000000e6f00000)
 Metaspace       used 84398K, capacity 91784K, committed 91944K, reserved 1128448K
  class space    used 10299K, capacity 12485K, committed 12592K, reserved 1048576K
Event: 119.135 GC heap after
Heap after GC invocations=18 (full 3):
 PSYoungGen      total 118784K, used 17332K [0x00000000f5580000, 0x00000000fed00000, 0x0000000100000000)
  eden space 89088K, 0% used [0x00000000f5580000,0x00000000f5580000,0x00000000fac80000)
  from space 29696K, 58% used [0x00000000fac80000,0x00000000fbd6d240,0x00000000fc980000)
  to   space 29184K, 0% used [0x00000000fd080000,0x00000000fd080000,0x00000000fed00000)
 ParOldGen       total 113664K, used 53837K [0x00000000e0000000, 0x00000000e6f00000, 0x00000000f5580000)
  object space 113664K, 47% used [0x00000000e0000000,0x00000000e3493660,0x00000000e6f00000)
 Metaspace       used 84398K, capacity 91784K, committed 91944K, reserved 1128448K
  class space    used 10299K, capacity 12485K, committed 12592K, reserved 1048576K
}
Event: 155.813 GC heap before
{Heap before GC invocations=19 (full 3):
 PSYoungGen      total 118784K, used 106420K [0x00000000f5580000, 0x00000000fed00000, 0x0000000100000000)
  eden space 89088K, 100% used [0x00000000f5580000,0x00000000fac80000,0x00000000fac80000)
  from space 29696K, 58% used [0x00000000fac80000,0x00000000fbd6d240,0x00000000fc980000)
  to   space 29184K, 0% used [0x00000000fd080000,0x00000000fd080000,0x00000000fed00000)
 ParOldGen       total 113664K, used 53837K [0x00000000e0000000, 0x00000000e6f00000, 0x00000000f5580000)
  object space 113664K, 47% used [0x00000000e0000000,0x00000000e3493660,0x00000000e6f00000)
 Metaspace       used 86547K, capacity 93704K, committed 93992K, reserved 1130496K
  class space    used 10570K, capacity 12780K, committed 12848K, reserved 1048576K
Event: 155.848 GC heap after
Heap after GC invocations=19 (full 3):
 PSYoungGen      total 123904K, used 19731K [0x00000000f5580000, 0x00000000fec80000, 0x0000000100000000)
  eden space 95232K, 0% used [0x00000000f5580000,0x00000000f5580000,0x00000000fb280000)
  from space 28672K, 68% used [0x00000000fd080000,0x00000000fe3c4ff8,0x00000000fec80000)
  to   space 29696K, 0% used [0x00000000fb280000,0x00000000fb280000,0x00000000fcf80000)
 ParOldGen       total 113664K, used 53845K [0x00000000e0000000, 0x00000000e6f00000, 0x00000000f5580000)
  object space 113664K, 47% used [0x00000000e0000000,0x00000000e3495660,0x00000000e6f00000)
 Metaspace       used 86547K, capacity 93704K, committed 93992K, reserved 1130496K
  class space    used 10570K, capacity 12780K, committed 12848K, reserved 1048576K
}

Deoptimization events (10 events):
Event: 241.985 Thread 0x000000001d479800 Uncommon trap: reason=class_check action=maybe_recompile pc=0x00000000049d3b30 method=org.eclipse.e4.core.internal.contexts.TrackableComputationExt.update(Lorg/eclipse/e4/core/internal/contexts/ContextChangeEvent;)Z @ 62
Event: 241.985 Thread 0x000000001d479800 Uncommon trap: reason=class_check action=maybe_recompile pc=0x00000000049d3b30 method=org.eclipse.e4.core.internal.contexts.TrackableComputationExt.update(Lorg/eclipse/e4/core/internal/contexts/ContextChangeEvent;)Z @ 62
Event: 241.998 Thread 0x0000000019804000 Uncommon trap: reason=predicate action=maybe_recompile pc=0x0000000004a559fc method=java.util.Arrays.fill([Ljava/lang/Object;Ljava/lang/Object;)V @ 10
Event: 242.004 Thread 0x0000000019804000 Uncommon trap: reason=array_check action=maybe_recompile pc=0x0000000004b26318 method=java.util.Arrays.fill([Ljava/lang/Object;Ljava/lang/Object;)V @ 13
Event: 242.004 Thread 0x0000000019804000 Uncommon trap: reason=array_check action=maybe_recompile pc=0x0000000004b26318 method=java.util.Arrays.fill([Ljava/lang/Object;Ljava/lang/Object;)V @ 13
Event: 242.004 Thread 0x0000000019804000 Uncommon trap: reason=array_check action=maybe_recompile pc=0x0000000004b26318 method=java.util.Arrays.fill([Ljava/lang/Object;Ljava/lang/Object;)V @ 13
Event: 242.004 Thread 0x0000000019804000 Uncommon trap: reason=array_check action=maybe_recompile pc=0x0000000004b26318 method=java.util.Arrays.fill([Ljava/lang/Object;Ljava/lang/Object;)V @ 13
Event: 242.947 Thread 0x000000001d479800 Uncommon trap: reason=unstable_if action=reinterpret pc=0x00000000037b68f0 method=org.eclipse.osgi.internal.hooks.EclipseLazyStarter.shouldActivateFor(Ljava/lang/String;Lorg/eclipse/osgi/container/Module;Lorg/eclipse/osgi/container/ModuleRevision;Lorg/ecli'Þ\W§_n@
Event: 242.989 Thread 0x000000001d477000 Uncommon trap: reason=unstable_if action=reinterpret pc=0x00000000034f6a44 method=org.eclipse.osgi.internal.loader.ModuleClassLoader.lockClassName(Ljava/lang/String;)Z @ 57
Event: 243.026 Thread 0x000000001d479800 Uncommon trap: reason=unstable_if action=reinterpret pc=0x0000000003f8aa8c method=sun.reflect.UnsafeStaticObjectFieldAccessorImpl.set(Ljava/lang/Object;Ljava/lang/Object;)V @ 13

Internal exceptions (10 events):
Event: 241.952 Thread 0x00000000028ae000 Exception <a 'java/io/FileNotFoundException'> (0x00000000fa3b0698) thrown at [C:\re\workspace\8-2-build-windows-amd64-cygwin\jdk8u66\5298\hotspot\src\share\vm\prims\jni.cpp, line 709]
Event: 241.952 Thread 0x00000000028ae000 Exception <a 'java/io/FileNotFoundException'> (0x00000000fa3b2550) thrown at [C:\re\workspace\8-2-build-windows-amd64-cygwin\jdk8u66\5298\hotspot\src\share\vm\prims\jni.cpp, line 709]
Event: 241.952 Thread 0x00000000028ae000 Exception <a 'java/io/FileNotFoundException'> (0x00000000fa3b4558) thrown at [C:\re\workspace\8-2-build-windows-amd64-cygwin\jdk8u66\5298\hotspot\src\share\vm\prims\jni.cpp, line 709]
Event: 242.388 Thread 0x000000001ce80800 Exception <a 'java/lang/InterruptedException'> (0x00000000fa88a800) thrown at [C:\re\workspace\8-2-build-windows-amd64-cygwin\jdk8u66\5298\hotspot\src\share\vm\runtime\objectMonitor.cpp, line 1683]
Event: 242.958 Thread 0x000000001d478800 Exception <a 'java/lang/InterruptedException'> (0x00000000fab135d8) thrown at [C:\re\workspace\8-2-build-windows-amd64-cygwin\jdk8u66\5298\hotspot\src\share\vm\runtime\objectMonitor.cpp, line 1683]
Event: 243.013 Thread 0x0000000018d27800 Exception <a 'java/lang/InterruptedException'> (0x00000000fa458e98) thrown at [C:\re\workspace\8-2-build-windows-amd64-cygwin\jdk8u66\5298\hotspot\src\share\vm\runtime\objectMonitor.cpp, line 1683]
Event: 243.026 Thread 0x000000001d479800 Implicit null exception at 0x0000000003f8a777 to 0x0000000003f8aa79
Event: 243.026 Thread 0x0000000019804000 Exception <a 'java/lang/InterruptedException'> (0x00000000fad47c90) thrown at [C:\re\workspace\8-2-build-windows-amd64-cygwin\jdk8u66\5298\hotspot\src\share\vm\runtime\objectMonitor.cpp, line 1683]
Event: 243.038 Thread 0x0000000019217800 Exception <a 'java/lang/InterruptedException'> (0x00000000faf3dcc0) thrown at [C:\re\workspace\8-2-build-windows-amd64-cygwin\jdk8u66\5298\hotspot\src\share\vm\runtime\objectMonitor.cpp, line 1683]
Event: 243.039 Thread 0x0000000018d26800 Exception <a 'java/lang/InterruptedException'> (0x00000000f6fdfbf0) thrown at [C:\re\workspace\8-2-build-windows-amd64-cygwin\jdk8u66\5298\hotspot\src\share\vm\runtime\objectMonitor.cpp, line 1683]

Events (10 events):
Event: 243.039 Executing VM operation: RevokeBias
Event: 243.039 Executing VM operation: RevokeBias done
Event: 243.040 Thread 0x000000001d479800 Thread exited: 0x000000001d479800
Event: 243.041 loading class java/util/IdentityHashMap$KeyIterator
Event: 243.041 loading class java/util/IdentityHashMap$IdentityHashMapIterator
Event: 243.041 loading class java/util/IdentityHashMap$IdentityHashMapIterator done
Event: 243.041 loading class java/util/IdentityHashMap$KeyIterator done
Event: 243.041 Thread 0x000000001d478000 Thread added: 0x000000001d478000
Event: 243.041 Thread 0x000000001d478000 Thread exited: 0x000000001d478000
Event: 243.042 Executing VM operation: Exit


Dynamic libraries:
0x0000000000400000 - 0x000000000044f000 	C:\Xilinx\SDK\2016.2\eclipse\win64.o\eclipse.exe
0x00007ff81d230000 - 0x00007ff81d425000 	C:\WINDOWS\SYSTEM32\ntdll.dll
0x00007ff81b9d0000 - 0x00007ff81ba8e000 	C:\WINDOWS\System32\KERNEL32.DLL
0x00007ff81abd0000 - 0x00007ff81ae98000 	C:\WINDOWS\System32\KERNELBASE.dll
0x00007ff81bc30000 - 0x00007ff81bdd1000 	C:\WINDOWS\System32\USER32.dll
0x00007ff81a940000 - 0x00007ff81a962000 	C:\WINDOWS\System32\win32u.dll
0x00007ff81b760000 - 0x00007ff81b78b000 	C:\WINDOWS\System32\GDI32.dll
0x00007ff81b050000 - 0x00007ff81b15d000 	C:\WINDOWS\System32\gdi32full.dll
0x00007ff81aa70000 - 0x00007ff81ab0d000 	C:\WINDOWS\System32\msvcp_win.dll
0x00007ff81a970000 - 0x00007ff81aa70000 	C:\WINDOWS\System32\ucrtbase.dll
0x00007ff81bb90000 - 0x00007ff81bc2e000 	C:\WINDOWS\System32\msvcrt.dll
0x00007ff801150000 - 0x00007ff8013ea000 	C:\WINDOWS\WinSxS\amd64_microsoft.windows.common-controls_6595b64144ccf1df_6.0.19041.1110_none_60b5254171f9507e\COMCTL32.dll
0x00007ff81d1c0000 - 0x00007ff81d1f0000 	C:\WINDOWS\System32\IMM32.DLL
0x0000000072000000 - 0x0000000072012000 	C:\Xilinx\SDK\2016.2\eclipse\win64.o\plugins\org.eclipse.equinox.launcher.win32.win32.x86_64_1.1.300.v20150602-1417\eclipse_1611.dll
0x00007ff81b3a0000 - 0x00007ff81b44c000 	C:\WINDOWS\System32\ADVAPI32.dll
0x00007ff81b860000 - 0x00007ff81b8fb000 	C:\WINDOWS\System32\sechost.dll
0x00007ff81cc10000 - 0x00007ff81cd3a000 	C:\WINDOWS\System32\RPCRT4.dll
0x00007ff80e230000 - 0x00007ff80e23a000 	C:\WINDOWS\SYSTEM32\VERSION.dll
0x00007ff8142a0000 - 0x00007ff81433e000 	C:\WINDOWS\system32\uxtheme.dll
0x00007ff81c890000 - 0x00007ff81cbe5000 	C:\WINDOWS\System32\combase.dll
0x00007ff81b590000 - 0x00007ff81b6a5000 	C:\WINDOWS\System32\MSCTF.dll
0x00007ff81b790000 - 0x00007ff81b85d000 	C:\WINDOWS\System32\OLEAUT32.dll
0x000000006a7f0000 - 0x000000006b079000 	C:\Xilinx\SDK\2016.2\tps\win64\jre\bin\server\jvm.dll
0x00007ff81bb00000 - 0x00007ff81bb08000 	C:\WINDOWS\System32\PSAPI.DLL
0x00007ffff4c60000 - 0x00007ffff4c69000 	C:\WINDOWS\SYSTEM32\WSOCK32.dll
0x00007ff8015a0000 - 0x00007ff8015c7000 	C:\WINDOWS\SYSTEM32\WINMM.dll
0x000000006b330000 - 0x000000006b402000 	C:\WINDOWS\SYSTEM32\MSVCR100.dll
0x00007ff81be90000 - 0x00007ff81befb000 	C:\WINDOWS\System32\WS2_32.dll
0x000000006a6b0000 - 0x000000006a6bf000 	C:\Xilinx\SDK\2016.2\tps\win64\jre\bin\verify.dll
0x000000006a680000 - 0x000000006a6a9000 	C:\Xilinx\SDK\2016.2\tps\win64\jre\bin\java.dll
0x000000006a660000 - 0x000000006a676000 	C:\Xilinx\SDK\2016.2\tps\win64\jre\bin\zip.dll
0x00007ff81c140000 - 0x00007ff81c884000 	C:\WINDOWS\System32\SHELL32.dll
0x00007ff8186f0000 - 0x00007ff818e84000 	C:\WINDOWS\SYSTEM32\windows.storage.dll
0x00007ff81a390000 - 0x00007ff81a3be000 	C:\WINDOWS\SYSTEM32\Wldp.dll
0x00007ff81b6b0000 - 0x00007ff81b75d000 	C:\WINDOWS\System32\SHCORE.dll
0x00007ff81b960000 - 0x00007ff81b9b5000 	C:\WINDOWS\System32\shlwapi.dll
0x00007ff81a880000 - 0x00007ff81a89f000 	C:\WINDOWS\SYSTEM32\profapi.dll
0x00007ff81a2f0000 - 0x00007ff81a308000 	C:\WINDOWS\SYSTEM32\CRYPTSP.dll
0x00007ff8198f0000 - 0x00007ff819924000 	C:\WINDOWS\system32\rsaenh.dll
0x00007ff81aba0000 - 0x00007ff81abc7000 	C:\WINDOWS\System32\bcrypt.dll
0x00007ff81a840000 - 0x00007ff81a86e000 	C:\WINDOWS\SYSTEM32\USERENV.dll
0x00007ff81ab10000 - 0x00007ff81ab92000 	C:\WINDOWS\System32\bcryptprimitives.dll
0x00007ff81a2e0000 - 0x00007ff81a2ec000 	C:\WINDOWS\SYSTEM32\CRYPTBASE.dll
0x000000006a640000 - 0x000000006a65a000 	C:\Xilinx\SDK\2016.2\tps\win64\jre\bin\net.dll
0x00007ff81a0f0000 - 0x00007ff81a15a000 	C:\WINDOWS\system32\mswsock.dll
0x00007ff819d90000 - 0x00007ff819dcb000 	C:\WINDOWS\SYSTEM32\IPHLPAPI.DLL
0x00007ff81b9c0000 - 0x00007ff81b9c8000 	C:\WINDOWS\System32\NSI.dll
0x00007ff80e300000 - 0x00007ff80e317000 	C:\WINDOWS\SYSTEM32\dhcpcsvc6.DLL
0x00007ff80e6f0000 - 0x00007ff80e70d000 	C:\WINDOWS\SYSTEM32\dhcpcsvc.DLL
0x00007ff819de0000 - 0x00007ff819eab000 	C:\WINDOWS\SYSTEM32\DNSAPI.dll
0x000000006a620000 - 0x000000006a631000 	C:\Xilinx\SDK\2016.2\tps\win64\jre\bin\nio.dll
0x00007ff8190b0000 - 0x00007ff8190c2000 	C:\WINDOWS\SYSTEM32\kernel.appcore.dll
0x00007ff804340000 - 0x00007ff804439000 	C:\WINDOWS\SYSTEM32\textinputframework.dll
0x00007ff813f20000 - 0x00007ff814012000 	C:\WINDOWS\System32\CoreMessaging.dll
0x00007ff813bc0000 - 0x00007ff813f1e000 	C:\WINDOWS\System32\CoreUIComponents.dll
0x00007ff819520000 - 0x00007ff819553000 	C:\WINDOWS\SYSTEM32\ntmarta.dll
0x00007ff812860000 - 0x00007ff8129b4000 	C:\WINDOWS\SYSTEM32\wintypes.dll
0x00007fffe2bf0000 - 0x00007fffe2c07000 	C:\WINDOWS\system32\napinsp.dll
0x00007fffe2bd0000 - 0x00007fffe2beb000 	C:\WINDOWS\system32\pnrpnsp.dll
0x00007ff811830000 - 0x00007ff811845000 	C:\WINDOWS\system32\wshbth.dll
0x00007ff812610000 - 0x00007ff81262d000 	C:\WINDOWS\system32\NLAapi.dll
0x00007fffe2c10000 - 0x00007fffe2c22000 	C:\WINDOWS\System32\winrnr.dll
0x00007ff80e710000 - 0x00007ff80e71a000 	C:\Windows\System32\rasadhlp.dll
0x00007ff8006e0000 - 0x00007ff80075f000 	C:\WINDOWS\System32\fwpuclnt.dll
0x000000001b290000 - 0x000000001b338000 	C:\Users\song\.Xilinx\SDK\2016.2\org.eclipse.osgi\312\0\.cp\swt-win32-4527.dll
0x00007ff81b270000 - 0x00007ff81b39a000 	C:\WINDOWS\System32\ole32.dll
0x00007ff81b450000 - 0x00007ff81b52a000 	C:\WINDOWS\System32\comdlg32.dll
0x00007ff81aea0000 - 0x00007ff81aff6000 	C:\WINDOWS\System32\CRYPT32.dll
0x00007ff803db0000 - 0x00007ff803e45000 	C:\WINDOWS\SYSTEM32\WINSPOOL.DRV
0x00007ff806a80000 - 0x00007ff806a99000 	C:\WINDOWS\SYSTEM32\USP10.dll
0x00007ffff7470000 - 0x00007ffff7948000 	C:\WINDOWS\SYSTEM32\WININET.dll
0x00007ff8120c0000 - 0x00007ff8121b6000 	C:\WINDOWS\SYSTEM32\propsys.dll
0x00007ff81bde0000 - 0x00007ff81be89000 	C:\WINDOWS\System32\clbcatq.dll
0x00007ff81b000000 - 0x00007ff81b04e000 	C:\WINDOWS\System32\cfgmgr32.dll
0x000000001b900000 - 0x000000001b91e000 	C:\Users\song\.Xilinx\SDK\2016.2\org.eclipse.osgi\312\0\.cp\swt-gdip-win32-4527.dll
0x00007ff8013f0000 - 0x00007ff801599000 	C:\WINDOWS\WinSxS\amd64_microsoft.windows.gdiplus_6595b64144ccf1df_1.1.19041.1348_none_91a2627ccc89e3fb\gdiplus.dll
0x00007ff80e800000 - 0x00007ff80e9b4000 	C:\WINDOWS\SYSTEM32\WindowsCodecs.dll
0x0000000180000000 - 0x0000000180012000 	C:\Users\song\.Xilinx\SDK\2016.2\org.eclipse.osgi\126\0\.cp\os\win32\x86_64\localfile_1_0_0.dll
0x00007ffff80c0000 - 0x00007ffff816c000 	C:\WINDOWS\SYSTEM32\TextShaping.dll
0x00007ff803d40000 - 0x00007ff803da6000 	C:\WINDOWS\SYSTEM32\oleacc.dll
0x00007ff8075d0000 - 0x00007ff8075d7000 	C:\WINDOWS\SYSTEM32\msimg32.dll
0x00007ffff55c0000 - 0x00007ffff55d1000 	C:\Users\song\.Xilinx\SDK\2016.2\org.eclipse.osgi\129\0\.cp\jWinHttp-1.0.0.dll
0x00007ff819980000 - 0x00007ff819a8c000 	C:\WINDOWS\SYSTEM32\WINHTTP.dll
0x00007ff8022e0000 - 0x00007ff8022ef000 	C:\Xilinx\SDK\2016.2\lib\win64.o\librdi_repo_manager.dll
0x00007fff82e10000 - 0x00007fff83850000 	C:\Xilinx\SDK\2016.2\lib\win64.o\librdi_common.dll
0x00007fffaafb0000 - 0x00007fffab1a2000 	C:\Xilinx\SDK\2016.2\lib\win64.o\librdi_hsm.dll
0x00007fffea3a0000 - 0x00007fffea3ca000 	C:\Xilinx\SDK\2016.2\lib\win64.o\libisl_sysinfo.dll
0x00007fffde100000 - 0x00007fffde154000 	C:\Xilinx\SDK\2016.2\lib\win64.o\librdi_commonxillic.dll
0x00007fffd6b40000 - 0x00007fffd6be7000 	C:\WINDOWS\SYSTEM32\MSVCP110.dll
0x00007fffca2d0000 - 0x00007fffca3a4000 	C:\WINDOWS\SYSTEM32\MSVCR110.dll
0x00007fff82aa0000 - 0x00007fff82e0e000 	C:\Xilinx\SDK\2016.2\lib\win64.o\libCOIN-all.dll
0x00007fffe9c20000 - 0x00007fffe9c44000 	C:\Xilinx\SDK\2016.2\lib\win64.o\libboost_filesystem.dll
0x00007ff801b70000 - 0x00007ff801b80000 	C:\Xilinx\SDK\2016.2\lib\win64.o\libboost_date_time.dll
0x00007fff82880000 - 0x00007fff82a9f000 	C:\Xilinx\SDK\2016.2\lib\win64.o\libXil_lmgr11.dll
0x00007ff81b160000 - 0x00007ff81b1c0000 	C:\WINDOWS\System32\WINTRUST.dll
0x00007fffd72c0000 - 0x00007fffd7337000 	C:\Xilinx\SDK\2016.2\lib\win64.o\libboost_program_options.dll
0x00007ffff4c70000 - 0x00007ffff4c83000 	C:\Xilinx\SDK\2016.2\lib\win64.o\libboost_signals.dll
0x00007fffd71b0000 - 0x00007fffd72b6000 	C:\Xilinx\SDK\2016.2\lib\win64.o\libboost_regex.dll
0x00007ff801aa0000 - 0x00007ff801aa9000 	C:\Xilinx\SDK\2016.2\lib\win64.o\libboost_system.dll
0x00007ffff1440000 - 0x00007ffff145d000 	C:\Xilinx\SDK\2016.2\lib\win64.o\libboost_thread.dll
0x00007ff8016d0000 - 0x00007ff8016db000 	C:\Xilinx\SDK\2016.2\lib\win64.o\libboost_xilinx.dll
0x00007fffd04f0000 - 0x00007fffd0570000 	C:\Xilinx\SDK\2016.2\lib\win64.o\libhdlpsolve.dll
0x00007fffc2070000 - 0x00007fffc210a000 	C:\Xilinx\SDK\2016.2\lib\win64.o\libhdxml.dll
0x00007fffe9b70000 - 0x00007fffe9b85000 	C:\Xilinx\SDK\2016.2\lib\win64.o\pthreadVC2.dll
0x00007fff82410000 - 0x00007fff82875e00 	C:\Xilinx\SDK\2016.2\lib\win64.o\libisl_iostreams.dll
0x00007fffb5d20000 - 0x00007fffb5e50000 	C:\Xilinx\SDK\2016.2\lib\win64.o\librdi_curl.dll
0x00007fffe90e0000 - 0x00007fffe9103000 	C:\Xilinx\SDK\2016.2\lib\win64.o\librdizlib.dll
0x00007fffe9b50000 - 0x00007fffe9b68000 	C:\Xilinx\SDK\2016.2\lib\win64.o\librdiconfig.dll
0x000000006a6c0000 - 0x000000006a7e7000 	C:\Xilinx\SDK\2016.2\lib\win64.o\tcl85t.dll
0x00007ff803f30000 - 0x00007ff80411b000 	C:\WINDOWS\SYSTEM32\urlmon.dll
0x00007ffffbe70000 - 0x00007ffffbe93000 	C:\WINDOWS\SYSTEM32\VCOMP110.DLL
0x00007fffdb120000 - 0x00007fffdb163000 	C:\Xilinx\SDK\2016.2\lib\win64.o\librdi_hdf.dll
0x00007fff82180000 - 0x00007fff82401000 	C:\Xilinx\SDK\2016.2\lib\win64.o\librdi_ippcw.dll
0x00007ff80e260000 - 0x00007ff80e278000 	C:\WINDOWS\SYSTEM32\NETAPI32.dll
0x00007fffe8570000 - 0x00007fffe8586000 	C:\Xilinx\SDK\2016.2\lib\win64.o\libboost_iostreams.dll
0x00007ff801010000 - 0x00007ff80101b000 	C:\Xilinx\SDK\2016.2\lib\win64.o\libboost_chrono.dll
0x00007fffe1880000 - 0x00007fffe18a3000 	C:\Xilinx\SDK\2016.2\lib\win64.o\libisl_iosutils.dll
0x00007ff804650000 - 0x00007ff804900000 	C:\WINDOWS\SYSTEM32\iertutil.dll
0x00007ff804950000 - 0x00007ff804978000 	C:\WINDOWS\SYSTEM32\srvcli.dll
0x00007ff819dd0000 - 0x00007ff819ddc000 	C:\WINDOWS\SYSTEM32\netutils.dll
0x0000000027ef0000 - 0x0000000028153000 	C:\Xilinx\SDK\2016.2\lib\win64.o\xerces-c_3_1.dll
0x00007ff81a520000 - 0x00007ff81a532000 	C:\WINDOWS\SYSTEM32\MSASN1.dll
0x00007fffd7e90000 - 0x00007fffd7eb4000 	C:\WINDOWS\SYSTEM32\edputil.dll
0x00007ff80f670000 - 0x00007ff80f6da000 	C:\WINDOWS\system32\Ninput.dll
0x0000000071080000 - 0x00000000710a6000 	C:\Xilinx\SDK\2016.2\eclipse\win64.o\plugins\gnu.io.rxtx.win32.x86_64_2.1.7.3_v20071015\os\win32\x86_64\rxtxSerial.dll
0x00007ff801860000 - 0x00007ff801876000 	C:\Xilinx\SDK\2016.2\eclipse\win64.o\plugins\org.eclipse.cdt.core.win32.x86_64_5.4.0.201509131935\os\win32\x86_64\spawner.dll
0x00007ff801850000 - 0x00007ff80185a000 	C:\Xilinx\SDK\2016.2\lib\win64.o\librdi_jtag_settings.dll
0x00007fffe96d0000 - 0x00007fffe96f9000 	C:\Xilinx\SDK\2016.2\lib\win64.o\librdi_debug_dialog.dll

VM Arguments:
jvm_args: -Dcom.xilinx.sdk.args.hwspec=C:/xup/LEDcounter_scutimer_interrupt/LEDcounter_scutimer_interrupt.sdk/LEDcounter_scutimer_interrupt_wrapper.hdf -Xms64m -Xmx512m & 
java_command: <unknown>
java_class_path (initial): C:\Xilinx\SDK\2016.2\eclipse\win64.o\\plugins/org.eclipse.equinox.launcher_1.3.100.v20150511-1540.jar
Launcher Type: generic

Environment Variables:
PATH=C:/Xilinx/SDK/2016.2/tps/win64/jre/bin/server;C:/Xilinx/SDK/2016.2/tps/win64/jre/bin;C:/Xilinx/SDK/2016.2/tps/win64/jre/lib/amd64;C:\Xilinx\SDK\2016.2\gnuwin\bin;C:\Xilinx\SDK\2016.2\gnu\microblaze\nt\bin;C:\Xilinx\SDK\2016.2\gnu\microblaze\linux_toolchain\nt64_le\bin;C:\Xilinx\SDK\2016.2\gnu\microblaze\linux_toolchain\nt64_be\bin;C:\Xilinx\SDK\2016.2\gnu\arm\nt\bin;C:\Xilinx\SDK\2016.2\gnu\aarch64\nt\aarch64-none\bin;C:\Xilinx\SDK\2016.2\gnu\aarch64\nt\aarch64-linux\bin;C:\Xilinx\SDK\2016.2\gnu\armr5\nt\gcc-arm-none-eabi\bin;C:\Xilinx\SDK\2016.2\gnu\aarch32\nt\gcc-arm-none-eabi\bin;C:\Xilinx\SDK\2016.2\gnu\aarch32\nt\gcc-arm-linux-gnueabi\bin;C:\Xilinx\SDK\2016.2\tps\win64\cmake-3.3.2\bin;;C:\Xilinx\SDK\2016.2\bin;C:\Xilinx\SDK\2016.2\lib\win64.o;C:\Xilinx\SDK\2016.2\tps\win64\jre\bin\server;C:\Xilinx\SDK\2016.2\tps\win64\jre\bin;C:\Xilinx\Vivado\2016.2\ids_lite\ISE\bin\nt64;C:\Xilinx\Vivado\2016.2\ids_lite\ISE\lib\nt64;C:\Xilinx\Vivado\2016.2\bin;C:\Xilinx\Vivado\2016.2\lib\win64.o;C:\Xilinx\Vivado\2016.2\tps\win64\jre\bin\server;C:\Xilinx\Vivado\2016.2\tps\win64\jre\bin;C:\Xilinx\Vivado_HLS\2016.2\bin;C:\Program Files (x86)\Microchip\xc8\v1.00\bin;C:\Program Files\VanDyke Software\Clients\;C:\WINDOWS\system32;C:\WINDOWS;C:\WINDOWS\System32\Wbem;C:\WINDOWS\System32\WindowsPowerShell\v1.0\;C:\WINDOWS\System32\OpenSSH\;C:\Program Files\Git\cmd;C:\Program Files (x86)\IVI Foundation\VISA\WinNT\Bin\;C:\Program Files\IVI Foundation\VISA\Win64\Bin\;C:\Program Files\Microchip\xc8\v2.20\bin;C:\Program Files\Microchip\xc8\v2.31\bin;C:\Program Files (x86)\SimpleIDE\propeller-gcc\bin;;C:\Program Files\Microchip\xc8\v2.32\bin;C:\Users\song\AppData\Local\Microsoft\WindowsApps;C:\Users\song\AppData\Local\GitHubDesktop\bin;C:\xup\LEDcounter_scutimer_interrupt;
USERNAME=song
OS=Windows_NT
PROCESSOR_IDENTIFIER=Intel64 Family 6 Model 158 Stepping 10, GenuineIntel



---------------  S Y S T E M  ---------------

OS: Windows 10.0 , 64 bit Build 19041 (10.0.19041.1348)

CPU:total 12 (6 cores per cpu, 2 threads per core) family 6 model 158 stepping 10, cmov, cx8, fxsr, mmx, sse, sse2, sse3, ssse3, sse4.1, sse4.2, popcnt, avx, avx2, aes, clmul, erms, 3dnowpref, lzcnt, ht, tsc, tscinvbit, bmi1, bmi2, adx

Memory: 4k page, physical 16505464k(8492840k free), swap 18995832k(9143760k free)

vm_info: Java HotSpot(TM) 64-Bit Server VM (25.66-b18) for windows-amd64 JRE (1.8.0_66-b18), built on Nov  9 2015 10:51:13 by "java_re" with MS VC++ 10.0 (VS2010)

time: Wed Jan 12 12:31:38 2022
elapsed time: 243 seconds (0d 0h 4m 3s)

