#
# A fatal error has been detected by the Java Runtime Environment:
#
#  EXCEPTION_UNCAUGHT_CXX_EXCEPTION (0xe06d7363) at pc=0x00007ff81ac04f69, pid=13500, tid=4188
#
# JRE version: Java(TM) SE Runtime Environment (8.0_66-b18) (build 1.8.0_66-b18)
# Java VM: Java HotSpot(TM) 64-Bit Server VM (25.66-b18 mixed mode windows-amd64 compressed oops)
# Problematic frame:
# C  [KERNELBASE.dll+0x34f69]
#
# Failed to write core dump. Minidumps are not enabled by default on client versions of Windows
#
# If you would like to submit a bug report, please visit:
#   http://bugreport.java.com/bugreport/crash.jsp
#

---------------  T H R E A D  ---------------

Current thread (0x0000000015a32800):  VMThread [stack: 0x0000000016ac0000,0x0000000016bc0000] [id=4188]

siginfo: ExceptionCode=0xe06d7363, ExceptionInformation=0x0000000019930520 0x0000000016bbf318 0x00007fffca382cb8 0x00007fffca2d0000 

Registers:
RAX=0x0000000016bbeb50, RBX=0x00007fffca382cb8, RCX=0x0000000000000000, RDX=0x0000000000150000
RSP=0x0000000016bbf160, RBP=0x0000000016bbf2a0, RSI=0x00000000ffffffff, RDI=0x00000000005d38f0
R8 =0x0000000000000000, R9 =0x000025e000000000, R10=0x0000000000000000, R11=0x0000000100000000
R12=0x0000000000000001, R13=0x0000000000000008, R14=0x0000000000000000, R15=0xffffffffffffffff
RIP=0x00007ff81ac04f69, EFLAGS=0x0000000000000202

Top of Stack: (sp=0x0000000016bbf160)
0x0000000016bbf160:   00007fffca2eee90 00007fffca382cb8
0x0000000016bbf170:   00000000ffffffff 0000000000000000
0x0000000016bbf180:   00000001e06d7363 0000000000000000
0x0000000016bbf190:   00007ff81ac04f69 0000000000000004
0x0000000016bbf1a0:   0000000019930520 0000000016bbf318
0x0000000016bbf1b0:   00007fffca382cb8 00007fffca2d0000
0x0000000016bbf1c0:   0000000000000008 0000000000000001
0x0000000016bbf1d0:   00000000ffffffff 0000000016bbf2a0
0x0000000016bbf1e0:   0000000016bbf2b0 00007ff81d264a5f
0x0000000016bbf1f0:   00000000005d38f0 00007ff800000000
0x0000000016bbf200:   000025e08beacb7b 00000000000003ff
0x0000000016bbf210:   00007fffca399000 00007fffca2d0000
0x0000000016bbf220:   000049d1d3993ead 0000000000365240
0x0000000016bbf230:   00007fffca382cb8 00007fffca32e92c
0x0000000016bbf240:   ffffffff0000001f 0000000000000000
0x0000000016bbf250:   0000000000000008 0000000000000001 

Instructions: (pc=0x00007ff81ac04f69)
0x00007ff81ac04f49:   8b d1 44 0f 47 c0 44 89 44 24 38 49 c1 e0 03 e8
0x00007ff81ac04f59:   1a d5 05 00 48 8d 4c 24 20 48 ff 15 9f 9d 18 00
0x00007ff81ac04f69:   0f 1f 44 00 00 48 8b 8c 24 c0 00 00 00 48 33 cc
0x00007ff81ac04f79:   e8 52 97 05 00 48 81 c4 d8 00 00 00 c3 cc 83 64 


Register to memory mapping:

RAX=0x0000000016bbeb50 is an unknown value
RBX=0x00007fffca382cb8 is an unknown value
RCX=0x0000000000000000 is an unknown value
RDX=0x0000000000150000 is pointing into the stack for thread: 0x00000000029be000
RSP=0x0000000016bbf160 is an unknown value
RBP=0x0000000016bbf2a0 is an unknown value
RSI=0x00000000ffffffff is an unallocated location in the heap
RDI=0x00000000005d38f0 is an unknown value
R8 =0x0000000000000000 is an unknown value
R9 =0x000025e000000000 is an unknown value
R10=0x0000000000000000 is an unknown value
R11=0x0000000100000000 is pointing into metadata
R12=0x0000000000000001 is an unknown value
R13=0x0000000000000008 is an unknown value
R14=0x0000000000000000 is an unknown value
R15=0xffffffffffffffff is an unknown value


Stack: [0x0000000016ac0000,0x0000000016bc0000],  sp=0x0000000016bbf160,  free space=1020k
Native frames: (J=compiled Java code, j=interpreted, Vv=VM code, C=native code)
C  [KERNELBASE.dll+0x34f69]
C  [MSVCR110.dll+0x5e92c]
C  [MSVCR110.dll+0x1315c]
C  [MSVCR110.dll+0x136a9]
C  [MSVCR110.dll+0x13e9c]
C  [MSVCR110.dll+0x239e]
C  [MSVCR110.dll+0xaf9e]
C  [MSVCP110.dll+0x397b9]
C  [librdi_common.dll+0x182316]
C  [librdi_common.dll+0x180fab]
C  0x00007ff806ca2400
C  0x00007ff806ca2682
C  [ntdll.dll+0x19a1d]
C  [ntdll.dll+0x5db91]
C  [ntdll.dll+0x5da2d]
C  [KERNEL32.DLL+0x1e0ab]
C  [MSVCR100.dll+0x20ccd]
V  [jvm.dll+0x210cc5]
V  [jvm.dll+0x249897]
V  [jvm.dll+0x248b36]
V  [jvm.dll+0x248fd1]
V  [jvm.dll+0x2491ee]
V  [jvm.dll+0x29a0fa]
C  [MSVCR100.dll+0x21d9f]
C  [MSVCR100.dll+0x21e3b]
C  [KERNEL32.DLL+0x17034]
C  [ntdll.dll+0x52651]

VM_Operation (0x000000000014f490): Exit, mode: safepoint, requested by thread 0x00000000029be000


---------------  P R O C E S S  ---------------

Java Threads: ( => current thread )
  0x000000001981a800 JavaThread "Spawner Reaper" daemon [_thread_in_native, id=14020, stack(0x0000000027f70000,0x0000000028070000)]
  0x000000002107a800 JavaThread "pool-2-thread-1" [_thread_blocked, id=5132, stack(0x000000002a550000,0x000000002a650000)]
  0x0000000021076000 JavaThread "Thread-76" daemon [_thread_blocked, id=8852, stack(0x000000002a050000,0x000000002a150000)]
  0x000000001920a800 JavaThread "TCF Channel Transmitter" daemon [_thread_blocked, id=4192, stack(0x0000000022030000,0x0000000022130000)]
  0x0000000019211800 JavaThread "TCF Channel Receiver" daemon [_thread_in_native, id=10424, stack(0x0000000021f30000,0x0000000022030000)]
  0x000000001920d000 JavaThread "Process monitor" daemon [_thread_in_native, id=14144, stack(0x000000002eb20000,0x000000002ec20000)]
  0x000000001920e800 JavaThread "Input Stream Monitor" daemon [_thread_blocked, id=5552, stack(0x000000002ea20000,0x000000002eb20000)]
  0x000000001920f000 JavaThread "Output Stream Monitor" daemon [_thread_in_native, id=12304, stack(0x000000002e680000,0x000000002e780000)]
  0x0000000019204000 JavaThread "Output Stream Monitor" daemon [_thread_in_native, id=11732, stack(0x000000002dc10000,0x000000002dd10000)]
  0x0000000018d66000 JavaThread "TCF Locator DNS Lookup" daemon [_thread_blocked, id=8972, stack(0x0000000025960000,0x0000000025a60000)]
  0x0000000018d65000 JavaThread "TCF Locator Timer" daemon [_thread_blocked, id=10468, stack(0x0000000025860000,0x0000000025960000)]
  0x0000000018d64800 JavaThread "TCF Locator Receiver" daemon [_thread_in_native, id=3532, stack(0x0000000025760000,0x0000000025860000)]
  0x0000000018d63800 JavaThread "TCF Timer Dispatcher" daemon [_thread_blocked, id=15164, stack(0x0000000023e70000,0x0000000023f70000)]
  0x0000000018db3000 JavaThread "EMF Reference Cleaner" daemon [_thread_blocked, id=15504, stack(0x000000001a5d0000,0x000000001a6d0000)]
  0x0000000015ad6800 JavaThread "Service Thread" daemon [_thread_blocked, id=2592, stack(0x00000000174c0000,0x00000000175c0000)]
  0x0000000015a97800 JavaThread "C1 CompilerThread3" daemon [_thread_blocked, id=8976, stack(0x00000000173c0000,0x00000000174c0000)]
  0x0000000015a72800 JavaThread "C2 CompilerThread2" daemon [_thread_blocked, id=10448, stack(0x00000000172c0000,0x00000000173c0000)]
  0x0000000015a6e000 JavaThread "C2 CompilerThread1" daemon [_thread_blocked, id=9176, stack(0x00000000171c0000,0x00000000172c0000)]
  0x0000000015a65000 JavaThread "C2 CompilerThread0" daemon [_thread_blocked, id=10236, stack(0x00000000170c0000,0x00000000171c0000)]
  0x0000000015a5f000 JavaThread "Attach Listener" daemon [_thread_blocked, id=9908, stack(0x0000000016fc0000,0x00000000170c0000)]
  0x0000000015a5e000 JavaThread "Signal Dispatcher" daemon [_thread_blocked, id=4892, stack(0x0000000016ec0000,0x0000000016fc0000)]
  0x00000000028cd800 JavaThread "Finalizer" daemon [_thread_blocked, id=9808, stack(0x0000000016cc0000,0x0000000016dc0000)]
  0x000000001437d000 JavaThread "Reference Handler" daemon [_thread_blocked, id=11736, stack(0x0000000016bc0000,0x0000000016cc0000)]
  0x00000000029be000 JavaThread "main" [_thread_blocked, id=6944, stack(0x0000000000050000,0x0000000000150000)]

Other Threads:
=>0x0000000015a32800 VMThread [stack: 0x0000000016ac0000,0x0000000016bc0000] [id=4188]

VM state:at safepoint (shutting down)

VM Mutex/Monitor currently owned by a thread:  ([mutex/lock_event])
[0x00000000029bda60] Threads_lock - owner thread: 0x0000000015a32800

Heap:
 PSYoungGen      total 130048K, used 100464K [0x00000000f5580000, 0x00000000ff300000, 0x0000000100000000)
  eden space 100864K, 81% used [0x00000000f5580000,0x00000000fa6419a0,0x00000000fb800000)
  from space 29184K, 60% used [0x00000000fd680000,0x00000000fe7da698,0x00000000ff300000)
  to   space 30208K, 0% used [0x00000000fb800000,0x00000000fb800000,0x00000000fd580000)
 ParOldGen       total 110080K, used 54157K [0x00000000e0000000, 0x00000000e6b80000, 0x00000000f5580000)
  object space 110080K, 49% used [0x00000000e0000000,0x00000000e34e3440,0x00000000e6b80000)
 Metaspace       used 98790K, capacity 106366K, committed 106624K, reserved 1140736K
  class space    used 12231K, capacity 14654K, committed 14720K, reserved 1048576K

Card table byte_map: [0x0000000011d80000,0x0000000011e90000] byte_map_base: 0x0000000011680000

Marking Bits: (ParMarkBitMap*) 0x000000006affa5b0
 Begin Bits: [0x0000000012890000, 0x0000000013090000)
 End Bits:   [0x0000000013090000, 0x0000000013890000)

Polling page: 0x0000000002660000

CodeCache: size=245760Kb used=41932Kb max_used=42405Kb free=203827Kb
 bounds [0x00000000029c0000, 0x0000000005370000, 0x00000000119c0000]
 total_blobs=12340 nmethods=11423 adapters=823
 compilation: enabled

Compilation events (10 events):
Event: 225.535 Thread 0x0000000015a97800 14178       3       org.eclipse.osgi.internal.container.AtomicLazyInitializer::getAndClear (9 bytes)
Event: 225.535 Thread 0x0000000015a6e000 14186       4       java.util.concurrent.locks.AbstractQueuedSynchronizer::release (33 bytes)
Event: 225.535 Thread 0x0000000015a97800 nmethod 14178 0x00000000051a88d0 code [0x00000000051a8a40, 0x00000000051a8c90]
Event: 225.535 Thread 0x0000000015a97800 14179       3       java.util.concurrent.atomic.AtomicReference::getAndSet (12 bytes)
Event: 225.535 Thread 0x0000000015a97800 nmethod 14179 0x0000000003204790 code [0x00000000032048e0, 0x0000000003204a50]
Event: 225.535 Thread 0x0000000015a97800 14180       3       sun.misc.Unsafe::getAndSetObject (24 bytes)
Event: 225.535 Thread 0x0000000015a72800 nmethod 14185 0x0000000002e0c910 code [0x0000000002e0ca40, 0x0000000002e0cab8]
Event: 225.535 Thread 0x0000000015a97800 nmethod 14180 0x0000000003283e50 code [0x0000000003283fc0, 0x00000000032841d0]
Event: 225.535 Thread 0x0000000015a97800 14181       3       org.eclipse.osgi.internal.framework.EquinoxContainerAdaptor::invalidateWiring (186 bytes)
Event: 225.536 Thread 0x0000000015a6e000 nmethod 14186 0x0000000003e3c910 code [0x0000000003e3ca60, 0x0000000003e3cb28]

GC Heap History (10 events):
Event: 91.839 GC heap before
{Heap before GC invocations=22 (full 4):
 PSYoungGen      total 117760K, used 88576K [0x00000000f5580000, 0x00000000fea00000, 0x0000000100000000)
  eden space 88576K, 100% used [0x00000000f5580000,0x00000000fac00000,0x00000000fac00000)
  from space 29184K, 0% used [0x00000000fac00000,0x00000000fac00000,0x00000000fc880000)
  to   space 30208K, 0% used [0x00000000fcc80000,0x00000000fcc80000,0x00000000fea00000)
 ParOldGen       total 110080K, used 54125K [0x00000000e0000000, 0x00000000e6b80000, 0x00000000f5580000)
  object space 110080K, 49% used [0x00000000e0000000,0x00000000e34db440,0x00000000e6b80000)
 Metaspace       used 84513K, capacity 91374K, committed 91520K, reserved 1128448K
  class space    used 10202K, capacity 12380K, committed 12416K, reserved 1048576K
Event: 91.850 GC heap after
Heap after GC invocations=22 (full 4):
 PSYoungGen      total 121344K, used 3748K [0x00000000f5580000, 0x00000000fee80000, 0x0000000100000000)
  eden space 91136K, 0% used [0x00000000f5580000,0x00000000f5580000,0x00000000fae80000)
  from space 30208K, 12% used [0x00000000fcc80000,0x00000000fd029140,0x00000000fea00000)
  to   space 30720K, 0% used [0x00000000fae80000,0x00000000fae80000,0x00000000fcc80000)
 ParOldGen       total 110080K, used 54133K [0x00000000e0000000, 0x00000000e6b80000, 0x00000000f5580000)
  object space 110080K, 49% used [0x00000000e0000000,0x00000000e34dd440,0x00000000e6b80000)
 Metaspace       used 84513K, capacity 91374K, committed 91520K, reserved 1128448K
  class space    used 10202K, capacity 12380K, committed 12416K, reserved 1048576K
}
Event: 92.042 GC heap before
{Heap before GC invocations=23 (full 4):
 PSYoungGen      total 121344K, used 94884K [0x00000000f5580000, 0x00000000fee80000, 0x0000000100000000)
  eden space 91136K, 100% used [0x00000000f5580000,0x00000000fae80000,0x00000000fae80000)
  from space 30208K, 12% used [0x00000000fcc80000,0x00000000fd029140,0x00000000fea00000)
  to   space 30720K, 0% used [0x00000000fae80000,0x00000000fae80000,0x00000000fcc80000)
 ParOldGen       total 110080K, used 54133K [0x00000000e0000000, 0x00000000e6b80000, 0x00000000f5580000)
  object space 110080K, 49% used [0x00000000e0000000,0x00000000e34dd440,0x00000000e6b80000)
 Metaspace       used 84516K, capacity 91374K, committed 91520K, reserved 1128448K
  class space    used 10202K, capacity 12380K, committed 12416K, reserved 1048576K
Event: 92.045 GC heap after
Heap after GC invocations=23 (full 4):
 PSYoungGen      total 121856K, used 1975K [0x00000000f5580000, 0x00000000ff280000, 0x0000000100000000)
  eden space 91136K, 0% used [0x00000000f5580000,0x00000000f5580000,0x00000000fae80000)
  from space 30720K, 6% used [0x00000000fae80000,0x00000000fb06dc70,0x00000000fcc80000)
  to   space 31232K, 0% used [0x00000000fd400000,0x00000000fd400000,0x00000000ff280000)
 ParOldGen       total 110080K, used 54133K [0x00000000e0000000, 0x00000000e6b80000, 0x00000000f5580000)
  object space 110080K, 49% used [0x00000000e0000000,0x00000000e34dd440,0x00000000e6b80000)
 Metaspace       used 84516K, capacity 91374K, committed 91520K, reserved 1128448K
  class space    used 10202K, capacity 12380K, committed 12416K, reserved 1048576K
}
Event: 146.474 GC heap before
{Heap before GC invocations=24 (full 4):
 PSYoungGen      total 121856K, used 93111K [0x00000000f5580000, 0x00000000ff280000, 0x0000000100000000)
  eden space 91136K, 100% used [0x00000000f5580000,0x00000000fae80000,0x00000000fae80000)
  from space 30720K, 6% used [0x00000000fae80000,0x00000000fb06dc70,0x00000000fcc80000)
  to   space 31232K, 0% used [0x00000000fd400000,0x00000000fd400000,0x00000000ff280000)
 ParOldGen       total 110080K, used 54133K [0x00000000e0000000, 0x00000000e6b80000, 0x00000000f5580000)
  object space 110080K, 49% used [0x00000000e0000000,0x00000000e34dd440,0x00000000e6b80000)
 Metaspace       used 87767K, capacity 95418K, committed 95616K, reserved 1132544K
  class space    used 10624K, capacity 13071K, committed 13184K, reserved 1048576K
Event: 146.479 GC heap after
Heap after GC invocations=24 (full 4):
 PSYoungGen      total 124416K, used 7071K [0x00000000f5580000, 0x00000000fef00000, 0x0000000100000000)
  eden space 96768K, 0% used [0x00000000f5580000,0x00000000f5580000,0x00000000fb400000)
  from space 27648K, 25% used [0x00000000fd400000,0x00000000fdae7e20,0x00000000fef00000)
  to   space 30208K, 0% used [0x00000000fb400000,0x00000000fb400000,0x00000000fd180000)
 ParOldGen       total 110080K, used 54141K [0x00000000e0000000, 0x00000000e6b80000, 0x00000000f5580000)
  object space 110080K, 49% used [0x00000000e0000000,0x00000000e34df440,0x00000000e6b80000)
 Metaspace       used 87767K, capacity 95418K, committed 95616K, reserved 1132544K
  class space    used 10624K, capacity 13071K, committed 13184K, reserved 1048576K
}
Event: 154.851 GC heap before
{Heap before GC invocations=25 (full 4):
 PSYoungGen      total 124416K, used 103839K [0x00000000f5580000, 0x00000000fef00000, 0x0000000100000000)
  eden space 96768K, 100% used [0x00000000f5580000,0x00000000fb400000,0x00000000fb400000)
  from space 27648K, 25% used [0x00000000fd400000,0x00000000fdae7e20,0x00000000fef00000)
  to   space 30208K, 0% used [0x00000000fb400000,0x00000000fb400000,0x00000000fd180000)
 ParOldGen       total 110080K, used 54141K [0x00000000e0000000, 0x00000000e6b80000, 0x00000000f5580000)
  object space 110080K, 49% used [0x00000000e0000000,0x00000000e34df440,0x00000000e6b80000)
 Metaspace       used 95478K, capacity 103316K, committed 103680K, reserved 1138688K
  class space    used 11856K, capacity 14225K, committed 14336K, reserved 1048576K
Event: 154.860 GC heap after
Heap after GC invocations=25 (full 4):
 PSYoungGen      total 126976K, used 16408K [0x00000000f5580000, 0x00000000ff400000, 0x0000000100000000)
  eden space 96768K, 0% used [0x00000000f5580000,0x00000000f5580000,0x00000000fb400000)
  from space 30208K, 54% used [0x00000000fb400000,0x00000000fc406238,0x00000000fd180000)
  to   space 30208K, 0% used [0x00000000fd680000,0x00000000fd680000,0x00000000ff400000)
 ParOldGen       total 110080K, used 54149K [0x00000000e0000000, 0x00000000e6b80000, 0x00000000f5580000)
  object space 110080K, 49% used [0x00000000e0000000,0x00000000e34e1440,0x00000000e6b80000)
 Metaspace       used 95478K, capacity 103316K, committed 103680K, reserved 1138688K
  class space    used 11856K, capacity 14225K, committed 14336K, reserved 1048576K
}
Event: 193.441 GC heap before
{Heap before GC invocations=26 (full 4):
 PSYoungGen      total 126976K, used 113176K [0x00000000f5580000, 0x00000000ff400000, 0x0000000100000000)
  eden space 96768K, 100% used [0x00000000f5580000,0x00000000fb400000,0x00000000fb400000)
  from space 30208K, 54% used [0x00000000fb400000,0x00000000fc406238,0x00000000fd180000)
  to   space 30208K, 0% used [0x00000000fd680000,0x00000000fd680000,0x00000000ff400000)
 ParOldGen       total 110080K, used 54149K [0x00000000e0000000, 0x00000000e6b80000, 0x00000000f5580000)
  object space 110080K, 49% used [0x00000000e0000000,0x00000000e34e1440,0x00000000e6b80000)
 Metaspace       used 97262K, capacity 105126K, committed 105216K, reserved 1140736K
  class space    used 12092K, capacity 14550K, committed 14592K, reserved 1048576K
Event: 193.473 GC heap after
Heap after GC invocations=26 (full 4):
 PSYoungGen      total 130048K, used 17769K [0x00000000f5580000, 0x00000000ff300000, 0x0000000100000000)
  eden space 100864K, 0% used [0x00000000f5580000,0x00000000f5580000,0x00000000fb800000)
  from space 29184K, 60% used [0x00000000fd680000,0x00000000fe7da698,0x00000000ff300000)
  to   space 30208K, 0% used [0x00000000fb800000,0x00000000fb800000,0x00000000fd580000)
 ParOldGen       total 110080K, used 54157K [0x00000000e0000000, 0x00000000e6b80000, 0x00000000f5580000)
  object space 110080K, 49% used [0x00000000e0000000,0x00000000e34e3440,0x00000000e6b80000)
 Metaspace       used 97262K, capacity 105126K, committed 105216K, reserved 1140736K
  class space    used 12092K, capacity 14550K, committed 14592K, reserved 1048576K
}

Deoptimization events (10 events):
Event: 224.742 Thread 0x0000000017c79000 Uncommon trap: reason=predicate action=maybe_recompile pc=0x0000000003ace31c method=java.util.Arrays.fill([Ljava/lang/Object;Ljava/lang/Object;)V @ 10
Event: 224.745 Thread 0x0000000017c79000 Uncommon trap: reason=array_check action=maybe_recompile pc=0x00000000034d6138 method=java.util.Arrays.fill([Ljava/lang/Object;Ljava/lang/Object;)V @ 13
Event: 224.745 Thread 0x0000000017c79000 Uncommon trap: reason=array_check action=maybe_recompile pc=0x00000000034d6138 method=java.util.Arrays.fill([Ljava/lang/Object;Ljava/lang/Object;)V @ 13
Event: 224.745 Thread 0x0000000017c79000 Uncommon trap: reason=array_check action=maybe_recompile pc=0x00000000034d6138 method=java.util.Arrays.fill([Ljava/lang/Object;Ljava/lang/Object;)V @ 13
Event: 224.745 Thread 0x0000000017c79000 Uncommon trap: reason=array_check action=maybe_recompile pc=0x00000000034d6138 method=java.util.Arrays.fill([Ljava/lang/Object;Ljava/lang/Object;)V @ 13
Event: 224.745 Thread 0x000000001981d000 Uncommon trap: reason=predicate action=maybe_recompile pc=0x0000000003071e90 method=java.util.concurrent.CopyOnWriteArrayList.indexOf(Ljava/lang/Object;[Ljava/lang/Object;II)I @ 41
Event: 224.745 Thread 0x000000001981d000 Uncommon trap: reason=unstable_if action=reinterpret pc=0x000000000379e330 method=org.eclipse.osgi.internal.hooks.EclipseLazyStarter.shouldActivateFor(Ljava/lang/String;Lorg/eclipse/osgi/container/Module;Lorg/eclipse/osgi/container/ModuleRevision;Lorg/ecli8m!ãl@
Event: 224.746 Thread 0x000000001981d000 Uncommon trap: reason=unstable_if action=reinterpret pc=0x0000000004cd5724 method=org.eclipse.swt.graphics.Resource.dispose()V @ 15
Event: 225.472 Thread 0x0000000019205800 Uncommon trap: reason=unstable_if action=reinterpret pc=0x0000000003e23500 method=org.eclipse.osgi.internal.loader.ModuleClassLoader.lockClassName(Ljava/lang/String;)Z @ 57
Event: 225.529 Thread 0x000000001981d000 Uncommon trap: reason=unstable_if action=reinterpret pc=0x0000000003be4950 method=sun.reflect.UnsafeStaticObjectFieldAccessorImpl.set(Ljava/lang/Object;Ljava/lang/Object;)V @ 13

Internal exceptions (10 events):
Event: 224.148 Thread 0x00000000029be000 Exception <a 'java/io/FileNotFoundException'> (0x00000000f99f4c50) thrown at [C:\re\workspace\8-2-build-windows-amd64-cygwin\jdk8u66\5298\hotspot\src\share\vm\prims\jni.cpp, line 709]
Event: 224.342 Thread 0x0000000019206000 Implicit null exception at 0x00000000049de955 to 0x00000000049dea11
Event: 224.736 Thread 0x0000000021075800 Exception <a 'java/lang/InterruptedException'> (0x00000000f9ee62e0) thrown at [C:\re\workspace\8-2-build-windows-amd64-cygwin\jdk8u66\5298\hotspot\src\share\vm\runtime\objectMonitor.cpp, line 1683]
Event: 225.374 Thread 0x0000000019210800 Exception <a 'java/lang/InterruptedException'> (0x00000000fa18a6c8) thrown at [C:\re\workspace\8-2-build-windows-amd64-cygwin\jdk8u66\5298\hotspot\src\share\vm\runtime\objectMonitor.cpp, line 1683]
Event: 225.513 Thread 0x0000000019202800 Exception <a 'java/lang/InterruptedException'> (0x00000000f9a9d478) thrown at [C:\re\workspace\8-2-build-windows-amd64-cygwin\jdk8u66\5298\hotspot\src\share\vm\runtime\objectMonitor.cpp, line 1683]
Event: 225.529 Thread 0x000000001981d000 Implicit null exception at 0x0000000003be464f to 0x0000000003be493d
Event: 225.529 Thread 0x0000000017c79000 Exception <a 'java/lang/InterruptedException'> (0x00000000fa3b3070) thrown at [C:\re\workspace\8-2-build-windows-amd64-cygwin\jdk8u66\5298\hotspot\src\share\vm\runtime\objectMonitor.cpp, line 1683]
Event: 225.533 Thread 0x0000000018d60800 Exception <a 'java/lang/InterruptedException'> (0x00000000f6663120) thrown at [C:\re\workspace\8-2-build-windows-amd64-cygwin\jdk8u66\5298\hotspot\src\share\vm\runtime\objectMonitor.cpp, line 1683]
Event: 225.533 Thread 0x0000000017ca7800 Exception <a 'java/lang/InterruptedException'> (0x00000000fa5ae2d8) thrown at [C:\re\workspace\8-2-build-windows-amd64-cygwin\jdk8u66\5298\hotspot\src\share\vm\runtime\objectMonitor.cpp, line 1683]
Event: 225.536 Thread 0x0000000019820000 Exception <a 'java/io/IOException'> (0x00000000fa62bc50) thrown at [C:\re\workspace\8-2-build-windows-amd64-cygwin\jdk8u66\5298\hotspot\src\share\vm\prims\jni.cpp, line 709]

Events (10 events):
Event: 225.535 loading class java/util/IdentityHashMap$IdentityHashMapIterator
Event: 225.535 loading class java/util/IdentityHashMap$IdentityHashMapIterator done
Event: 225.535 loading class java/util/IdentityHashMap$KeyIterator done
Event: 225.536 Thread 0x0000000019820000 Thread added: 0x0000000019820000
Event: 225.536 Executing VM operation: RevokeBias
Event: 225.536 Executing VM operation: RevokeBias done
Event: 225.536 Executing VM operation: RevokeBias
Event: 225.536 Executing VM operation: RevokeBias done
Event: 225.537 Thread 0x0000000019820000 Thread exited: 0x0000000019820000
Event: 225.537 Executing VM operation: Exit


Dynamic libraries:
0x0000000000400000 - 0x000000000044f000 	C:\Xilinx\SDK\2016.2\eclipse\win64.o\eclipse.exe
0x00007ff81d230000 - 0x00007ff81d425000 	C:\WINDOWS\SYSTEM32\ntdll.dll
0x00007ff81b9d0000 - 0x00007ff81ba8e000 	C:\WINDOWS\System32\KERNEL32.DLL
0x00007ff81abd0000 - 0x00007ff81ae98000 	C:\WINDOWS\System32\KERNELBASE.dll
0x00007ff81bc30000 - 0x00007ff81bdd1000 	C:\WINDOWS\System32\USER32.dll
0x00007ff81a940000 - 0x00007ff81a962000 	C:\WINDOWS\System32\win32u.dll
0x00007ff81b760000 - 0x00007ff81b78b000 	C:\WINDOWS\System32\GDI32.dll
0x00007ff81b050000 - 0x00007ff81b15d000 	C:\WINDOWS\System32\gdi32full.dll
0x00007ff81aa70000 - 0x00007ff81ab0d000 	C:\WINDOWS\System32\msvcp_win.dll
0x00007ff81a970000 - 0x00007ff81aa70000 	C:\WINDOWS\System32\ucrtbase.dll
0x00007ff81bb90000 - 0x00007ff81bc2e000 	C:\WINDOWS\System32\msvcrt.dll
0x00007ff801150000 - 0x00007ff8013ea000 	C:\WINDOWS\WinSxS\amd64_microsoft.windows.common-controls_6595b64144ccf1df_6.0.19041.1110_none_60b5254171f9507e\COMCTL32.dll
0x00007ff81d1c0000 - 0x00007ff81d1f0000 	C:\WINDOWS\System32\IMM32.DLL
0x0000000072000000 - 0x0000000072012000 	C:\Xilinx\SDK\2016.2\eclipse\win64.o\plugins\org.eclipse.equinox.launcher.win32.win32.x86_64_1.1.300.v20150602-1417\eclipse_1611.dll
0x00007ff81b3a0000 - 0x00007ff81b44c000 	C:\WINDOWS\System32\ADVAPI32.dll
0x00007ff81b860000 - 0x00007ff81b8fb000 	C:\WINDOWS\System32\sechost.dll
0x00007ff81cc10000 - 0x00007ff81cd3a000 	C:\WINDOWS\System32\RPCRT4.dll
0x00007ff80e230000 - 0x00007ff80e23a000 	C:\WINDOWS\SYSTEM32\VERSION.dll
0x00007ff8142a0000 - 0x00007ff81433e000 	C:\WINDOWS\system32\uxtheme.dll
0x00007ff81c890000 - 0x00007ff81cbe5000 	C:\WINDOWS\System32\combase.dll
0x00007ff81b590000 - 0x00007ff81b6a5000 	C:\WINDOWS\System32\MSCTF.dll
0x00007ff81b790000 - 0x00007ff81b85d000 	C:\WINDOWS\System32\OLEAUT32.dll
0x000000006a7f0000 - 0x000000006b079000 	C:\Xilinx\SDK\2016.2\tps\win64\jre\bin\server\jvm.dll
0x00007ff81bb00000 - 0x00007ff81bb08000 	C:\WINDOWS\System32\PSAPI.DLL
0x00007ffff4c60000 - 0x00007ffff4c69000 	C:\WINDOWS\SYSTEM32\WSOCK32.dll
0x00007ff8015a0000 - 0x00007ff8015c7000 	C:\WINDOWS\SYSTEM32\WINMM.dll
0x00007ff81be90000 - 0x00007ff81befb000 	C:\WINDOWS\System32\WS2_32.dll
0x000000006b330000 - 0x000000006b402000 	C:\WINDOWS\SYSTEM32\MSVCR100.dll
0x000000006a6b0000 - 0x000000006a6bf000 	C:\Xilinx\SDK\2016.2\tps\win64\jre\bin\verify.dll
0x000000006a680000 - 0x000000006a6a9000 	C:\Xilinx\SDK\2016.2\tps\win64\jre\bin\java.dll
0x000000006a660000 - 0x000000006a676000 	C:\Xilinx\SDK\2016.2\tps\win64\jre\bin\zip.dll
0x00007ff81c140000 - 0x00007ff81c884000 	C:\WINDOWS\System32\SHELL32.dll
0x00007ff8186f0000 - 0x00007ff818e84000 	C:\WINDOWS\SYSTEM32\windows.storage.dll
0x00007ff81a390000 - 0x00007ff81a3be000 	C:\WINDOWS\SYSTEM32\Wldp.dll
0x00007ff81b6b0000 - 0x00007ff81b75d000 	C:\WINDOWS\System32\SHCORE.dll
0x00007ff81b960000 - 0x00007ff81b9b5000 	C:\WINDOWS\System32\shlwapi.dll
0x00007ff81a880000 - 0x00007ff81a89f000 	C:\WINDOWS\SYSTEM32\profapi.dll
0x00007ff81a2f0000 - 0x00007ff81a308000 	C:\WINDOWS\SYSTEM32\CRYPTSP.dll
0x00007ff8198f0000 - 0x00007ff819924000 	C:\WINDOWS\system32\rsaenh.dll
0x00007ff81aba0000 - 0x00007ff81abc7000 	C:\WINDOWS\System32\bcrypt.dll
0x00007ff81a840000 - 0x00007ff81a86e000 	C:\WINDOWS\SYSTEM32\USERENV.dll
0x00007ff81ab10000 - 0x00007ff81ab92000 	C:\WINDOWS\System32\bcryptprimitives.dll
0x00007ff81a2e0000 - 0x00007ff81a2ec000 	C:\WINDOWS\SYSTEM32\CRYPTBASE.dll
0x000000006a640000 - 0x000000006a65a000 	C:\Xilinx\SDK\2016.2\tps\win64\jre\bin\net.dll
0x00007ff81a0f0000 - 0x00007ff81a15a000 	C:\WINDOWS\system32\mswsock.dll
0x00007ff819d90000 - 0x00007ff819dcb000 	C:\WINDOWS\SYSTEM32\IPHLPAPI.DLL
0x00007ff81b9c0000 - 0x00007ff81b9c8000 	C:\WINDOWS\System32\NSI.dll
0x00007ff80e300000 - 0x00007ff80e317000 	C:\WINDOWS\SYSTEM32\dhcpcsvc6.DLL
0x00007ff80e6f0000 - 0x00007ff80e70d000 	C:\WINDOWS\SYSTEM32\dhcpcsvc.DLL
0x00007ff819de0000 - 0x00007ff819eab000 	C:\WINDOWS\SYSTEM32\DNSAPI.dll
0x000000006a620000 - 0x000000006a631000 	C:\Xilinx\SDK\2016.2\tps\win64\jre\bin\nio.dll
0x00007ff8190b0000 - 0x00007ff8190c2000 	C:\WINDOWS\SYSTEM32\kernel.appcore.dll
0x00007ff804340000 - 0x00007ff804439000 	C:\WINDOWS\SYSTEM32\textinputframework.dll
0x00007ff813f20000 - 0x00007ff814012000 	C:\WINDOWS\System32\CoreMessaging.dll
0x00007ff813bc0000 - 0x00007ff813f1e000 	C:\WINDOWS\System32\CoreUIComponents.dll
0x00007ff819520000 - 0x00007ff819553000 	C:\WINDOWS\SYSTEM32\ntmarta.dll
0x00007ff812860000 - 0x00007ff8129b4000 	C:\WINDOWS\SYSTEM32\wintypes.dll
0x00007fffe2bf0000 - 0x00007fffe2c07000 	C:\WINDOWS\system32\napinsp.dll
0x00007fffe2bd0000 - 0x00007fffe2beb000 	C:\WINDOWS\system32\pnrpnsp.dll
0x00007ff811830000 - 0x00007ff811845000 	C:\WINDOWS\system32\wshbth.dll
0x00007ff812610000 - 0x00007ff81262d000 	C:\WINDOWS\system32\NLAapi.dll
0x00007fffe2c10000 - 0x00007fffe2c22000 	C:\WINDOWS\System32\winrnr.dll
0x00007ff80e710000 - 0x00007ff80e71a000 	C:\Windows\System32\rasadhlp.dll
0x00007ff8006e0000 - 0x00007ff80075f000 	C:\WINDOWS\System32\fwpuclnt.dll
0x000000001a2d0000 - 0x000000001a378000 	C:\Users\song\.Xilinx\SDK\2016.2\org.eclipse.osgi\312\0\.cp\swt-win32-4527.dll
0x00007ff81b270000 - 0x00007ff81b39a000 	C:\WINDOWS\System32\ole32.dll
0x00007ff81b450000 - 0x00007ff81b52a000 	C:\WINDOWS\System32\comdlg32.dll
0x00007ff81aea0000 - 0x00007ff81aff6000 	C:\WINDOWS\System32\CRYPT32.dll
0x00007ff806a80000 - 0x00007ff806a99000 	C:\WINDOWS\SYSTEM32\USP10.dll
0x00007ff803db0000 - 0x00007ff803e45000 	C:\WINDOWS\SYSTEM32\WINSPOOL.DRV
0x00007ffff7470000 - 0x00007ffff7948000 	C:\WINDOWS\SYSTEM32\WININET.dll
0x00007ff8120c0000 - 0x00007ff8121b6000 	C:\WINDOWS\SYSTEM32\propsys.dll
0x00007ff81bde0000 - 0x00007ff81be89000 	C:\WINDOWS\System32\clbcatq.dll
0x00007fffe88c0000 - 0x00007fffe8a3e000 	C:\Windows\System32\TaskFlowDataEngine.dll
0x00007fffe0d20000 - 0x00007fffe11c1000 	C:\Windows\System32\cdp.dll
0x00007ff81b000000 - 0x00007ff81b04e000 	C:\WINDOWS\System32\cfgmgr32.dll
0x00007ff819d70000 - 0x00007ff819d82000 	C:\Windows\System32\UMPDC.dll
0x00007ff8113a0000 - 0x00007ff8114df000 	C:\Windows\System32\dsreg.dll
0x00007ff819a90000 - 0x00007ff819b1a000 	C:\Windows\System32\msvcp110_win.dll
0x00007ffff13a0000 - 0x00007ffff141d000 	C:\Windows\System32\OneCoreCommonProxyStub.dll
0x000000001a9b0000 - 0x000000001a9ce000 	C:\Users\song\.Xilinx\SDK\2016.2\org.eclipse.osgi\312\0\.cp\swt-gdip-win32-4527.dll
0x00007ff8013f0000 - 0x00007ff801599000 	C:\WINDOWS\WinSxS\amd64_microsoft.windows.gdiplus_6595b64144ccf1df_1.1.19041.1348_none_91a2627ccc89e3fb\gdiplus.dll
0x00007ff80e800000 - 0x00007ff80e9b4000 	C:\WINDOWS\SYSTEM32\WindowsCodecs.dll
0x00007ffff80c0000 - 0x00007ffff816c000 	C:\WINDOWS\SYSTEM32\TextShaping.dll
0x00007ff803d40000 - 0x00007ff803da6000 	C:\WINDOWS\SYSTEM32\oleacc.dll
0x00007fffdfb60000 - 0x00007fffdfba2000 	C:\WINDOWS\system32\mlang.dll
0x00007ffffbaa0000 - 0x00007ffffbade000 	C:\WINDOWS\system32\dataexchange.dll
0x00007ff813650000 - 0x00007ff813835000 	C:\WINDOWS\system32\dcomp.dll
0x00007ff8129c0000 - 0x00007ff812c24000 	C:\WINDOWS\system32\d3d11.dll
0x00007ff819120000 - 0x00007ff819214000 	C:\WINDOWS\system32\dxgi.dll
0x00007ff80fca0000 - 0x00007ff80fea1000 	C:\WINDOWS\system32\twinapi.appcore.dll
0x00007fffc97d0000 - 0x00007fffc9f2e000 	C:\Windows\System32\ieframe.dll
0x00007ff804650000 - 0x00007ff804900000 	C:\Windows\System32\iertutil.dll
0x00007ff819980000 - 0x00007ff819a8c000 	C:\Windows\System32\WINHTTP.dll
0x00007ff80e260000 - 0x00007ff80e278000 	C:\Windows\System32\NETAPI32.dll
0x00007ff819b20000 - 0x00007ff819b37000 	C:\Windows\System32\WKSCLI.DLL
0x00007ff819dd0000 - 0x00007ff819ddc000 	C:\Windows\System32\NETUTILS.DLL
0x00007ff81bb10000 - 0x00007ff81bb89000 	C:\WINDOWS\System32\coml2.dll
0x00007ff803f30000 - 0x00007ff80411b000 	C:\WINDOWS\SYSTEM32\urlmon.dll
0x00007ff804950000 - 0x00007ff804978000 	C:\WINDOWS\SYSTEM32\srvcli.dll
0x00007ff81a750000 - 0x00007ff81a7f2000 	C:\WINDOWS\SYSTEM32\sxs.dll
0x00007ff800fb0000 - 0x00007ff801004000 	C:\WINDOWS\SYSTEM32\msIso.dll
0x00007fffb3900000 - 0x00007fffb4f77000 	C:\Windows\System32\mshtml.dll
0x00007ff81a800000 - 0x00007ff81a831000 	C:\Windows\System32\SspiCli.dll
0x00007ff819eb0000 - 0x00007ff819efb000 	C:\WINDOWS\SYSTEM32\powrprof.dll
0x00007fffe4490000 - 0x00007fffe44bc000 	C:\Windows\System32\srpapi.dll
0x00007fffce590000 - 0x00007fffce670000 	C:\Windows\System32\ieapfltr.dll
0x00007fffb6890000 - 0x00007fffb6d46000 	C:\Windows\System32\jscript9.dll
0x00007fffe8810000 - 0x00007fffe8822000 	C:\WINDOWS\system32\msimtf.dll
0x00007ffff7310000 - 0x00007ffff731c000 	C:\WINDOWS\SYSTEM32\Secur32.dll
0x00007ffffc420000 - 0x00007ffffc716000 	C:\Windows\System32\uiautomationcore.dll
0x00007ff812c30000 - 0x00007ff8131f0000 	C:\Windows\System32\d2d1.dll
0x00007ff803a70000 - 0x00007ff803cf3000 	C:\Windows\System32\DWrite.dll
0x00007ff80c520000 - 0x00007ff80c55b000 	C:\WINDOWS\SYSTEM32\dxcore.dll
0x00007ff806cc0000 - 0x00007ff806cd1000 	C:\Users\song\.Xilinx\SDK\2016.2\org.eclipse.osgi\129\0\.cp\jWinHttp-1.0.0.dll
0x0000000027cd0000 - 0x0000000027ce2000 	C:\Users\song\.Xilinx\SDK\2016.2\org.eclipse.osgi\126\0\.cp\os\win32\x86_64\localfile_1_0_0.dll
0x00007ff811940000 - 0x00007ff81194f000 	C:\Xilinx\SDK\2016.2\lib\win64.o\librdi_repo_manager.dll
0x00007ffffdde0000 - 0x00007ffffde34000 	C:\Xilinx\SDK\2016.2\lib\win64.o\librdi_commonxillic.dll
0x00007ff801aa0000 - 0x00007ff801aca000 	C:\Xilinx\SDK\2016.2\lib\win64.o\libisl_sysinfo.dll
0x00007fff82e10000 - 0x00007fff83850000 	C:\Xilinx\SDK\2016.2\lib\win64.o\librdi_common.dll
0x00007fffd7210000 - 0x00007fffd7402000 	C:\Xilinx\SDK\2016.2\lib\win64.o\librdi_hsm.dll
0x00007fffca2d0000 - 0x00007fffca3a4000 	C:\WINDOWS\SYSTEM32\MSVCR110.dll
0x00007fffd6b40000 - 0x00007fffd6be7000 	C:\WINDOWS\SYSTEM32\MSVCP110.dll
0x00007ff804230000 - 0x00007ff804239000 	C:\Xilinx\SDK\2016.2\lib\win64.o\libboost_system.dll
0x00007ff801850000 - 0x00007ff801874000 	C:\Xilinx\SDK\2016.2\lib\win64.o\libboost_filesystem.dll
0x00007fffca630000 - 0x00007fffca84f000 	C:\Xilinx\SDK\2016.2\lib\win64.o\libXil_lmgr11.dll
0x00007fffca520000 - 0x00007fffca626000 	C:\Xilinx\SDK\2016.2\lib\win64.o\libboost_regex.dll
0x00007ff81b160000 - 0x00007ff81b1c0000 	C:\WINDOWS\System32\WINTRUST.dll

VM Arguments:
jvm_args: -Dcom.xilinx.sdk.args.hwspec=C:/xup/LEDcounter_scutimer_interrupt/LEDcounter_scutimer_interrupt.sdk/LEDcounter_scutimer_interrupt_wrapper.hdf -Xms64m -Xmx512m & 
java_command: <unknown>
java_class_path (initial): C:\Xilinx\SDK\2016.2\eclipse\win64.o\\plugins/org.eclipse.equinox.launcher_1.3.100.v20150511-1540.jar
Launcher Type: generic

Environment Variables:
PATH=C:/Xilinx/SDK/2016.2/tps/win64/jre/bin/server;C:/Xilinx/SDK/2016.2/tps/win64/jre/bin;C:/Xilinx/SDK/2016.2/tps/win64/jre/lib/amd64;C:\Xilinx\SDK\2016.2\gnuwin\bin;C:\Xilinx\SDK\2016.2\gnu\microblaze\nt\bin;C:\Xilinx\SDK\2016.2\gnu\microblaze\linux_toolchain\nt64_le\bin;C:\Xilinx\SDK\2016.2\gnu\microblaze\linux_toolchain\nt64_be\bin;C:\Xilinx\SDK\2016.2\gnu\arm\nt\bin;C:\Xilinx\SDK\2016.2\gnu\aarch64\nt\aarch64-none\bin;C:\Xilinx\SDK\2016.2\gnu\aarch64\nt\aarch64-linux\bin;C:\Xilinx\SDK\2016.2\gnu\armr5\nt\gcc-arm-none-eabi\bin;C:\Xilinx\SDK\2016.2\gnu\aarch32\nt\gcc-arm-none-eabi\bin;C:\Xilinx\SDK\2016.2\gnu\aarch32\nt\gcc-arm-linux-gnueabi\bin;C:\Xilinx\SDK\2016.2\tps\win64\cmake-3.3.2\bin;;C:\Xilinx\SDK\2016.2\bin;C:\Xilinx\SDK\2016.2\lib\win64.o;C:\Xilinx\SDK\2016.2\tps\win64\jre\bin\server;C:\Xilinx\SDK\2016.2\tps\win64\jre\bin;C:\Xilinx\Vivado\2016.2\ids_lite\ISE\bin\nt64;C:\Xilinx\Vivado\2016.2\ids_lite\ISE\lib\nt64;C:\Xilinx\Vivado\2016.2\bin;C:\Xilinx\Vivado\2016.2\lib\win64.o;C:\Xilinx\Vivado\2016.2\tps\win64\jre\bin\server;C:\Xilinx\Vivado\2016.2\tps\win64\jre\bin;C:\Xilinx\Vivado_HLS\2016.2\bin;C:\Program Files (x86)\Microchip\xc8\v1.00\bin;C:\Program Files\VanDyke Software\Clients\;C:\WINDOWS\system32;C:\WINDOWS;C:\WINDOWS\System32\Wbem;C:\WINDOWS\System32\WindowsPowerShell\v1.0\;C:\WINDOWS\System32\OpenSSH\;C:\Program Files\Git\cmd;C:\Program Files (x86)\IVI Foundation\VISA\WinNT\Bin\;C:\Program Files\IVI Foundation\VISA\Win64\Bin\;C:\Program Files\Microchip\xc8\v2.20\bin;C:\Program Files\Microchip\xc8\v2.31\bin;C:\Program Files (x86)\SimpleIDE\propeller-gcc\bin;;C:\Program Files\Microchip\xc8\v2.32\bin;C:\Users\song\AppData\Local\Microsoft\WindowsApps;C:\Users\song\AppData\Local\GitHubDesktop\bin;C:\xup\LEDcounter_scutimer_interrupt;
USERNAME=song
OS=Windows_NT
PROCESSOR_IDENTIFIER=Intel64 Family 6 Model 158 Stepping 10, GenuineIntel



---------------  S Y S T E M  ---------------

OS: Windows 10.0 , 64 bit Build 19041 (10.0.19041.1348)

CPU:total 12 (6 cores per cpu, 2 threads per core) family 6 model 158 stepping 10, cmov, cx8, fxsr, mmx, sse, sse2, sse3, ssse3, sse4.1, sse4.2, popcnt, avx, avx2, aes, clmul, erms, 3dnowpref, lzcnt, ht, tsc, tscinvbit, bmi1, bmi2, adx

Memory: 4k page, physical 16505464k(8810372k free), swap 18995832k(8819068k free)

vm_info: Java HotSpot(TM) 64-Bit Server VM (25.66-b18) for windows-amd64 JRE (1.8.0_66-b18), built on Nov  9 2015 10:51:13 by "java_re" with MS VC++ 10.0 (VS2010)

time: Wed Jan 12 12:36:18 2022
elapsed time: 226 seconds (0d 0h 3m 46s)

