Copyright 1986-2019 Xilinx, Inc. All Rights Reserved.
------------------------------------------------------------------------------------
| Tool Version : Vivado v.2019.2 (lin64) Build 2708876 Wed Nov  6 21:39:14 MST 2019
| Date         : Mon Jan 17 11:21:29 2022
| Host         : skilletLaptop running 64-bit Debian GNU/Linux 11 (bullseye)
| Command      : upgrade_ip
| Device       : xc7z010clg400-1
------------------------------------------------------------------------------------

Upgrade Log for IP 'LEDcounter_scutimer_interrupt_rst_processing_system7_0_100M_0'

1. Summary
----------

SUCCESS in the upgrade of LEDcounter_scutimer_interrupt_rst_processing_system7_0_100M_0 (xilinx.com:ip:proc_sys_reset:5.0) from (Rev. 9) to (Rev. 13)






Copyright 1986-2019 Xilinx, Inc. All Rights Reserved.
------------------------------------------------------------------------------------
| Tool Version : Vivado v.2019.2 (lin64) Build 2708876 Wed Nov  6 21:39:14 MST 2019
| Date         : Mon Jan 17 11:21:29 2022
| Host         : skilletLaptop running 64-bit Debian GNU/Linux 11 (bullseye)
| Command      : upgrade_ip
| Device       : xc7z010clg400-1
------------------------------------------------------------------------------------

Upgrade Log for IP 'LEDcounter_scutimer_interrupt_processing_system7_0_axi_periph_0'

1. Summary
----------

SUCCESS in the upgrade of LEDcounter_scutimer_interrupt_processing_system7_0_axi_periph_0 (xilinx.com:ip:axi_interconnect:2.1) from (Rev. 10) to (Rev. 21)






Copyright 1986-2019 Xilinx, Inc. All Rights Reserved.
------------------------------------------------------------------------------------
| Tool Version : Vivado v.2019.2 (lin64) Build 2708876 Wed Nov  6 21:39:14 MST 2019
| Date         : Mon Jan 17 11:21:28 2022
| Host         : skilletLaptop running 64-bit Debian GNU/Linux 11 (bullseye)
| Command      : upgrade_ip
| Device       : xc7z010clg400-1
------------------------------------------------------------------------------------

Upgrade Log for IP 'LEDcounter_scutimer_interrupt_processing_system7_0_0'

1. Summary
----------

SUCCESS in the upgrade of LEDcounter_scutimer_interrupt_processing_system7_0_0 (xilinx.com:ip:processing_system7:5.5) from (Rev. 3) to (Rev. 6)

2. Upgrade messages
-------------------

WARNING: upgrade cannot add parameter PCW_TRACE_INTERNAL_WIDTH with default value 32 : a parameter called PCW_TRACE_INTERNAL_WIDTH already exists in processing_system7_v5_5
WARNING: upgrade cannot add parameter PCW_USE_AXI_NONSECURE with default value 0 : a parameter called PCW_USE_AXI_NONSECURE already exists in processing_system7_v5_5
WARNING: upgrade cannot add parameter PCW_EN_PTP_ENET0 with default value 1 : a parameter called PCW_EN_PTP_ENET0 already exists in processing_system7_v5_5
WARNING: upgrade cannot add parameter PCW_EN_PTP_ENET0 with default value 1 : a parameter called PCW_EN_PTP_ENET0 already exists in processing_system7_v5_5
Added parameter PCW_GP0_NUM_WRITE_THREADS with value 4 (source 'default')
Added parameter PCW_GP0_NUM_READ_THREADS with value 4 (source 'default')
Added parameter PCW_GP1_NUM_WRITE_THREADS with value 4 (source 'default')
Added parameter PCW_GP1_NUM_READ_THREADS with value 4 (source 'default')
Added parameter PCW_GP0_EN_MODIFIABLE_TXN with value 0 (source 'default')
Added parameter PCW_GP1_EN_MODIFIABLE_TXN with value 0 (source 'default')






Copyright 1986-2019 Xilinx, Inc. All Rights Reserved.
------------------------------------------------------------------------------------
| Tool Version : Vivado v.2019.2 (lin64) Build 2708876 Wed Nov  6 21:39:14 MST 2019
| Date         : Mon Jan 17 11:21:28 2022
| Host         : skilletLaptop running 64-bit Debian GNU/Linux 11 (bullseye)
| Command      : upgrade_ip
| Device       : xc7z010clg400-1
------------------------------------------------------------------------------------

Upgrade Log for IP 'LEDcounter_scutimer_interrupt_axi_gpio_0_0'

1. Summary
----------

SUCCESS in the upgrade of LEDcounter_scutimer_interrupt_axi_gpio_0_0 (xilinx.com:ip:axi_gpio:2.0) from (Rev. 11) to (Rev. 22)

