#
# A fatal error has been detected by the Java Runtime Environment:
#
#  EXCEPTION_UNCAUGHT_CXX_EXCEPTION (0xe06d7363) at pc=0x00007ffa0354d759, pid=20732, tid=16316
#
# JRE version: Java(TM) SE Runtime Environment (8.0_66-b18) (build 1.8.0_66-b18)
# Java VM: Java HotSpot(TM) 64-Bit Server VM (25.66-b18 mixed mode windows-amd64 compressed oops)
# Problematic frame:
# C  [KERNELBASE.dll+0x2d759]
#
# Failed to write core dump. Minidumps are not enabled by default on client versions of Windows
#
# If you would like to submit a bug report, please visit:
#   http://bugreport.java.com/bugreport/crash.jsp
#

---------------  T H R E A D  ---------------

Current thread (0x0000000015a72800):  VMThread [stack: 0x0000000016b10000,0x0000000016c10000] [id=16316]

siginfo: ExceptionCode=0xe06d7363, ExceptionInformation=0x0000000019930520 0x0000000016c0f318 0x00007ff9c1fd2cb8 0x00007ff9c1f20000 

Registers:
RAX=0x0000000016c0eb50, RBX=0x00007ff9c1fd2cb8, RCX=0x0000000000000000, RDX=0x0000000000150000
RSP=0x0000000016c0f160, RBP=0x0000000016c0f2a0, RSI=0x00000000ffffffff, RDI=0x00000000005d8b00
R8 =0x0000000000000000, R9 =0x00002a7100000000, R10=0x0000000000000000, R11=0x0000000100000000
R12=0x0000000000000001, R13=0x0000000000000008, R14=0x0000000000000000, R15=0xffffffffffffffff
RIP=0x00007ffa0354d759, EFLAGS=0x0000000000000202

Top of Stack: (sp=0x0000000016c0f160)
0x0000000016c0f160:   00007ff9c1f3ee90 00007ff9c1fd2cb8
0x0000000016c0f170:   00000000ffffffff 000000001df5a440
0x0000000016c0f180:   00000001e06d7363 0000000000000000
0x0000000016c0f190:   00007ffa0354d759 0000000000000004
0x0000000016c0f1a0:   0000000019930520 0000000016c0f318
0x0000000016c0f1b0:   00007ff9c1fd2cb8 00007ff9c1f20000
0x0000000016c0f1c0:   0000000000000008 0000000000000001
0x0000000016c0f1d0:   00000000ffffffff 0000000016c0f2a0
0x0000000016c0f1e0:   0000000016c0f2b0 00007ffa05cd681f
0x0000000016c0f1f0:   00000000005d8b00 00007ffa00000000
0x0000000016c0f200:   00002a71b161544a 000000000000003f
0x0000000016c0f210:   00007ff9c1fe9000 00007ff9c1f20000
0x0000000016c0f220:   0000368caf98b722 0000000000308080
0x0000000016c0f230:   00007ff9c1fd2cb8 00007ff9c1f7e92c
0x0000000016c0f240:   ffffffff0000001f 0000000000000000
0x0000000016c0f250:   0000000000000008 0000000000000001 

Instructions: (pc=0x00007ffa0354d759)
0x00007ffa0354d739:   8b d1 44 0f 47 c0 44 89 44 24 38 49 c1 e0 03 e8
0x00007ffa0354d749:   2a 47 06 00 48 8d 4c 24 20 48 ff 15 1f 23 19 00
0x00007ffa0354d759:   0f 1f 44 00 00 48 8b 8c 24 c0 00 00 00 48 33 cc
0x00007ffa0354d769:   e8 d2 09 06 00 48 81 c4 d8 00 00 00 c3 cc 83 64 


Register to memory mapping:

RAX=0x0000000016c0eb50 is an unknown value
RBX=0x00007ff9c1fd2cb8 is an unknown value
RCX=0x0000000000000000 is an unknown value
RDX=0x0000000000150000 is pointing into the stack for thread: 0x000000000283e000
RSP=0x0000000016c0f160 is an unknown value
RBP=0x0000000016c0f2a0 is an unknown value
RSI=0x00000000ffffffff is an unallocated location in the heap
RDI=0x00000000005d8b00 is an unknown value
R8 =0x0000000000000000 is an unknown value
R9 =0x00002a7100000000 is an unknown value
R10=0x0000000000000000 is an unknown value
R11=0x0000000100000000 is pointing into metadata
R12=0x0000000000000001 is an unknown value
R13=0x0000000000000008 is an unknown value
R14=0x0000000000000000 is an unknown value
R15=0xffffffffffffffff is an unknown value


Stack: [0x0000000016b10000,0x0000000016c10000],  sp=0x0000000016c0f160,  free space=1020k
Native frames: (J=compiled Java code, j=interpreted, Vv=VM code, C=native code)
C  [KERNELBASE.dll+0x2d759]
C  [MSVCR110.dll+0x5e92c]
C  [MSVCR110.dll+0x1315c]
C  [MSVCR110.dll+0x136a9]
C  [MSVCR110.dll+0x13e9c]
C  [MSVCR110.dll+0x239e]
C  [MSVCR110.dll+0xaf9e]
C  [MSVCP110.dll+0x397b9]
C  [librdi_common.dll+0x182316]
C  [librdi_common.dll+0x180fab]
C  [librdi_target_manager.dll+0x2400]
C  [librdi_target_manager.dll+0x2682]
C  [ntdll.dll+0x37cad]
C  [ntdll.dll+0x63ff1]
C  [ntdll.dll+0x63e8d]
C  [KERNEL32.DLL+0x1e0ab]
C  [MSVCR100.dll+0x20ccd]
V  [jvm.dll+0x210cc5]
V  [jvm.dll+0x249897]
V  [jvm.dll+0x248b36]
V  [jvm.dll+0x248fd1]
V  [jvm.dll+0x2491ee]
V  [jvm.dll+0x29a0fa]
C  [MSVCR100.dll+0x21d9f]
C  [MSVCR100.dll+0x21e3b]
C  [KERNEL32.DLL+0x17034]
C  [ntdll.dll+0x4d0d1]

VM_Operation (0x000000000014f490): Exit, mode: safepoint, requested by thread 0x000000000283e000


---------------  P R O C E S S  ---------------

Java Threads: ( => current thread )
  0x000000002147d800 JavaThread "pool-2-thread-1" [_thread_blocked, id=20180, stack(0x0000000029170000,0x0000000029270000)]
  0x000000002147c000 JavaThread "Thread-29" daemon [_thread_blocked, id=4380, stack(0x0000000028b70000,0x0000000028c70000)]
  0x0000000021477800 JavaThread "TCF Channel Transmitter" daemon [_thread_blocked, id=17052, stack(0x0000000028010000,0x0000000028110000)]
  0x0000000021472800 JavaThread "TCF Channel Receiver" daemon [_thread_in_native, id=5360, stack(0x0000000027c30000,0x0000000027d30000)]
  0x0000000021470000 JavaThread "Process monitor" daemon [_thread_in_native, id=10508, stack(0x0000000026c20000,0x0000000026d20000)]
  0x0000000021471000 JavaThread "Input Stream Monitor" daemon [_thread_blocked, id=17988, stack(0x0000000026b20000,0x0000000026c20000)]
  0x0000000021477000 JavaThread "Output Stream Monitor" daemon [_thread_in_native, id=16408, stack(0x0000000026a20000,0x0000000026b20000)]
  0x0000000021474000 JavaThread "Output Stream Monitor" daemon [_thread_in_native, id=2364, stack(0x0000000026920000,0x0000000026a20000)]
  0x00000000195c5800 JavaThread "TCF Locator DNS Lookup" daemon [_thread_blocked, id=10420, stack(0x0000000025f20000,0x0000000026020000)]
  0x00000000195c8000 JavaThread "TCF Locator Timer" daemon [_thread_blocked, id=18700, stack(0x0000000025e20000,0x0000000025f20000)]
  0x00000000195c8800 JavaThread "TCF Locator Receiver" daemon [_thread_in_native, id=6300, stack(0x0000000024d50000,0x0000000024e50000)]
  0x00000000195c2800 JavaThread "TCF Timer Dispatcher" daemon [_thread_blocked, id=19096, stack(0x000000001e7e0000,0x000000001e8e0000)]
  0x0000000019357000 JavaThread "EMF Reference Cleaner" daemon [_thread_blocked, id=18192, stack(0x000000001a620000,0x000000001a720000)]
  0x0000000015b12800 JavaThread "Service Thread" daemon [_thread_blocked, id=14316, stack(0x0000000017510000,0x0000000017610000)]
  0x0000000015aca000 JavaThread "C1 CompilerThread3" daemon [_thread_blocked, id=8400, stack(0x0000000017410000,0x0000000017510000)]
  0x0000000015ab1000 JavaThread "C2 CompilerThread2" daemon [_thread_blocked, id=20228, stack(0x0000000017310000,0x0000000017410000)]
  0x0000000015aaa000 JavaThread "C2 CompilerThread1" daemon [_thread_blocked, id=8660, stack(0x0000000017210000,0x0000000017310000)]
  0x0000000015aa2000 JavaThread "C2 CompilerThread0" daemon [_thread_blocked, id=32, stack(0x0000000017110000,0x0000000017210000)]
  0x0000000015aae800 JavaThread "Attach Listener" daemon [_thread_blocked, id=18156, stack(0x0000000017010000,0x0000000017110000)]
  0x0000000015aad000 JavaThread "Signal Dispatcher" daemon [_thread_blocked, id=13008, stack(0x0000000016f10000,0x0000000017010000)]
  0x000000000293d000 JavaThread "Finalizer" daemon [_thread_blocked, id=8544, stack(0x0000000016d10000,0x0000000016e10000)]
  0x00000000143ad000 JavaThread "Reference Handler" daemon [_thread_blocked, id=16652, stack(0x0000000016c10000,0x0000000016d10000)]
  0x000000000283e000 JavaThread "main" [_thread_blocked, id=692, stack(0x0000000000050000,0x0000000000150000)]

Other Threads:
=>0x0000000015a72800 VMThread [stack: 0x0000000016b10000,0x0000000016c10000] [id=16316]

VM state:at safepoint (shutting down)

VM Mutex/Monitor currently owned by a thread:  ([mutex/lock_event])
[0x000000000283d590] Threads_lock - owner thread: 0x0000000015a72800

Heap:
 PSYoungGen      total 97792K, used 93943K [0x00000000f5580000, 0x00000000fdd00000, 0x0000000100000000)
  eden space 73216K, 94% used [0x00000000f5580000,0x00000000f9942838,0x00000000f9d00000)
  from space 24576K, 99% used [0x00000000f9d00000,0x00000000fb4fb578,0x00000000fb500000)
  to   space 27648K, 0% used [0x00000000fc200000,0x00000000fc200000,0x00000000fdd00000)
 ParOldGen       total 113664K, used 37992K [0x00000000e0000000, 0x00000000e6f00000, 0x00000000f5580000)
  object space 113664K, 33% used [0x00000000e0000000,0x00000000e251a1d8,0x00000000e6f00000)
 Metaspace       used 82746K, capacity 89994K, committed 90136K, reserved 1126400K
  class space    used 10122K, capacity 12501K, committed 12592K, reserved 1048576K

Card table byte_map: [0x0000000011d00000,0x0000000011e10000] byte_map_base: 0x0000000011600000

Marking Bits: (ParMarkBitMap*) 0x000000007369a5b0
 Begin Bits: [0x00000000128c0000, 0x00000000130c0000)
 End Bits:   [0x00000000130c0000, 0x00000000138c0000)

Polling page: 0x00000000025f0000

CodeCache: size=245760Kb used=26002Kb max_used=26322Kb free=219757Kb
 bounds [0x0000000002940000, 0x0000000004330000, 0x0000000011940000]
 total_blobs=7974 nmethods=7094 adapters=787
 compilation: enabled

Compilation events (10 events):
Event: 47.755 Thread 0x0000000015aca000 nmethod 8622 0x000000000393eb10 code [0x000000000393ec80, 0x000000000393f0f0]
Event: 47.755 Thread 0x0000000015aca000 8623   !   3       org.eclipse.osgi.storage.BundleInfo$Generation::close (34 bytes)
Event: 47.755 Thread 0x0000000015aca000 nmethod 8623 0x00000000037c6b50 code [0x00000000037c6cc0, 0x00000000037c70e8]
Event: 47.761 Thread 0x0000000015aca000 8625       3       java.util.concurrent.atomic.AtomicLong::get (5 bytes)
Event: 47.761 Thread 0x0000000015aca000 nmethod 8625 0x0000000004158150 code [0x00000000041582a0, 0x00000000041583f0]
Event: 47.762 Thread 0x0000000015aca000 8626       3       org.eclipse.osgi.container.Module::holdsTransitionEventLock (25 bytes)
Event: 47.762 Thread 0x0000000015aca000 nmethod 8626 0x0000000003917c10 code [0x0000000003917da0, 0x00000000039184c8]
Event: 47.762 Thread 0x0000000015aca000 8634       3       org.eclipse.osgi.internal.framework.EquinoxContainerAdaptor::clearManifestCache (84 bytes)
Event: 47.763 Thread 0x0000000015aca000 nmethod 8634 0x0000000003ae5010 code [0x0000000003ae5260, 0x0000000003ae6978]
Event: 47.764 Thread 0x0000000015aca000 8635   !   3       org.eclipse.osgi.storage.BundleInfo$Generation::clearManifestCache (30 bytes)

GC Heap History (10 events):
Event: 3.681 GC heap before
{Heap before GC invocations=12 (full 2):
 PSYoungGen      total 73728K, used 24394K [0x00000000f5580000, 0x00000000fbf00000, 0x0000000100000000)
  eden space 54784K, 10% used [0x00000000f5580000,0x00000000f5ada5b0,0x00000000f8b00000)
  from space 18944K, 99% used [0x00000000f8b00000,0x00000000f9d783b0,0x00000000f9d80000)
  to   space 22528K, 0% used [0x00000000fa900000,0x00000000fa900000,0x00000000fbf00000)
 ParOldGen       total 84992K, used 30521K [0x00000000e0000000, 0x00000000e5300000, 0x00000000f5580000)
  object space 84992K, 35% used [0x00000000e0000000,0x00000000e1dce438,0x00000000e5300000)
 Metaspace       used 54711K, capacity 59072K, committed 59160K, reserved 1101824K
  class space    used 6391K, capacity 7707K, committed 7728K, reserved 1048576K
Event: 3.687 GC heap after
Heap after GC invocations=12 (full 2):
 PSYoungGen      total 85504K, used 13171K [0x00000000f5580000, 0x00000000fc300000, 0x0000000100000000)
  eden space 62976K, 0% used [0x00000000f5580000,0x00000000f5580000,0x00000000f9300000)
  from space 22528K, 58% used [0x00000000fa900000,0x00000000fb5dce98,0x00000000fbf00000)
  to   space 22528K, 0% used [0x00000000f9300000,0x00000000f9300000,0x00000000fa900000)
 ParOldGen       total 84992K, used 30529K [0x00000000e0000000, 0x00000000e5300000, 0x00000000f5580000)
  object space 84992K, 35% used [0x00000000e0000000,0x00000000e1dd0438,0x00000000e5300000)
 Metaspace       used 54711K, capacity 59072K, committed 59160K, reserved 1101824K
  class space    used 6391K, capacity 7707K, committed 7728K, reserved 1048576K
}
Event: 3.687 GC heap before
{Heap before GC invocations=13 (full 3):
 PSYoungGen      total 85504K, used 13171K [0x00000000f5580000, 0x00000000fc300000, 0x0000000100000000)
  eden space 62976K, 0% used [0x00000000f5580000,0x00000000f5580000,0x00000000f9300000)
  from space 22528K, 58% used [0x00000000fa900000,0x00000000fb5dce98,0x00000000fbf00000)
  to   space 22528K, 0% used [0x00000000f9300000,0x00000000f9300000,0x00000000fa900000)
 ParOldGen       total 84992K, used 30529K [0x00000000e0000000, 0x00000000e5300000, 0x00000000f5580000)
  object space 84992K, 35% used [0x00000000e0000000,0x00000000e1dd0438,0x00000000e5300000)
 Metaspace       used 54711K, capacity 59072K, committed 59160K, reserved 1101824K
  class space    used 6391K, capacity 7707K, committed 7728K, reserved 1048576K
Event: 3.823 GC heap after
Heap after GC invocations=13 (full 3):
 PSYoungGen      total 85504K, used 0K [0x00000000f5580000, 0x00000000fc300000, 0x0000000100000000)
  eden space 62976K, 0% used [0x00000000f5580000,0x00000000f5580000,0x00000000f9300000)
  from space 22528K, 0% used [0x00000000fa900000,0x00000000fa900000,0x00000000fbf00000)
  to   space 22528K, 0% used [0x00000000f9300000,0x00000000f9300000,0x00000000fa900000)
 ParOldGen       total 113664K, used 37633K [0x00000000e0000000, 0x00000000e6f00000, 0x00000000f5580000)
  object space 113664K, 33% used [0x00000000e0000000,0x00000000e24c07b8,0x00000000e6f00000)
 Metaspace       used 54711K, capacity 59072K, committed 59160K, reserved 1101824K
  class space    used 6391K, capacity 7707K, committed 7728K, reserved 1048576K
}
Event: 5.094 GC heap before
{Heap before GC invocations=14 (full 3):
 PSYoungGen      total 85504K, used 62976K [0x00000000f5580000, 0x00000000fc300000, 0x0000000100000000)
  eden space 62976K, 100% used [0x00000000f5580000,0x00000000f9300000,0x00000000f9300000)
  from space 22528K, 0% used [0x00000000fa900000,0x00000000fa900000,0x00000000fbf00000)
  to   space 22528K, 0% used [0x00000000f9300000,0x00000000f9300000,0x00000000fa900000)
 ParOldGen       total 113664K, used 37633K [0x00000000e0000000, 0x00000000e6f00000, 0x00000000f5580000)
  object space 113664K, 33% used [0x00000000e0000000,0x00000000e24c07b8,0x00000000e6f00000)
 Metaspace       used 67584K, capacity 73250K, committed 73368K, reserved 1112064K
  class space    used 8202K, capacity 9807K, committed 9904K, reserved 1048576K
Event: 5.101 GC heap after
Heap after GC invocations=14 (full 3):
 PSYoungGen      total 85504K, used 17024K [0x00000000f5580000, 0x00000000fcc00000, 0x0000000100000000)
  eden space 62976K, 0% used [0x00000000f5580000,0x00000000f5580000,0x00000000f9300000)
  from space 22528K, 75% used [0x00000000f9300000,0x00000000fa3a03b8,0x00000000fa900000)
  to   space 23552K, 0% used [0x00000000fb500000,0x00000000fb500000,0x00000000fcc00000)
 ParOldGen       total 113664K, used 37641K [0x00000000e0000000, 0x00000000e6f00000, 0x00000000f5580000)
  object space 113664K, 33% used [0x00000000e0000000,0x00000000e24c27b8,0x00000000e6f00000)
 Metaspace       used 67584K, capacity 73250K, committed 73368K, reserved 1112064K
  class space    used 8202K, capacity 9807K, committed 9904K, reserved 1048576K
}
Event: 5.490 GC heap before
{Heap before GC invocations=15 (full 3):
 PSYoungGen      total 85504K, used 80000K [0x00000000f5580000, 0x00000000fcc00000, 0x0000000100000000)
  eden space 62976K, 100% used [0x00000000f5580000,0x00000000f9300000,0x00000000f9300000)
  from space 22528K, 75% used [0x00000000f9300000,0x00000000fa3a03b8,0x00000000fa900000)
  to   space 23552K, 0% used [0x00000000fb500000,0x00000000fb500000,0x00000000fcc00000)
 ParOldGen       total 113664K, used 37641K [0x00000000e0000000, 0x00000000e6f00000, 0x00000000f5580000)
  object space 113664K, 33% used [0x00000000e0000000,0x00000000e24c27b8,0x00000000e6f00000)
 Metaspace       used 71891K, capacity 78048K, committed 78232K, reserved 1116160K
  class space    used 8763K, capacity 10603K, committed 10672K, reserved 1048576K
Event: 5.499 GC heap after
Heap after GC invocations=15 (full 3):
 PSYoungGen      total 96768K, used 17268K [0x00000000f5580000, 0x00000000fcd80000, 0x0000000100000000)
  eden space 73216K, 0% used [0x00000000f5580000,0x00000000f5580000,0x00000000f9d00000)
  from space 23552K, 73% used [0x00000000fb500000,0x00000000fc5dd198,0x00000000fcc00000)
  to   space 24576K, 0% used [0x00000000f9d00000,0x00000000f9d00000,0x00000000fb500000)
 ParOldGen       total 113664K, used 37649K [0x00000000e0000000, 0x00000000e6f00000, 0x00000000f5580000)
  object space 113664K, 33% used [0x00000000e0000000,0x00000000e24c47b8,0x00000000e6f00000)
 Metaspace       used 71891K, capacity 78048K, committed 78232K, reserved 1116160K
  class space    used 8763K, capacity 10603K, committed 10672K, reserved 1048576K
}
Event: 24.797 GC heap before
{Heap before GC invocations=16 (full 3):
 PSYoungGen      total 96768K, used 90484K [0x00000000f5580000, 0x00000000fcd80000, 0x0000000100000000)
  eden space 73216K, 100% used [0x00000000f5580000,0x00000000f9d00000,0x00000000f9d00000)
  from space 23552K, 73% used [0x00000000fb500000,0x00000000fc5dd198,0x00000000fcc00000)
  to   space 24576K, 0% used [0x00000000f9d00000,0x00000000f9d00000,0x00000000fb500000)
 ParOldGen       total 113664K, used 37649K [0x00000000e0000000, 0x00000000e6f00000, 0x00000000f5580000)
  object space 113664K, 33% used [0x00000000e0000000,0x00000000e24c47b8,0x00000000e6f00000)
 Metaspace       used 79421K, capacity 86698K, committed 86936K, reserved 1124352K
  class space    used 9751K, capacity 11920K, committed 11952K, reserved 1048576K
Event: 24.807 GC heap after
Heap after GC invocations=16 (full 3):
 PSYoungGen      total 97792K, used 24557K [0x00000000f5580000, 0x00000000fdd00000, 0x0000000100000000)
  eden space 73216K, 0% used [0x00000000f5580000,0x00000000f5580000,0x00000000f9d00000)
  from space 24576K, 99% used [0x00000000f9d00000,0x00000000fb4fb578,0x00000000fb500000)
  to   space 27648K, 0% used [0x00000000fc200000,0x00000000fc200000,0x00000000fdd00000)
 ParOldGen       total 113664K, used 37992K [0x00000000e0000000, 0x00000000e6f00000, 0x00000000f5580000)
  object space 113664K, 33% used [0x00000000e0000000,0x00000000e251a1d8,0x00000000e6f00000)
 Metaspace       used 79421K, capacity 86698K, committed 86936K, reserved 1124352K
  class space    used 9751K, capacity 11920K, committed 11952K, reserved 1048576K
}

Deoptimization events (10 events):
Event: 47.107 Thread 0x000000002147b800 Uncommon trap: reason=unstable_if action=reinterpret pc=0x0000000002ab4264 method=sun.nio.cs.SingleByte$Encoder.encode(C)I @ 13
Event: 47.122 Thread 0x0000000017a3d800 Uncommon trap: reason=predicate action=maybe_recompile pc=0x0000000002c2ba3c method=java.util.Arrays.fill([Ljava/lang/Object;Ljava/lang/Object;)V @ 10
Event: 47.670 Thread 0x0000000017a3d800 Uncommon trap: reason=array_check action=maybe_recompile pc=0x00000000035275b8 method=java.util.Arrays.fill([Ljava/lang/Object;Ljava/lang/Object;)V @ 13
Event: 47.670 Thread 0x0000000017a3d800 Uncommon trap: reason=array_check action=maybe_recompile pc=0x00000000035275b8 method=java.util.Arrays.fill([Ljava/lang/Object;Ljava/lang/Object;)V @ 13
Event: 47.671 Thread 0x0000000017a3d800 Uncommon trap: reason=array_check action=maybe_recompile pc=0x00000000035275b8 method=java.util.Arrays.fill([Ljava/lang/Object;Ljava/lang/Object;)V @ 13
Event: 47.671 Thread 0x0000000017a3d800 Uncommon trap: reason=array_check action=maybe_recompile pc=0x00000000035275b8 method=java.util.Arrays.fill([Ljava/lang/Object;Ljava/lang/Object;)V @ 13
Event: 47.694 Thread 0x0000000018f50800 Uncommon trap: reason=unstable_if action=reinterpret pc=0x000000000381be70 method=org.eclipse.osgi.internal.hooks.EclipseLazyStarter.shouldActivateFor(Ljava/lang/String;Lorg/eclipse/osgi/container/Module;Lorg/eclipse/osgi/container/ModuleRevision;Lorg/ecliÖˇæê€G@
Event: 47.712 Thread 0x0000000018f50800 Uncommon trap: reason=null_check action=maybe_recompile pc=0x0000000002f18238 method=com.xilinx.sdk.targetmanager.internal.json.XMDJSONProcess.issueCommand(Ljava/lang/String;)Lcom/xilinx/sdk/targetmanager/internal/IXMDResult; @ 3
Event: 47.721 Thread 0x0000000017a3d800 Uncommon trap: reason=unstable_if action=reinterpret pc=0x000000000394c664 method=org.eclipse.osgi.internal.framework.BundleContextImpl.dispatchEvent(Ljava/lang/Object;Ljava/lang/Object;ILjava/lang/Object;)V @ 16
Event: 47.745 Thread 0x0000000018f50800 Uncommon trap: reason=unstable_if action=reinterpret pc=0x000000000410d6d0 method=sun.reflect.UnsafeStaticObjectFieldAccessorImpl.set(Ljava/lang/Object;Ljava/lang/Object;)V @ 13

Internal exceptions (10 events):
Event: 46.767 Thread 0x000000000283e000 Exception <a 'java/io/FileNotFoundException'> (0x00000000f8f55188) thrown at [C:\re\workspace\8-2-build-windows-amd64-cygwin\jdk8u66\5298\hotspot\src\share\vm\prims\jni.cpp, line 709]
Event: 46.767 Thread 0x000000000283e000 Exception <a 'java/io/FileNotFoundException'> (0x00000000f8f57110) thrown at [C:\re\workspace\8-2-build-windows-amd64-cygwin\jdk8u66\5298\hotspot\src\share\vm\prims\jni.cpp, line 709]
Event: 46.767 Thread 0x000000000283e000 Exception <a 'java/io/FileNotFoundException'> (0x00000000f8f591e8) thrown at [C:\re\workspace\8-2-build-windows-amd64-cygwin\jdk8u66\5298\hotspot\src\share\vm\prims\jni.cpp, line 709]
Event: 47.105 Thread 0x0000000021473000 Exception <a 'java/lang/InterruptedException'> (0x00000000f93a2ee0) thrown at [C:\re\workspace\8-2-build-windows-amd64-cygwin\jdk8u66\5298\hotspot\src\share\vm\runtime\objectMonitor.cpp, line 1683]
Event: 47.712 Thread 0x0000000018f50800 Exception <a 'java/lang/NullPointerException'> (0x00000000f95db170) thrown at [C:\re\workspace\8-2-build-windows-amd64-cygwin\jdk8u66\5298\hotspot\src\share\vm\prims\jvm.cpp, line 1390]
Event: 47.732 Thread 0x00000000195c7000 Exception <a 'java/lang/InterruptedException'> (0x00000000f583ae48) thrown at [C:\re\workspace\8-2-build-windows-amd64-cygwin\jdk8u66\5298\hotspot\src\share\vm\runtime\objectMonitor.cpp, line 1683]
Event: 47.745 Thread 0x0000000018f50800 Implicit null exception at 0x000000000410d3b7 to 0x000000000410d6bd
Event: 47.745 Thread 0x0000000017a3d800 Exception <a 'java/lang/InterruptedException'> (0x00000000f96e80f8) thrown at [C:\re\workspace\8-2-build-windows-amd64-cygwin\jdk8u66\5298\hotspot\src\share\vm\runtime\objectMonitor.cpp, line 1683]
Event: 47.761 Thread 0x0000000018f52000 Exception <a 'java/lang/InterruptedException'> (0x00000000f640b6e8) thrown at [C:\re\workspace\8-2-build-windows-amd64-cygwin\jdk8u66\5298\hotspot\src\share\vm\runtime\objectMonitor.cpp, line 1683]
Event: 47.761 Thread 0x00000000190f4800 Exception <a 'java/lang/InterruptedException'> (0x00000000f98e3448) thrown at [C:\re\workspace\8-2-build-windows-amd64-cygwin\jdk8u66\5298\hotspot\src\share\vm\runtime\objectMonitor.cpp, line 1683]

Events (10 events):
Event: 47.761 Thread 0x00000000190f4800 Thread exited: 0x00000000190f4800
Event: 47.762 Thread 0x0000000015aca000 flushing nmethod 0x00000000031da150
Event: 47.762 Thread 0x0000000018f50800 Thread exited: 0x0000000018f50800
Event: 47.763 loading class java/util/IdentityHashMap$KeyIterator
Event: 47.763 loading class java/util/IdentityHashMap$IdentityHashMapIterator
Event: 47.763 loading class java/util/IdentityHashMap$IdentityHashMapIterator done
Event: 47.763 loading class java/util/IdentityHashMap$KeyIterator done
Event: 47.763 Thread 0x0000000018f4f800 Thread added: 0x0000000018f4f800
Event: 47.763 Thread 0x0000000018f4f800 Thread exited: 0x0000000018f4f800
Event: 47.764 Executing VM operation: Exit


Dynamic libraries:
0x0000000000400000 - 0x000000000044f000 	C:\Xilinx\SDK\2016.2\eclipse\win64.o\eclipse.exe
0x00007ffa05cb0000 - 0x00007ffa05ea6000 	C:\WINDOWS\SYSTEM32\ntdll.dll
0x00007ffa05820000 - 0x00007ffa058dd000 	C:\WINDOWS\System32\KERNEL32.DLL
0x00007ffa03520000 - 0x00007ffa037e9000 	C:\WINDOWS\System32\KERNELBASE.dll
0x00007ffa03d10000 - 0x00007ffa03eb0000 	C:\WINDOWS\System32\USER32.dll
0x00007ffa034f0000 - 0x00007ffa03512000 	C:\WINDOWS\System32\win32u.dll
0x00007ffa054f0000 - 0x00007ffa0551a000 	C:\WINDOWS\System32\GDI32.dll
0x00007ffa03a20000 - 0x00007ffa03b2b000 	C:\WINDOWS\System32\gdi32full.dll
0x00007ffa03980000 - 0x00007ffa03a1d000 	C:\WINDOWS\System32\msvcp_win.dll
0x00007ffa033f0000 - 0x00007ffa034f0000 	C:\WINDOWS\System32\ucrtbase.dll
0x00007ffa05700000 - 0x00007ffa0579e000 	C:\WINDOWS\System32\msvcrt.dll
0x00007ff9eb0f0000 - 0x00007ff9eb38b000 	C:\WINDOWS\WinSxS\amd64_microsoft.windows.common-controls_6595b64144ccf1df_6.0.19041.746_none_ca02b4b61b8320a4\COMCTL32.dll
0x00007ffa04340000 - 0x00007ffa04370000 	C:\WINDOWS\System32\IMM32.DLL
0x0000000072000000 - 0x0000000072012000 	C:\Xilinx\SDK\2016.2\eclipse\win64.o\plugins\org.eclipse.equinox.launcher.win32.win32.x86_64_1.1.300.v20150602-1417\eclipse_1611.dll
0x00007ffa04040000 - 0x00007ffa040ec000 	C:\WINDOWS\System32\ADVAPI32.dll
0x00007ffa05520000 - 0x00007ffa055bc000 	C:\WINDOWS\System32\sechost.dll
0x00007ffa03eb0000 - 0x00007ffa03fdb000 	C:\WINDOWS\System32\RPCRT4.dll
0x00007ff9f7b40000 - 0x00007ff9f7b4a000 	C:\WINDOWS\SYSTEM32\VERSION.dll
0x00007ff9fcdc0000 - 0x00007ff9fce5e000 	C:\WINDOWS\system32\uxtheme.dll
0x00007ffa04930000 - 0x00007ffa04c86000 	C:\WINDOWS\System32\combase.dll
0x00007ffa040f0000 - 0x00007ffa04206000 	C:\WINDOWS\System32\MSCTF.dll
0x00007ffa04270000 - 0x00007ffa0433d000 	C:\WINDOWS\System32\OLEAUT32.dll
0x0000000072e90000 - 0x0000000073719000 	C:\Xilinx\SDK\2016.2\tps\win64\jre\bin\server\jvm.dll
0x00007ffa054e0000 - 0x00007ffa054e8000 	C:\WINDOWS\System32\PSAPI.DLL
0x00007ff9eb580000 - 0x00007ff9eb5a7000 	C:\WINDOWS\SYSTEM32\WINMM.dll
0x00007ff9e6160000 - 0x00007ff9e6169000 	C:\WINDOWS\SYSTEM32\WSOCK32.dll
0x0000000073ac0000 - 0x0000000073b92000 	C:\WINDOWS\SYSTEM32\MSVCR100.dll
0x00007ffa053e0000 - 0x00007ffa0544b000 	C:\WINDOWS\System32\WS2_32.dll
0x0000000072d50000 - 0x0000000072d5f000 	C:\Xilinx\SDK\2016.2\tps\win64\jre\bin\verify.dll
0x0000000072d20000 - 0x0000000072d49000 	C:\Xilinx\SDK\2016.2\tps\win64\jre\bin\java.dll
0x0000000072d00000 - 0x0000000072d16000 	C:\Xilinx\SDK\2016.2\tps\win64\jre\bin\zip.dll
0x00007ffa04c90000 - 0x00007ffa053d3000 	C:\WINDOWS\System32\SHELL32.dll
0x00007ffa01430000 - 0x00007ffa01bbf000 	C:\WINDOWS\SYSTEM32\windows.storage.dll
0x00007ffa02e50000 - 0x00007ffa02e7c000 	C:\WINDOWS\SYSTEM32\Wldp.dll
0x00007ffa05960000 - 0x00007ffa05a0e000 	C:\WINDOWS\System32\SHCORE.dll
0x00007ffa057a0000 - 0x00007ffa057f5000 	C:\WINDOWS\System32\shlwapi.dll
0x00007ffa03320000 - 0x00007ffa03346000 	C:\WINDOWS\SYSTEM32\profapi.dll
0x00007ffa02da0000 - 0x00007ffa02db8000 	C:\WINDOWS\SYSTEM32\CRYPTSP.dll
0x00007ffa02400000 - 0x00007ffa02434000 	C:\WINDOWS\system32\rsaenh.dll
0x00007ffa037f0000 - 0x00007ffa03817000 	C:\WINDOWS\System32\bcrypt.dll
0x00007ffa032e0000 - 0x00007ffa0330e000 	C:\WINDOWS\SYSTEM32\USERENV.dll
0x00007ffa03c30000 - 0x00007ffa03cb0000 	C:\WINDOWS\System32\bcryptprimitives.dll
0x00007ffa02dc0000 - 0x00007ffa02dcc000 	C:\WINDOWS\SYSTEM32\CRYPTBASE.dll
0x0000000072ce0000 - 0x0000000072cfa000 	C:\Xilinx\SDK\2016.2\tps\win64\jre\bin\net.dll
0x00007ffa02bd0000 - 0x00007ffa02c3a000 	C:\WINDOWS\system32\mswsock.dll
0x00007ffa02870000 - 0x00007ffa028ab000 	C:\WINDOWS\SYSTEM32\IPHLPAPI.DLL
0x00007ffa04920000 - 0x00007ffa04928000 	C:\WINDOWS\System32\NSI.dll
0x00007ff9f6ac0000 - 0x00007ff9f6ad7000 	C:\WINDOWS\SYSTEM32\dhcpcsvc6.DLL
0x00007ff9f6aa0000 - 0x00007ff9f6abd000 	C:\WINDOWS\SYSTEM32\dhcpcsvc.DLL
0x00007ffa028b0000 - 0x00007ffa0297b000 	C:\WINDOWS\SYSTEM32\DNSAPI.dll
0x0000000072cc0000 - 0x0000000072cd1000 	C:\Xilinx\SDK\2016.2\tps\win64\jre\bin\nio.dll
0x00007ffa01bd0000 - 0x00007ffa01be2000 	C:\WINDOWS\SYSTEM32\kernel.appcore.dll
0x00007ff9f2340000 - 0x00007ff9f243b000 	C:\WINDOWS\SYSTEM32\textinputframework.dll
0x00007ff9fc2d0000 - 0x00007ff9fc62e000 	C:\WINDOWS\System32\CoreUIComponents.dll
0x00007ff9fc9b0000 - 0x00007ff9fcaa2000 	C:\WINDOWS\System32\CoreMessaging.dll
0x00007ffa02030000 - 0x00007ffa02063000 	C:\WINDOWS\SYSTEM32\ntmarta.dll
0x00007ff9fb2f0000 - 0x00007ff9fb444000 	C:\WINDOWS\SYSTEM32\wintypes.dll
0x00007ff9ded00000 - 0x00007ff9ded17000 	C:\WINDOWS\system32\napinsp.dll
0x00007ff9dece0000 - 0x00007ff9decfb000 	C:\WINDOWS\system32\pnrpnsp.dll
0x00007ff9f9cd0000 - 0x00007ff9f9ce5000 	C:\WINDOWS\system32\wshbth.dll
0x00007ff9fad70000 - 0x00007ff9fad8d000 	C:\WINDOWS\system32\NLAapi.dll
0x00007ff9decc0000 - 0x00007ff9decd2000 	C:\WINDOWS\System32\winrnr.dll
0x00007ff9f7c40000 - 0x00007ff9f7c4a000 	C:\Windows\System32\rasadhlp.dll
0x00007ff9f3160000 - 0x00007ff9f31df000 	C:\WINDOWS\System32\fwpuclnt.dll
0x000000001a920000 - 0x000000001a9c8000 	C:\Users\song\.Xilinx\SDK\2016.2\org.eclipse.osgi\312\0\.cp\swt-win32-4527.dll
0x00007ffa055d0000 - 0x00007ffa056fa000 	C:\WINDOWS\System32\ole32.dll
0x00007ffa04370000 - 0x00007ffa0444b000 	C:\WINDOWS\System32\comdlg32.dll
0x00007ffa03820000 - 0x00007ffa03976000 	C:\WINDOWS\System32\CRYPT32.dll
0x00007ff9eb060000 - 0x00007ff9eb0ee000 	C:\WINDOWS\SYSTEM32\WINSPOOL.DRV
0x00007ff9a8d80000 - 0x00007ff9a8d99000 	C:\WINDOWS\SYSTEM32\USP10.dll
0x00007ff9e57f0000 - 0x00007ff9e5cca000 	C:\WINDOWS\SYSTEM32\WININET.dll
0x00007ff9fa790000 - 0x00007ff9fa887000 	C:\WINDOWS\SYSTEM32\propsys.dll
0x00007ffa05a10000 - 0x00007ffa05ab9000 	C:\WINDOWS\System32\clbcatq.dll
0x00007ffa03b30000 - 0x00007ffa03b7e000 	C:\WINDOWS\System32\cfgmgr32.dll
0x000000001add0000 - 0x000000001adee000 	C:\Users\song\.Xilinx\SDK\2016.2\org.eclipse.osgi\312\0\.cp\swt-gdip-win32-4527.dll
0x00007ff9eb3d0000 - 0x00007ff9eb576000 	C:\WINDOWS\WinSxS\amd64_microsoft.windows.gdiplus_6595b64144ccf1df_1.1.19041.746_none_faeda79b76159a72\gdiplus.dll
0x00007ff9f68e0000 - 0x00007ff9f6a94000 	C:\WINDOWS\SYSTEM32\WindowsCodecs.dll
0x0000000180000000 - 0x0000000180012000 	C:\Users\song\.Xilinx\SDK\2016.2\org.eclipse.osgi\126\0\.cp\os\win32\x86_64\localfile_1_0_0.dll
0x00007ff9e0880000 - 0x00007ff9e092c000 	C:\WINDOWS\SYSTEM32\TextShaping.dll
0x00007ff9eaff0000 - 0x00007ff9eb056000 	C:\WINDOWS\SYSTEM32\oleacc.dll
0x00007ff9dde60000 - 0x00007ff9dde76000 	C:\Xilinx\SDK\2016.2\eclipse\win64.o\plugins\org.eclipse.cdt.core.win32.x86_64_5.4.0.201509131935\os\win32\x86_64\spawner.dll
0x00007ff9eb390000 - 0x00007ff9eb397000 	C:\WINDOWS\SYSTEM32\msimg32.dll
0x00007ff9fb040000 - 0x00007ff9fb051000 	C:\Users\song\.Xilinx\SDK\2016.2\org.eclipse.osgi\129\0\.cp\jWinHttp-1.0.0.dll
0x00007ffa02490000 - 0x00007ffa02590000 	C:\WINDOWS\SYSTEM32\WINHTTP.dll
0x00007ff9fb2d0000 - 0x00007ff9fb2df000 	C:\Xilinx\SDK\2016.2\lib\win64.o\librdi_repo_manager.dll
0x00007ff9d5630000 - 0x00007ff9d565a000 	C:\Xilinx\SDK\2016.2\lib\win64.o\libisl_sysinfo.dll
0x00007ff9ddd40000 - 0x00007ff9ddd94000 	C:\Xilinx\SDK\2016.2\lib\win64.o\librdi_commonxillic.dll
0x00007ff969ac0000 - 0x00007ff96a500000 	C:\Xilinx\SDK\2016.2\lib\win64.o\librdi_common.dll
0x00007ff9c4160000 - 0x00007ff9c4352000 	C:\Xilinx\SDK\2016.2\lib\win64.o\librdi_hsm.dll
0x00007ff9d5e60000 - 0x00007ff9d5f07000 	C:\WINDOWS\SYSTEM32\MSVCP110.dll
0x00007ff9c1f20000 - 0x00007ff9c1ff4000 	C:\WINDOWS\SYSTEM32\MSVCR110.dll
0x00007ff968b90000 - 0x00007ff968daf000 	C:\Xilinx\SDK\2016.2\lib\win64.o\libXil_lmgr11.dll
0x00007ff9d1bb0000 - 0x00007ff9d1bd4000 	C:\Xilinx\SDK\2016.2\lib\win64.o\libboost_filesystem.dll
0x00007ff9ba100000 - 0x00007ff9ba206000 	C:\Xilinx\SDK\2016.2\lib\win64.o\libboost_regex.dll
0x00007ff9fafc0000 - 0x00007ff9fafc9000 	C:\Xilinx\SDK\2016.2\lib\win64.o\libboost_system.dll
0x00007ffa03cb0000 - 0x00007ffa03d10000 	C:\WINDOWS\System32\WINTRUST.dll
0x00007ff968820000 - 0x00007ff968b8e000 	C:\Xilinx\SDK\2016.2\lib\win64.o\libCOIN-all.dll
0x00007ff9faf70000 - 0x00007ff9faf80000 	C:\Xilinx\SDK\2016.2\lib\win64.o\libboost_date_time.dll
0x00007ff9bae20000 - 0x00007ff9bae97000 	C:\Xilinx\SDK\2016.2\lib\win64.o\libboost_program_options.dll
0x00007ff9d9230000 - 0x00007ff9d9243000 	C:\Xilinx\SDK\2016.2\lib\win64.o\libboost_signals.dll
0x00007ff9b9570000 - 0x00007ff9b95f0000 	C:\Xilinx\SDK\2016.2\lib\win64.o\libhdlpsolve.dll
0x00007ff9e7510000 - 0x00007ff9e751b000 	C:\Xilinx\SDK\2016.2\lib\win64.o\libboost_xilinx.dll
0x00007ff9d7560000 - 0x00007ff9d757d000 	C:\Xilinx\SDK\2016.2\lib\win64.o\libboost_thread.dll
0x00007ff9b8ca0000 - 0x00007ff9b8d3a000 	C:\Xilinx\SDK\2016.2\lib\win64.o\libhdxml.dll
0x00007ff967e60000 - 0x00007ff9682c5e00 	C:\Xilinx\SDK\2016.2\lib\win64.o\libisl_iostreams.dll
0x00007ff9d63c0000 - 0x00007ff9d63d5000 	C:\Xilinx\SDK\2016.2\lib\win64.o\pthreadVC2.dll
0x00007ff9b86d0000 - 0x00007ff9b8800000 	C:\Xilinx\SDK\2016.2\lib\win64.o\librdi_curl.dll
0x00007ff9d5bb0000 - 0x00007ff9d5bc8000 	C:\Xilinx\SDK\2016.2\lib\win64.o\librdiconfig.dll
0x00007ff9f31e0000 - 0x00007ff9f33cd000 	C:\WINDOWS\SYSTEM32\urlmon.dll
0x00007ff9d1850000 - 0x00007ff9d1873000 	C:\Xilinx\SDK\2016.2\lib\win64.o\librdizlib.dll
0x0000000072d60000 - 0x0000000072e87000 	C:\Xilinx\SDK\2016.2\lib\win64.o\tcl85t.dll
0x00007ff9d6360000 - 0x00007ff9d6383000 	C:\WINDOWS\SYSTEM32\VCOMP110.DLL
0x00007ff9c8ab0000 - 0x00007ff9c8af3000 	C:\Xilinx\SDK\2016.2\lib\win64.o\librdi_hdf.dll
0x00007ff9f6440000 - 0x00007ff9f6458000 	C:\WINDOWS\SYSTEM32\NETAPI32.dll
0x00007ff9e68a0000 - 0x00007ff9e68ab000 	C:\Xilinx\SDK\2016.2\lib\win64.o\libboost_chrono.dll
0x00007ff9caa60000 - 0x00007ff9caa83000 	C:\Xilinx\SDK\2016.2\lib\win64.o\libisl_iosutils.dll
0x00007ff9d5ac0000 - 0x00007ff9d5ad6000 	C:\Xilinx\SDK\2016.2\lib\win64.o\libboost_iostreams.dll
0x00007ff9f38c0000 - 0x00007ff9f3b70000 	C:\WINDOWS\SYSTEM32\iertutil.dll
0x00007ff967bd0000 - 0x00007ff967e51000 	C:\Xilinx\SDK\2016.2\lib\win64.o\librdi_ippcw.dll
0x00000000276c0000 - 0x0000000027923000 	C:\Xilinx\SDK\2016.2\lib\win64.o\xerces-c_3_1.dll
0x00007ffa02fd0000 - 0x00007ffa02fe2000 	C:\WINDOWS\SYSTEM32\MSASN1.dll
0x00007ff9df710000 - 0x00007ff9df734000 	C:\WINDOWS\SYSTEM32\edputil.dll
0x0000000071080000 - 0x00000000710a6000 	C:\Xilinx\SDK\2016.2\eclipse\win64.o\plugins\gnu.io.rxtx.win32.x86_64_2.1.7.3_v20071015\os\win32\x86_64\rxtxSerial.dll
0x00007ff9e1720000 - 0x00007ff9e172a000 	C:\Xilinx\SDK\2016.2\lib\win64.o\librdi_jtag_settings.dll
0x00007ff9d5c00000 - 0x00007ff9d5c29000 	C:\Xilinx\SDK\2016.2\lib\win64.o\librdi_debug_dialog.dll
0x00007ff9de060000 - 0x00007ff9de068000 	C:\Xilinx\SDK\2016.2\lib\win64.o\librdi_target_manager.dll
0x00007ff964140000 - 0x00007ff964950000 	C:\Xilinx\SDK\2016.2\lib\win64.o\libXil_lmgr11FNP.dll
0x00007ff9d1ad0000 - 0x00007ff9d1adc000 	C:\WINDOWS\SYSTEM32\snmpapi.dll

VM Arguments:
jvm_args: -Dcom.xilinx.sdk.args.hwspec=C:/Xilinx/ECE530winter2020vivado/lab10VGAdemoJJS/lab10VGAdemoJJS.sdk/lab9VGA_wrapper.hdf -Xms64m -Xmx512m & 
java_command: <unknown>
java_class_path (initial): C:\Xilinx\SDK\2016.2\eclipse\win64.o\\plugins/org.eclipse.equinox.launcher_1.3.100.v20150511-1540.jar
Launcher Type: generic

Environment Variables:
PATH=C:/Xilinx/SDK/2016.2/tps/win64/jre/bin/server;C:/Xilinx/SDK/2016.2/tps/win64/jre/bin;C:/Xilinx/SDK/2016.2/tps/win64/jre/lib/amd64;C:\Xilinx\SDK\2016.2\gnuwin\bin;C:\Xilinx\SDK\2016.2\gnu\microblaze\nt\bin;C:\Xilinx\SDK\2016.2\gnu\microblaze\linux_toolchain\nt64_le\bin;C:\Xilinx\SDK\2016.2\gnu\microblaze\linux_toolchain\nt64_be\bin;C:\Xilinx\SDK\2016.2\gnu\arm\nt\bin;C:\Xilinx\SDK\2016.2\gnu\aarch64\nt\aarch64-none\bin;C:\Xilinx\SDK\2016.2\gnu\aarch64\nt\aarch64-linux\bin;C:\Xilinx\SDK\2016.2\gnu\armr5\nt\gcc-arm-none-eabi\bin;C:\Xilinx\SDK\2016.2\gnu\aarch32\nt\gcc-arm-none-eabi\bin;C:\Xilinx\SDK\2016.2\gnu\aarch32\nt\gcc-arm-linux-gnueabi\bin;C:\Xilinx\SDK\2016.2\tps\win64\cmake-3.3.2\bin;;C:\Xilinx\SDK\2016.2\bin;C:\Xilinx\SDK\2016.2\lib\win64.o;C:\Xilinx\SDK\2016.2\tps\win64\jre\bin\server;C:\Xilinx\SDK\2016.2\tps\win64\jre\bin;C:\Xilinx\Vivado\2016.2\ids_lite\ISE\bin\nt64;C:\Xilinx\Vivado\2016.2\ids_lite\ISE\lib\nt64;C:\Xilinx\Vivado\2016.2\bin;C:\Xilinx\Vivado\2016.2\lib\win64.o;C:\Xilinx\Vivado\2016.2\tps\win64\jre\bin\server;C:\Xilinx\Vivado\2016.2\tps\win64\jre\bin;C:\Xilinx\Vivado_HLS\2016.2\bin;C:\Program Files\VanDyke Software\Clients\;C:\WINDOWS\system32;C:\WINDOWS;C:\WINDOWS\System32\Wbem;C:\WINDOWS\System32\WindowsPowerShell\v1.0\;C:\WINDOWS\System32\OpenSSH\;C:\Program Files\Git\cmd;c:\Program Files\MATLAB\R2020a\bin;C:\Program Files (x86)\IVI Foundation\VISA\WinNT\Bin\;C:\Program Files\IVI Foundation\VISA\Win64\Bin\;C:\Program Files\Microchip\xc8\v2.20\bin;C:\Program Files\Microchip\xc8\v2.31\bin;C:\Users\song\AppData\Local\Microsoft\WindowsApps;C:\Users\song\AppData\Local\GitHubDesktop\bin;C:\Xilinx\ECE530winter2020vivado\lab10VGAdemoJJS;
USERNAME=song
OS=Windows_NT
PROCESSOR_IDENTIFIER=Intel64 Family 6 Model 158 Stepping 10, GenuineIntel



---------------  S Y S T E M  ---------------

OS: Windows 10.0 , 64 bit Build 19041 (10.0.19041.662)

CPU:total 12 (6 cores per cpu, 2 threads per core) family 6 model 158 stepping 10, cmov, cx8, fxsr, mmx, sse, sse2, sse3, ssse3, sse4.1, sse4.2, popcnt, avx, avx2, aes, clmul, erms, 3dnowpref, lzcnt, ht, tsc, tscinvbit, bmi1, bmi2, adx

Memory: 4k page, physical 16505464k(5585096k free), swap 18995832k(6457112k free)

vm_info: Java HotSpot(TM) 64-Bit Server VM (25.66-b18) for windows-amd64 JRE (1.8.0_66-b18), built on Nov  9 2015 10:51:13 by "java_re" with MS VC++ 10.0 (VS2010)

time: Mon Jan 25 21:36:34 2021
elapsed time: 48 seconds (0d 0h 0m 48s)

