#
# A fatal error has been detected by the Java Runtime Environment:
#
#  EXCEPTION_UNCAUGHT_CXX_EXCEPTION (0xe06d7363) at pc=0x00007ffe2b30d759, pid=4116, tid=1352
#
# JRE version: Java(TM) SE Runtime Environment (8.0_66-b18) (build 1.8.0_66-b18)
# Java VM: Java HotSpot(TM) 64-Bit Server VM (25.66-b18 mixed mode windows-amd64 compressed oops)
# Problematic frame:
# C  [KERNELBASE.dll+0x2d759]
#
# Failed to write core dump. Minidumps are not enabled by default on client versions of Windows
#
# If you would like to submit a bug report, please visit:
#   http://bugreport.java.com/bugreport/crash.jsp
#

---------------  T H R E A D  ---------------

Current thread (0x0000000014376800):  VMThread [stack: 0x0000000016ac0000,0x0000000016bc0000] [id=1352]

siginfo: ExceptionCode=0xe06d7363, ExceptionInformation=0x0000000019930520 0x0000000016bbf318 0x00007ffdfe022cb8 0x00007ffdfdf70000 

Registers:
RAX=0x0000000016bbeb50, RBX=0x00007ffdfe022cb8, RCX=0x0000000000000000, RDX=0x0000000000150000
RSP=0x0000000016bbf160, RBP=0x0000000016bbf2a0, RSI=0x00000000ffffffff, RDI=0x0000000000645040
R8 =0x0000000000000000, R9 =0x0000953500000000, R10=0x0000000000000000, R11=0x0000000100000000
R12=0x0000000000000001, R13=0x0000000000000008, R14=0x0000000000000000, R15=0xffffffffffffffff
RIP=0x00007ffe2b30d759, EFLAGS=0x0000000000000202

Top of Stack: (sp=0x0000000016bbf160)
0x0000000016bbf160:   00007ffdfdf8ee90 00007ffdfe022cb8
0x0000000016bbf170:   00000000ffffffff 00000000258e7b00
0x0000000016bbf180:   00000001e06d7363 0000000000000000
0x0000000016bbf190:   00007ffe2b30d759 0000000000000004
0x0000000016bbf1a0:   0000000019930520 0000000016bbf318
0x0000000016bbf1b0:   00007ffdfe022cb8 00007ffdfdf70000
0x0000000016bbf1c0:   0000000000000008 0000000000000001
0x0000000016bbf1d0:   00000000ffffffff 0000000016bbf2a0
0x0000000016bbf1e0:   0000000016bbf2b0 00007ffe2d85681f
0x0000000016bbf1f0:   0000000000645040 00007ffe00000000
0x0000000016bbf200:   000095359d0f9f89 000000000000003f
0x0000000016bbf210:   00007ffdfe039000 00007ffdfdf70000
0x0000000016bbf220:   00006bbc83804d47 0000000000258080
0x0000000016bbf230:   00007ffdfe022cb8 00007ffdfdfce92c
0x0000000016bbf240:   ffffffff0000001f 0000000000000000
0x0000000016bbf250:   0000000000000008 0000000000000001 

Instructions: (pc=0x00007ffe2b30d759)
0x00007ffe2b30d739:   8b d1 44 0f 47 c0 44 89 44 24 38 49 c1 e0 03 e8
0x00007ffe2b30d749:   2a 47 06 00 48 8d 4c 24 20 48 ff 15 1f 23 19 00
0x00007ffe2b30d759:   0f 1f 44 00 00 48 8b 8c 24 c0 00 00 00 48 33 cc
0x00007ffe2b30d769:   e8 d2 09 06 00 48 81 c4 d8 00 00 00 c3 cc 83 64 


Register to memory mapping:

RAX=0x0000000016bbeb50 is an unknown value
RBX=0x00007ffdfe022cb8 is an unknown value
RCX=0x0000000000000000 is an unknown value
RDX=0x0000000000150000 is pointing into the stack for thread: 0x000000000264e000
RSP=0x0000000016bbf160 is an unknown value
RBP=0x0000000016bbf2a0 is an unknown value
RSI=0x00000000ffffffff is an unallocated location in the heap
RDI=0x0000000000645040 is an unknown value
R8 =0x0000000000000000 is an unknown value
R9 =0x0000953500000000 is an unknown value
R10=0x0000000000000000 is an unknown value
R11=0x0000000100000000 is pointing into metadata
R12=0x0000000000000001 is an unknown value
R13=0x0000000000000008 is an unknown value
R14=0x0000000000000000 is an unknown value
R15=0xffffffffffffffff is an unknown value


Stack: [0x0000000016ac0000,0x0000000016bc0000],  sp=0x0000000016bbf160,  free space=1020k
Native frames: (J=compiled Java code, j=interpreted, Vv=VM code, C=native code)
C  [KERNELBASE.dll+0x2d759]
C  [MSVCR110.dll+0x5e92c]
C  [MSVCR110.dll+0x1315c]
C  [MSVCR110.dll+0x136a9]
C  [MSVCR110.dll+0x13e9c]
C  [MSVCR110.dll+0x239e]
C  [MSVCR110.dll+0xaf9e]
C  [MSVCP110.dll+0x397b9]
C  [librdi_common.dll+0x182316]
C  [librdi_common.dll+0x180fab]
C  [librdi_target_manager.dll+0x2400]
C  [librdi_target_manager.dll+0x2682]
C  [ntdll.dll+0x37cad]
C  [ntdll.dll+0x63ff1]
C  [ntdll.dll+0x63e8d]
C  [KERNEL32.DLL+0x1e0ab]
C  [MSVCR100.dll+0x20ccd]
V  [jvm.dll+0x210cc5]
V  [jvm.dll+0x249897]
V  [jvm.dll+0x248b36]
V  [jvm.dll+0x248fd1]
V  [jvm.dll+0x2491ee]
V  [jvm.dll+0x29a0fa]
C  [MSVCR100.dll+0x21d9f]
C  [MSVCR100.dll+0x21e3b]
C  [KERNEL32.DLL+0x17034]
C  [ntdll.dll+0x4d0d1]

VM_Operation (0x000000000014f490): Exit, mode: safepoint, requested by thread 0x000000000264e000


---------------  P R O C E S S  ---------------

Java Threads: ( => current thread )
  0x00000000241e2000 JavaThread "pool-2-thread-1" [_thread_blocked, id=10780, stack(0x0000000028cd0000,0x0000000028dd0000)]
  0x00000000241da800 JavaThread "Thread-28" daemon [_thread_blocked, id=9620, stack(0x00000000289d0000,0x0000000028ad0000)]
  0x000000001d250000 JavaThread "TCF Channel Transmitter" daemon [_thread_blocked, id=16444, stack(0x0000000027f60000,0x0000000028060000)]
  0x000000001d24f800 JavaThread "TCF Channel Receiver" daemon [_thread_in_native, id=8392, stack(0x0000000027e60000,0x0000000027f60000)]
  0x000000001d252800 JavaThread "Process monitor" daemon [_thread_in_native, id=8252, stack(0x0000000027780000,0x0000000027880000)]
  0x000000001d254000 JavaThread "Input Stream Monitor" daemon [_thread_blocked, id=10888, stack(0x0000000027680000,0x0000000027780000)]
  0x000000001d251800 JavaThread "Output Stream Monitor" daemon [_thread_in_native, id=16888, stack(0x00000000266b0000,0x00000000267b0000)]
  0x000000001d254800 JavaThread "Output Stream Monitor" daemon [_thread_in_native, id=15908, stack(0x0000000026510000,0x0000000026610000)]
  0x000000001d248000 JavaThread "TCF Locator DNS Lookup" daemon [_thread_blocked, id=12724, stack(0x0000000025750000,0x0000000025850000)]
  0x000000001d247000 JavaThread "TCF Locator Timer" daemon [_thread_blocked, id=3160, stack(0x00000000251c0000,0x00000000252c0000)]
  0x0000000018963000 JavaThread "TCF Locator Receiver" daemon [_thread_in_native, id=9804, stack(0x0000000021bb0000,0x0000000021cb0000)]
  0x0000000018960800 JavaThread "TCF Timer Dispatcher" daemon [_thread_blocked, id=14328, stack(0x00000000250c0000,0x00000000251c0000)]
  0x0000000017dda000 JavaThread "EMF Reference Cleaner" daemon [_thread_blocked, id=6120, stack(0x000000001a5d0000,0x000000001a6d0000)]
  0x0000000015aea800 JavaThread "Service Thread" daemon [_thread_blocked, id=4996, stack(0x00000000174c0000,0x00000000175c0000)]
  0x0000000015a72000 JavaThread "C1 CompilerThread3" daemon [_thread_blocked, id=16328, stack(0x00000000173c0000,0x00000000174c0000)]
  0x0000000015a54800 JavaThread "C2 CompilerThread2" daemon [_thread_blocked, id=11828, stack(0x00000000172c0000,0x00000000173c0000)]
  0x0000000015a52000 JavaThread "C2 CompilerThread1" daemon [_thread_blocked, id=13096, stack(0x00000000171c0000,0x00000000172c0000)]
  0x0000000015a49800 JavaThread "C2 CompilerThread0" daemon [_thread_blocked, id=4784, stack(0x00000000170c0000,0x00000000171c0000)]
  0x0000000015a59000 JavaThread "Attach Listener" daemon [_thread_blocked, id=11404, stack(0x0000000016fc0000,0x00000000170c0000)]
  0x0000000015a58000 JavaThread "Signal Dispatcher" daemon [_thread_blocked, id=11084, stack(0x0000000016ec0000,0x0000000016fc0000)]
  0x000000000290d800 JavaThread "Finalizer" daemon [_thread_blocked, id=9604, stack(0x0000000016cc0000,0x0000000016dc0000)]
  0x000000001437c800 JavaThread "Reference Handler" daemon [_thread_blocked, id=15852, stack(0x0000000016bc0000,0x0000000016cc0000)]
  0x000000000264e000 JavaThread "main" [_thread_blocked, id=12644, stack(0x0000000000050000,0x0000000000150000)]

Other Threads:
=>0x0000000014376800 VMThread [stack: 0x0000000016ac0000,0x0000000016bc0000] [id=1352]

VM state:at safepoint (shutting down)

VM Mutex/Monitor currently owned by a thread:  ([mutex/lock_event])
[0x000000000264dd90] Threads_lock - owner thread: 0x0000000014376800

Heap:
 PSYoungGen      total 95232K, used 57632K [0x00000000f5580000, 0x00000000fd880000, 0x0000000100000000)
  eden space 67584K, 49% used [0x00000000f5580000,0x00000000f763cee0,0x00000000f9780000)
  from space 27648K, 87% used [0x00000000f9780000,0x00000000faf0b3f0,0x00000000fb280000)
  to   space 30208K, 0% used [0x00000000fbb00000,0x00000000fbb00000,0x00000000fd880000)
 ParOldGen       total 119808K, used 45167K [0x00000000e0000000, 0x00000000e7500000, 0x00000000f5580000)
  object space 119808K, 37% used [0x00000000e0000000,0x00000000e2c1be08,0x00000000e7500000)
 Metaspace       used 82648K, capacity 90106K, committed 90408K, reserved 1126400K
  class space    used 10136K, capacity 12477K, committed 12592K, reserved 1048576K

Card table byte_map: [0x0000000011cd0000,0x0000000011de0000] byte_map_base: 0x00000000115d0000

Marking Bits: (ParMarkBitMap*) 0x00000000568ba5b0
 Begin Bits: [0x0000000012890000, 0x0000000013090000)
 End Bits:   [0x0000000013090000, 0x0000000013890000)

Polling page: 0x00000000005a0000

CodeCache: size=245760Kb used=26207Kb max_used=26342Kb free=219552Kb
 bounds [0x0000000002910000, 0x00000000042f0000, 0x0000000011910000]
 total_blobs=8071 nmethods=7192 adapters=787
 compilation: enabled

Compilation events (10 events):
Event: 140.447 Thread 0x0000000015a72000 8749       3       org.eclipse.osgi.storage.bundlefile.MRUBundleFileList::removeInternal (37 bytes)
Event: 140.447 Thread 0x0000000015a72000 nmethod 8749 0x0000000003ef1110 code [0x0000000003ef1280, 0x0000000003ef16f0]
Event: 140.451 Thread 0x0000000015a72000 8751       3       java.util.TimSort::ensureCapacity (107 bytes)
Event: 140.452 Thread 0x0000000015a72000 nmethod 8751 0x0000000003ef0450 code [0x0000000003ef05e0, 0x0000000003ef0bb8]
Event: 140.452 Thread 0x0000000015a49800 8760       4       org.eclipse.osgi.container.ModuleDatabase::readUnlock (11 bytes)
Event: 140.452 Thread 0x0000000015a72000 8752       3       org.eclipse.osgi.container.Module::holdsTransitionEventLock (25 bytes)
Event: 140.452 Thread 0x0000000015a72000 nmethod 8752 0x0000000002abef90 code [0x0000000002abf120, 0x0000000002abf848]
Event: 140.453 Thread 0x0000000015a72000 8761       3       org.eclipse.osgi.internal.framework.EquinoxContainerAdaptor::clearManifestCache (84 bytes)
Event: 140.454 Thread 0x0000000015a72000 nmethod 8761 0x0000000002abccd0 code [0x0000000002abcf20, 0x0000000002abe638]
Event: 140.454 Thread 0x0000000015a72000 8762   !   3       org.eclipse.osgi.storage.BundleInfo$Generation::clearManifestCache (30 bytes)

GC Heap History (10 events):
Event: 4.223 GC heap before
{Heap before GC invocations=12 (full 3):
 PSYoungGen      total 75264K, used 18210K [0x00000000f5580000, 0x00000000fbf00000, 0x0000000100000000)
  eden space 56320K, 0% used [0x00000000f5580000,0x00000000f5580000,0x00000000f8c80000)
  from space 18944K, 96% used [0x00000000f8c80000,0x00000000f9e48be0,0x00000000f9f00000)
  to   space 21504K, 0% used [0x00000000faa00000,0x00000000faa00000,0x00000000fbf00000)
 ParOldGen       total 84992K, used 30403K [0x00000000e0000000, 0x00000000e5300000, 0x00000000f5580000)
  object space 84992K, 35% used [0x00000000e0000000,0x00000000e1db0ea0,0x00000000e5300000)
 Metaspace       used 54545K, capacity 59006K, committed 59160K, reserved 1101824K
  class space    used 6388K, capacity 7785K, committed 7856K, reserved 1048576K
Event: 4.371 GC heap after
Heap after GC invocations=12 (full 3):
 PSYoungGen      total 75264K, used 0K [0x00000000f5580000, 0x00000000fbf00000, 0x0000000100000000)
  eden space 56320K, 0% used [0x00000000f5580000,0x00000000f5580000,0x00000000f8c80000)
  from space 18944K, 0% used [0x00000000f8c80000,0x00000000f8c80000,0x00000000f9f00000)
  to   space 21504K, 0% used [0x00000000faa00000,0x00000000faa00000,0x00000000fbf00000)
 ParOldGen       total 119808K, used 43050K [0x00000000e0000000, 0x00000000e7500000, 0x00000000f5580000)
  object space 119808K, 35% used [0x00000000e0000000,0x00000000e2a0a838,0x00000000e7500000)
 Metaspace       used 54545K, capacity 59006K, committed 59160K, reserved 1101824K
  class space    used 6388K, capacity 7785K, committed 7856K, reserved 1048576K
}
Event: 5.561 GC heap before
{Heap before GC invocations=13 (full 3):
 PSYoungGen      total 75264K, used 56320K [0x00000000f5580000, 0x00000000fbf00000, 0x0000000100000000)
  eden space 56320K, 100% used [0x00000000f5580000,0x00000000f8c80000,0x00000000f8c80000)
  from space 18944K, 0% used [0x00000000f8c80000,0x00000000f8c80000,0x00000000f9f00000)
  to   space 21504K, 0% used [0x00000000faa00000,0x00000000faa00000,0x00000000fbf00000)
 ParOldGen       total 119808K, used 43050K [0x00000000e0000000, 0x00000000e7500000, 0x00000000f5580000)
  object space 119808K, 35% used [0x00000000e0000000,0x00000000e2a0a838,0x00000000e7500000)
 Metaspace       used 65997K, capacity 71512K, committed 71592K, reserved 1112064K
  class space    used 7992K, capacity 9618K, committed 9648K, reserved 1048576K
Event: 5.573 GC heap after
Heap after GC invocations=13 (full 3):
 PSYoungGen      total 84480K, used 16347K [0x00000000f5580000, 0x00000000fbf00000, 0x0000000100000000)
  eden space 62976K, 0% used [0x00000000f5580000,0x00000000f5580000,0x00000000f9300000)
  from space 21504K, 76% used [0x00000000faa00000,0x00000000fb9f6c40,0x00000000fbf00000)
  to   space 22528K, 0% used [0x00000000f9300000,0x00000000f9300000,0x00000000fa900000)
 ParOldGen       total 119808K, used 43058K [0x00000000e0000000, 0x00000000e7500000, 0x00000000f5580000)
  object space 119808K, 35% used [0x00000000e0000000,0x00000000e2a0c838,0x00000000e7500000)
 Metaspace       used 65997K, capacity 71512K, committed 71592K, reserved 1112064K
  class space    used 7992K, capacity 9618K, committed 9648K, reserved 1048576K
}
Event: 5.861 GC heap before
{Heap before GC invocations=14 (full 3):
 PSYoungGen      total 84480K, used 79323K [0x00000000f5580000, 0x00000000fbf00000, 0x0000000100000000)
  eden space 62976K, 100% used [0x00000000f5580000,0x00000000f9300000,0x00000000f9300000)
  from space 21504K, 76% used [0x00000000faa00000,0x00000000fb9f6c40,0x00000000fbf00000)
  to   space 22528K, 0% used [0x00000000f9300000,0x00000000f9300000,0x00000000fa900000)
 ParOldGen       total 119808K, used 43058K [0x00000000e0000000, 0x00000000e7500000, 0x00000000f5580000)
  object space 119808K, 35% used [0x00000000e0000000,0x00000000e2a0c838,0x00000000e7500000)
 Metaspace       used 69706K, capacity 75582K, committed 75688K, reserved 1114112K
  class space    used 8479K, capacity 10319K, committed 10416K, reserved 1048576K
Event: 5.869 GC heap after
Heap after GC invocations=14 (full 3):
 PSYoungGen      total 85504K, used 17007K [0x00000000f5580000, 0x00000000fc980000, 0x0000000100000000)
  eden space 62976K, 0% used [0x00000000f5580000,0x00000000f5580000,0x00000000f9300000)
  from space 22528K, 75% used [0x00000000f9300000,0x00000000fa39bec0,0x00000000fa900000)
  to   space 23552K, 0% used [0x00000000fb280000,0x00000000fb280000,0x00000000fc980000)
 ParOldGen       total 119808K, used 43066K [0x00000000e0000000, 0x00000000e7500000, 0x00000000f5580000)
  object space 119808K, 35% used [0x00000000e0000000,0x00000000e2a0e838,0x00000000e7500000)
 Metaspace       used 69706K, capacity 75582K, committed 75688K, reserved 1114112K
  class space    used 8479K, capacity 10319K, committed 10416K, reserved 1048576K
}
Event: 82.676 GC heap before
{Heap before GC invocations=15 (full 3):
 PSYoungGen      total 85504K, used 79983K [0x00000000f5580000, 0x00000000fc980000, 0x0000000100000000)
  eden space 62976K, 100% used [0x00000000f5580000,0x00000000f9300000,0x00000000f9300000)
  from space 22528K, 75% used [0x00000000f9300000,0x00000000fa39bec0,0x00000000fa900000)
  to   space 23552K, 0% used [0x00000000fb280000,0x00000000fb280000,0x00000000fc980000)
 ParOldGen       total 119808K, used 43066K [0x00000000e0000000, 0x00000000e7500000, 0x00000000f5580000)
  object space 119808K, 35% used [0x00000000e0000000,0x00000000e2a0e838,0x00000000e7500000)
 Metaspace       used 77609K, capacity 84934K, committed 85160K, reserved 1122304K
  class space    used 9542K, capacity 11634K, committed 11696K, reserved 1048576K
Event: 82.689 GC heap after
Heap after GC invocations=15 (full 3):
 PSYoungGen      total 91136K, used 23549K [0x00000000f5580000, 0x00000000fd000000, 0x0000000100000000)
  eden space 67584K, 0% used [0x00000000f5580000,0x00000000f5580000,0x00000000f9780000)
  from space 23552K, 99% used [0x00000000fb280000,0x00000000fc97f4b0,0x00000000fc980000)
  to   space 27648K, 0% used [0x00000000f9780000,0x00000000f9780000,0x00000000fb280000)
 ParOldGen       total 119808K, used 45159K [0x00000000e0000000, 0x00000000e7500000, 0x00000000f5580000)
  object space 119808K, 37% used [0x00000000e0000000,0x00000000e2c19e08,0x00000000e7500000)
 Metaspace       used 77609K, capacity 84934K, committed 85160K, reserved 1122304K
  class space    used 9542K, capacity 11634K, committed 11696K, reserved 1048576K
}
Event: 124.371 GC heap before
{Heap before GC invocations=16 (full 3):
 PSYoungGen      total 91136K, used 91133K [0x00000000f5580000, 0x00000000fd000000, 0x0000000100000000)
  eden space 67584K, 100% used [0x00000000f5580000,0x00000000f9780000,0x00000000f9780000)
  from space 23552K, 99% used [0x00000000fb280000,0x00000000fc97f4b0,0x00000000fc980000)
  to   space 27648K, 0% used [0x00000000f9780000,0x00000000f9780000,0x00000000fb280000)
 ParOldGen       total 119808K, used 45159K [0x00000000e0000000, 0x00000000e7500000, 0x00000000f5580000)
  object space 119808K, 37% used [0x00000000e0000000,0x00000000e2c19e08,0x00000000e7500000)
 Metaspace       used 81268K, capacity 88594K, committed 88872K, reserved 1126400K
  class space    used 9995K, capacity 12249K, committed 12336K, reserved 1048576K
Event: 124.380 GC heap after
Heap after GC invocations=16 (full 3):
 PSYoungGen      total 95232K, used 24108K [0x00000000f5580000, 0x00000000fd880000, 0x0000000100000000)
  eden space 67584K, 0% used [0x00000000f5580000,0x00000000f5580000,0x00000000f9780000)
  from space 27648K, 87% used [0x00000000f9780000,0x00000000faf0b3f0,0x00000000fb280000)
  to   space 30208K, 0% used [0x00000000fbb00000,0x00000000fbb00000,0x00000000fd880000)
 ParOldGen       total 119808K, used 45167K [0x00000000e0000000, 0x00000000e7500000, 0x00000000f5580000)
  object space 119808K, 37% used [0x00000000e0000000,0x00000000e2c1be08,0x00000000e7500000)
 Metaspace       used 81268K, capacity 88594K, committed 88872K, reserved 1126400K
  class space    used 9995K, capacity 12249K, committed 12336K, reserved 1048576K
}

Deoptimization events (10 events):
Event: 139.818 Thread 0x00000000241e6000 Uncommon trap: reason=class_check action=maybe_recompile pc=0x00000000042297b8 method=org.eclipse.e4.core.internal.contexts.TrackableComputationExt.update(Lorg/eclipse/e4/core/internal/contexts/ContextChangeEvent;)Z @ 62
Event: 139.818 Thread 0x00000000241e6000 Uncommon trap: reason=class_check action=maybe_recompile pc=0x00000000041cb8d0 method=org.eclipse.e4.core.internal.contexts.ContextObjectSupplier$ContextInjectionListener.update(Lorg/eclipse/e4/core/contexts/IEclipseContext;I[Ljava/lang/Object;)Z @ 173
Event: 139.832 Thread 0x00000000241e0000 Uncommon trap: reason=unstable_if action=reinterpret pc=0x0000000002a83aa4 method=sun.nio.cs.SingleByte$Encoder.encode(C)I @ 13
Event: 140.396 Thread 0x00000000241e6000 Uncommon trap: reason=unstable_if action=reinterpret pc=0x000000000383a0b0 method=org.eclipse.osgi.internal.hooks.EclipseLazyStarter.shouldActivateFor(Ljava/lang/String;Lorg/eclipse/osgi/container/Module;Lorg/eclipse/osgi/container/ModuleRevision;Lorg/ecli_¸¹Œa@
Event: 140.398 Thread 0x0000000018d35800 Uncommon trap: reason=predicate action=maybe_recompile pc=0x0000000003b8871c method=java.util.Arrays.fill([Ljava/lang/Object;Ljava/lang/Object;)V @ 10
Event: 140.401 Thread 0x0000000018d35800 Uncommon trap: reason=array_check action=maybe_recompile pc=0x00000000042da378 method=java.util.Arrays.fill([Ljava/lang/Object;Ljava/lang/Object;)V @ 13
Event: 140.401 Thread 0x0000000018d35800 Uncommon trap: reason=array_check action=maybe_recompile pc=0x00000000042da378 method=java.util.Arrays.fill([Ljava/lang/Object;Ljava/lang/Object;)V @ 13
Event: 140.401 Thread 0x0000000018d35800 Uncommon trap: reason=array_check action=maybe_recompile pc=0x00000000042da378 method=java.util.Arrays.fill([Ljava/lang/Object;Ljava/lang/Object;)V @ 13
Event: 140.401 Thread 0x0000000018d35800 Uncommon trap: reason=array_check action=maybe_recompile pc=0x00000000042da378 method=java.util.Arrays.fill([Ljava/lang/Object;Ljava/lang/Object;)V @ 13
Event: 140.438 Thread 0x00000000241e6000 Uncommon trap: reason=unstable_if action=reinterpret pc=0x0000000003cec724 method=sun.reflect.UnsafeStaticObjectFieldAccessorImpl.set(Ljava/lang/Object;Ljava/lang/Object;)V @ 13

Internal exceptions (10 events):
Event: 139.798 Thread 0x000000000264e000 Exception <a 'java/io/FileNotFoundException'> (0x00000000f6cfea88) thrown at [C:\re\workspace\8-2-build-windows-amd64-cygwin\jdk8u66\5298\hotspot\src\share\vm\prims\jni.cpp, line 709]
Event: 139.798 Thread 0x000000000264e000 Exception <a 'java/io/FileNotFoundException'> (0x00000000f6d01a28) thrown at [C:\re\workspace\8-2-build-windows-amd64-cygwin\jdk8u66\5298\hotspot\src\share\vm\prims\jni.cpp, line 709]
Event: 139.798 Thread 0x000000000264e000 Exception <a 'java/io/FileNotFoundException'> (0x00000000f6d03990) thrown at [C:\re\workspace\8-2-build-windows-amd64-cygwin\jdk8u66\5298\hotspot\src\share\vm\prims\jni.cpp, line 709]
Event: 139.798 Thread 0x000000000264e000 Exception <a 'java/io/FileNotFoundException'> (0x00000000f6d05a48) thrown at [C:\re\workspace\8-2-build-windows-amd64-cygwin\jdk8u66\5298\hotspot\src\share\vm\prims\jni.cpp, line 709]
Event: 139.831 Thread 0x00000000241dd000 Exception <a 'java/lang/InterruptedException'> (0x00000000f70cf6f0) thrown at [C:\re\workspace\8-2-build-windows-amd64-cygwin\jdk8u66\5298\hotspot\src\share\vm\runtime\objectMonitor.cpp, line 1683]
Event: 140.427 Thread 0x0000000018964800 Exception <a 'java/lang/InterruptedException'> (0x00000000f564bc20) thrown at [C:\re\workspace\8-2-build-windows-amd64-cygwin\jdk8u66\5298\hotspot\src\share\vm\runtime\objectMonitor.cpp, line 1683]
Event: 140.438 Thread 0x00000000241e6000 Implicit null exception at 0x0000000003cec317 to 0x0000000003cec711
Event: 140.438 Thread 0x0000000018d35800 Exception <a 'java/lang/InterruptedException'> (0x00000000f73f9988) thrown at [C:\re\workspace\8-2-build-windows-amd64-cygwin\jdk8u66\5298\hotspot\src\share\vm\runtime\objectMonitor.cpp, line 1683]
Event: 140.451 Thread 0x0000000018965000 Exception <a 'java/lang/InterruptedException'> (0x00000000f59a0380) thrown at [C:\re\workspace\8-2-build-windows-amd64-cygwin\jdk8u66\5298\hotspot\src\share\vm\runtime\objectMonitor.cpp, line 1683]
Event: 140.451 Thread 0x0000000017ae0800 Exception <a 'java/lang/InterruptedException'> (0x00000000f75da630) thrown at [C:\re\workspace\8-2-build-windows-amd64-cygwin\jdk8u66\5298\hotspot\src\share\vm\runtime\objectMonitor.cpp, line 1683]

Events (10 events):
Event: 140.453 loading class java/util/IdentityHashMap$KeySet
Event: 140.453 loading class java/util/IdentityHashMap$KeySet done
Event: 140.453 loading class java/util/IdentityHashMap$KeyIterator
Event: 140.453 loading class java/util/IdentityHashMap$IdentityHashMapIterator
Event: 140.453 loading class java/util/IdentityHashMap$IdentityHashMapIterator done
Event: 140.453 loading class java/util/IdentityHashMap$KeyIterator done
Event: 140.453 Thread 0x00000000241dd000 Thread added: 0x00000000241dd000
Event: 140.454 Thread 0x00000000241dd000 Thread exited: 0x00000000241dd000
Event: 140.454 Thread 0x0000000015a72000 flushing nmethod 0x0000000003035850
Event: 140.454 Executing VM operation: Exit


Dynamic libraries:
0x0000000000400000 - 0x000000000044f000 	C:\Xilinx\SDK\2016.2\eclipse\win64.o\eclipse.exe
0x00007ffe2d830000 - 0x00007ffe2da26000 	C:\WINDOWS\SYSTEM32\ntdll.dll
0x00007ffe2bf90000 - 0x00007ffe2c04d000 	C:\WINDOWS\System32\KERNEL32.DLL
0x00007ffe2b2e0000 - 0x00007ffe2b5a9000 	C:\WINDOWS\System32\KERNELBASE.dll
0x00007ffe2c120000 - 0x00007ffe2c2c0000 	C:\WINDOWS\System32\USER32.dll
0x00007ffe2b0b0000 - 0x00007ffe2b0d2000 	C:\WINDOWS\System32\win32u.dll
0x00007ffe2d6c0000 - 0x00007ffe2d6ea000 	C:\WINDOWS\System32\GDI32.dll
0x00007ffe2afa0000 - 0x00007ffe2b0ab000 	C:\WINDOWS\System32\gdi32full.dll
0x00007ffe2b0e0000 - 0x00007ffe2b17d000 	C:\WINDOWS\System32\msvcp_win.dll
0x00007ffe2b180000 - 0x00007ffe2b280000 	C:\WINDOWS\System32\ucrtbase.dll
0x00007ffe2c2c0000 - 0x00007ffe2c35e000 	C:\WINDOWS\System32\msvcrt.dll
0x00007ffe132d0000 - 0x00007ffe1356b000 	C:\WINDOWS\WinSxS\amd64_microsoft.windows.common-controls_6595b64144ccf1df_6.0.19041.746_none_ca02b4b61b8320a4\COMCTL32.dll
0x00007ffe2ce80000 - 0x00007ffe2ceb0000 	C:\WINDOWS\System32\IMM32.DLL
0x0000000072000000 - 0x0000000072012000 	C:\Xilinx\SDK\2016.2\eclipse\win64.o\plugins\org.eclipse.equinox.launcher.win32.win32.x86_64_1.1.300.v20150602-1417\eclipse_1611.dll
0x00007ffe2d610000 - 0x00007ffe2d6bc000 	C:\WINDOWS\System32\ADVAPI32.dll
0x00007ffe2d6f0000 - 0x00007ffe2d78c000 	C:\WINDOWS\System32\sechost.dll
0x00007ffe2d330000 - 0x00007ffe2d45b000 	C:\WINDOWS\System32\RPCRT4.dll
0x00007ffe1e220000 - 0x00007ffe1e22a000 	C:\WINDOWS\SYSTEM32\VERSION.dll
0x00007ffe24990000 - 0x00007ffe24a2e000 	C:\WINDOWS\system32\uxtheme.dll
0x00007ffe2bc30000 - 0x00007ffe2bf86000 	C:\WINDOWS\System32\combase.dll
0x00007ffe2cca0000 - 0x00007ffe2cdb6000 	C:\WINDOWS\System32\MSCTF.dll
0x00007ffe2c050000 - 0x00007ffe2c11d000 	C:\WINDOWS\System32\OLEAUT32.dll
0x00000000560b0000 - 0x0000000056939000 	C:\Xilinx\SDK\2016.2\tps\win64\jre\bin\server\jvm.dll
0x00007ffe2cdc0000 - 0x00007ffe2cdc8000 	C:\WINDOWS\System32\PSAPI.DLL
0x00007ffe1c290000 - 0x00007ffe1c2b7000 	C:\WINDOWS\SYSTEM32\WINMM.dll
0x00007ffe106e0000 - 0x00007ffe106e9000 	C:\WINDOWS\SYSTEM32\WSOCK32.dll
0x0000000056bd0000 - 0x0000000056ca2000 	C:\WINDOWS\SYSTEM32\MSVCR100.dll
0x00007ffe2c4c0000 - 0x00007ffe2c52b000 	C:\WINDOWS\System32\WS2_32.dll
0x000000005a5a0000 - 0x000000005a5af000 	C:\Xilinx\SDK\2016.2\tps\win64\jre\bin\verify.dll
0x0000000055f50000 - 0x0000000055f79000 	C:\Xilinx\SDK\2016.2\tps\win64\jre\bin\java.dll
0x0000000055f30000 - 0x0000000055f46000 	C:\Xilinx\SDK\2016.2\tps\win64\jre\bin\zip.dll
0x00007ffe2c530000 - 0x00007ffe2cc73000 	C:\WINDOWS\System32\SHELL32.dll
0x00007ffe28fb0000 - 0x00007ffe2973f000 	C:\WINDOWS\SYSTEM32\windows.storage.dll
0x00007ffe2a9d0000 - 0x00007ffe2a9fc000 	C:\WINDOWS\SYSTEM32\Wldp.dll
0x00007ffe2cdd0000 - 0x00007ffe2ce7e000 	C:\WINDOWS\System32\SHCORE.dll
0x00007ffe2c460000 - 0x00007ffe2c4b5000 	C:\WINDOWS\System32\shlwapi.dll
0x00007ffe2aea0000 - 0x00007ffe2aec6000 	C:\WINDOWS\SYSTEM32\profapi.dll
0x00007ffe2a920000 - 0x00007ffe2a938000 	C:\WINDOWS\SYSTEM32\CRYPTSP.dll
0x00007ffe29f80000 - 0x00007ffe29fb4000 	C:\WINDOWS\system32\rsaenh.dll
0x00007ffe2af70000 - 0x00007ffe2af97000 	C:\WINDOWS\System32\bcrypt.dll
0x00007ffe2ae60000 - 0x00007ffe2ae8e000 	C:\WINDOWS\SYSTEM32\USERENV.dll
0x00007ffe2b6b0000 - 0x00007ffe2b730000 	C:\WINDOWS\System32\bcryptprimitives.dll
0x00007ffe2a940000 - 0x00007ffe2a94c000 	C:\WINDOWS\SYSTEM32\CRYPTBASE.dll
0x0000000055f10000 - 0x0000000055f2a000 	C:\Xilinx\SDK\2016.2\tps\win64\jre\bin\net.dll
0x00007ffe2a750000 - 0x00007ffe2a7ba000 	C:\WINDOWS\system32\mswsock.dll
0x00007ffe2a3f0000 - 0x00007ffe2a42b000 	C:\WINDOWS\SYSTEM32\IPHLPAPI.DLL
0x00007ffe2ceb0000 - 0x00007ffe2ceb8000 	C:\WINDOWS\System32\NSI.dll
0x00007ffe1e740000 - 0x00007ffe1e757000 	C:\WINDOWS\SYSTEM32\dhcpcsvc6.DLL
0x00007ffe1e720000 - 0x00007ffe1e73d000 	C:\WINDOWS\SYSTEM32\dhcpcsvc.DLL
0x00007ffe2a430000 - 0x00007ffe2a4fb000 	C:\WINDOWS\SYSTEM32\DNSAPI.dll
0x0000000055ef0000 - 0x0000000055f01000 	C:\Xilinx\SDK\2016.2\tps\win64\jre\bin\nio.dll
0x00007ffe29750000 - 0x00007ffe29762000 	C:\WINDOWS\SYSTEM32\kernel.appcore.dll
0x00007ffe19f80000 - 0x00007ffe1a07b000 	C:\WINDOWS\SYSTEM32\textinputframework.dll
0x00007ffe24310000 - 0x00007ffe2466e000 	C:\WINDOWS\System32\CoreUIComponents.dll
0x00007ffe24670000 - 0x00007ffe24762000 	C:\WINDOWS\System32\CoreMessaging.dll
0x00007ffe22fb0000 - 0x00007ffe23104000 	C:\WINDOWS\SYSTEM32\wintypes.dll
0x00007ffe29bb0000 - 0x00007ffe29be3000 	C:\WINDOWS\SYSTEM32\ntmarta.dll
0x00007ffe0b610000 - 0x00007ffe0b627000 	C:\WINDOWS\system32\napinsp.dll
0x00007ffe0b5f0000 - 0x00007ffe0b60b000 	C:\WINDOWS\system32\pnrpnsp.dll
0x00007ffe219b0000 - 0x00007ffe219c5000 	C:\WINDOWS\system32\wshbth.dll
0x00007ffe22a60000 - 0x00007ffe22a7d000 	C:\WINDOWS\system32\NLAapi.dll
0x00007ffe0b5d0000 - 0x00007ffe0b5e2000 	C:\WINDOWS\System32\winrnr.dll
0x00007ffe1e9b0000 - 0x00007ffe1e9ba000 	C:\Windows\System32\rasadhlp.dll
0x00007ffe149d0000 - 0x00007ffe14a4f000 	C:\WINDOWS\System32\fwpuclnt.dll
0x000000001a2d0000 - 0x000000001a378000 	C:\Users\song\.Xilinx\SDK\2016.2\org.eclipse.osgi\312\0\.cp\swt-win32-4527.dll
0x00007ffe2b890000 - 0x00007ffe2b9ba000 	C:\WINDOWS\System32\ole32.dll
0x00007ffe2bb50000 - 0x00007ffe2bc2b000 	C:\WINDOWS\System32\comdlg32.dll
0x00007ffe2b730000 - 0x00007ffe2b886000 	C:\WINDOWS\System32\CRYPT32.dll
0x00007ffe00dc0000 - 0x00007ffe00dd9000 	C:\WINDOWS\SYSTEM32\USP10.dll
0x00007ffe0ff10000 - 0x00007ffe103ea000 	C:\WINDOWS\SYSTEM32\WININET.dll
0x00007ffe13240000 - 0x00007ffe132ce000 	C:\WINDOWS\SYSTEM32\WINSPOOL.DRV
0x00007ffe22460000 - 0x00007ffe22557000 	C:\WINDOWS\SYSTEM32\propsys.dll
0x00007ffe2baa0000 - 0x00007ffe2bb49000 	C:\WINDOWS\System32\clbcatq.dll
0x00007ffe2b5b0000 - 0x00007ffe2b5fe000 	C:\WINDOWS\System32\cfgmgr32.dll
0x000000001aab0000 - 0x000000001aace000 	C:\Users\song\.Xilinx\SDK\2016.2\org.eclipse.osgi\312\0\.cp\swt-gdip-win32-4527.dll
0x00007ffe13570000 - 0x00007ffe13716000 	C:\WINDOWS\WinSxS\amd64_microsoft.windows.gdiplus_6595b64144ccf1df_1.1.19041.746_none_faeda79b76159a72\gdiplus.dll
0x00007ffe1e780000 - 0x00007ffe1e934000 	C:\WINDOWS\SYSTEM32\WindowsCodecs.dll
0x0000000180000000 - 0x0000000180012000 	C:\Users\song\.Xilinx\SDK\2016.2\org.eclipse.osgi\126\0\.cp\os\win32\x86_64\localfile_1_0_0.dll
0x00007ffe01fb0000 - 0x00007ffe0205c000 	C:\WINDOWS\SYSTEM32\TextShaping.dll
0x00007ffe131d0000 - 0x00007ffe13236000 	C:\WINDOWS\SYSTEM32\oleacc.dll
0x00007ffe1c250000 - 0x00007ffe1c257000 	C:\WINDOWS\SYSTEM32\msimg32.dll
0x00007ffe22c30000 - 0x00007ffe22c41000 	C:\Users\song\.Xilinx\SDK\2016.2\org.eclipse.osgi\129\0\.cp\jWinHttp-1.0.0.dll
0x00007ffe2a010000 - 0x00007ffe2a110000 	C:\WINDOWS\SYSTEM32\WINHTTP.dll
0x00007ffe22f20000 - 0x00007ffe22f2f000 	C:\Xilinx\SDK\2016.2\lib\win64.o\librdi_repo_manager.dll
0x00007ffe21710000 - 0x00007ffe2173a000 	C:\Xilinx\SDK\2016.2\lib\win64.o\libisl_sysinfo.dll
0x00007ffd8e780000 - 0x00007ffd8f1c0000 	C:\Xilinx\SDK\2016.2\lib\win64.o\librdi_common.dll
0x00007ffdffe00000 - 0x00007ffdffea7000 	C:\WINDOWS\SYSTEM32\MSVCP110.dll
0x00007ffdff250000 - 0x00007ffdff2a4000 	C:\Xilinx\SDK\2016.2\lib\win64.o\librdi_commonxillic.dll
0x00007ffdffed0000 - 0x00007ffe000c2000 	C:\Xilinx\SDK\2016.2\lib\win64.o\librdi_hsm.dll
0x00007ffd8e410000 - 0x00007ffd8e77e000 	C:\Xilinx\SDK\2016.2\lib\win64.o\libCOIN-all.dll
0x00007ffd8e1f0000 - 0x00007ffd8e40f000 	C:\Xilinx\SDK\2016.2\lib\win64.o\libXil_lmgr11.dll
0x00007ffe22e90000 - 0x00007ffe22ea0000 	C:\Xilinx\SDK\2016.2\lib\win64.o\libboost_date_time.dll
0x00007ffdfdf70000 - 0x00007ffdfe044000 	C:\WINDOWS\SYSTEM32\MSVCR110.dll
0x00007ffe2b280000 - 0x00007ffe2b2e0000 	C:\WINDOWS\System32\WINTRUST.dll
0x00007ffe11940000 - 0x00007ffe11964000 	C:\Xilinx\SDK\2016.2\lib\win64.o\libboost_filesystem.dll
0x00007ffdf0020000 - 0x00007ffdf0097000 	C:\Xilinx\SDK\2016.2\lib\win64.o\libboost_program_options.dll
0x00007ffe216f0000 - 0x00007ffe21703000 	C:\Xilinx\SDK\2016.2\lib\win64.o\libboost_signals.dll
0x00007ffddb030000 - 0x00007ffddb136000 	C:\Xilinx\SDK\2016.2\lib\win64.o\libboost_regex.dll
0x00007ffe22ce0000 - 0x00007ffe22ce9000 	C:\Xilinx\SDK\2016.2\lib\win64.o\libboost_system.dll
0x00007ffe161a0000 - 0x00007ffe161bd000 	C:\Xilinx\SDK\2016.2\lib\win64.o\libboost_thread.dll
0x00007ffe22c20000 - 0x00007ffe22c2b000 	C:\Xilinx\SDK\2016.2\lib\win64.o\libboost_xilinx.dll
0x00007ffde9000000 - 0x00007ffde9080000 	C:\Xilinx\SDK\2016.2\lib\win64.o\libhdlpsolve.dll
0x00007ffd8dd80000 - 0x00007ffd8e1e5e00 	C:\Xilinx\SDK\2016.2\lib\win64.o\libisl_iostreams.dll
0x00007ffde3620000 - 0x00007ffde36ba000 	C:\Xilinx\SDK\2016.2\lib\win64.o\libhdxml.dll
0x00007ffe15da0000 - 0x00007ffe15db5000 	C:\Xilinx\SDK\2016.2\lib\win64.o\pthreadVC2.dll
0x00007ffdda020000 - 0x00007ffdda150000 	C:\Xilinx\SDK\2016.2\lib\win64.o\librdi_curl.dll
0x00007ffe0b420000 - 0x00007ffe0b443000 	C:\Xilinx\SDK\2016.2\lib\win64.o\librdizlib.dll
0x0000000055f80000 - 0x00000000560a7000 	C:\Xilinx\SDK\2016.2\lib\win64.o\tcl85t.dll
0x00007ffe0ed10000 - 0x00007ffe0ed28000 	C:\Xilinx\SDK\2016.2\lib\win64.o\librdiconfig.dll
0x00007ffe1a0e0000 - 0x00007ffe1a103000 	C:\WINDOWS\SYSTEM32\VCOMP110.DLL
0x00007ffe15330000 - 0x00007ffe1551d000 	C:\WINDOWS\SYSTEM32\urlmon.dll
0x00007ffdfdbe0000 - 0x00007ffdfdc23000 	C:\Xilinx\SDK\2016.2\lib\win64.o\librdi_hdf.dll
0x00007ffe1e2e0000 - 0x00007ffe1e2f8000 	C:\WINDOWS\SYSTEM32\NETAPI32.dll
0x00007ffd8daf0000 - 0x00007ffd8dd71000 	C:\Xilinx\SDK\2016.2\lib\win64.o\librdi_ippcw.dll
0x00007ffe1bfb0000 - 0x00007ffe1bfbb000 	C:\Xilinx\SDK\2016.2\lib\win64.o\libboost_chrono.dll
0x00007ffe02ca0000 - 0x00007ffe02cb6000 	C:\Xilinx\SDK\2016.2\lib\win64.o\libboost_iostreams.dll
0x00007ffe00e60000 - 0x00007ffe00e83000 	C:\Xilinx\SDK\2016.2\lib\win64.o\libisl_iosutils.dll
0x00007ffe15660000 - 0x00007ffe15910000 	C:\WINDOWS\SYSTEM32\iertutil.dll
0x00000000278f0000 - 0x0000000027b53000 	C:\Xilinx\SDK\2016.2\lib\win64.o\xerces-c_3_1.dll
0x00007ffe2ab50000 - 0x00007ffe2ab62000 	C:\WINDOWS\SYSTEM32\MSASN1.dll
0x00007ffdf2d70000 - 0x00007ffdf2d94000 	C:\WINDOWS\SYSTEM32\edputil.dll
0x00007ffe00e10000 - 0x00007ffe00e26000 	C:\Xilinx\SDK\2016.2\eclipse\win64.o\plugins\org.eclipse.cdt.core.win32.x86_64_5.4.0.201509131935\os\win32\x86_64\spawner.dll
0x00007ffe1a0d0000 - 0x00007ffe1a0da000 	C:\Xilinx\SDK\2016.2\lib\win64.o\librdi_jtag_settings.dll
0x00007ffdfce30000 - 0x00007ffdfce59000 	C:\Xilinx\SDK\2016.2\lib\win64.o\librdi_debug_dialog.dll
0x00007ffe16700000 - 0x00007ffe16708000 	C:\Xilinx\SDK\2016.2\lib\win64.o\librdi_target_manager.dll
0x0000000071080000 - 0x00000000710a6000 	C:\Xilinx\SDK\2016.2\eclipse\win64.o\plugins\gnu.io.rxtx.win32.x86_64_2.1.7.3_v20071015\os\win32\x86_64\rxtxSerial.dll
0x00007ffdbe970000 - 0x00007ffdbf180000 	C:\Xilinx\SDK\2016.2\lib\win64.o\libXil_lmgr11FNP.dll
0x00007ffe2cec0000 - 0x00007ffe2d327000 	C:\WINDOWS\System32\SETUPAPI.dll

VM Arguments:
jvm_args: -Dcom.xilinx.sdk.args.hwspec=C:/Xilinx/ECE530winter2020vivado/lab10VGAdemoJJS/lab10VGAdemoJJS.sdk/lab9VGA_wrapper.hdf -Xms64m -Xmx512m & 
java_command: <unknown>
java_class_path (initial): C:\Xilinx\SDK\2016.2\eclipse\win64.o\\plugins/org.eclipse.equinox.launcher_1.3.100.v20150511-1540.jar
Launcher Type: generic

Environment Variables:
PATH=C:/Xilinx/SDK/2016.2/tps/win64/jre/bin/server;C:/Xilinx/SDK/2016.2/tps/win64/jre/bin;C:/Xilinx/SDK/2016.2/tps/win64/jre/lib/amd64;C:\Xilinx\SDK\2016.2\gnuwin\bin;C:\Xilinx\SDK\2016.2\gnu\microblaze\nt\bin;C:\Xilinx\SDK\2016.2\gnu\microblaze\linux_toolchain\nt64_le\bin;C:\Xilinx\SDK\2016.2\gnu\microblaze\linux_toolchain\nt64_be\bin;C:\Xilinx\SDK\2016.2\gnu\arm\nt\bin;C:\Xilinx\SDK\2016.2\gnu\aarch64\nt\aarch64-none\bin;C:\Xilinx\SDK\2016.2\gnu\aarch64\nt\aarch64-linux\bin;C:\Xilinx\SDK\2016.2\gnu\armr5\nt\gcc-arm-none-eabi\bin;C:\Xilinx\SDK\2016.2\gnu\aarch32\nt\gcc-arm-none-eabi\bin;C:\Xilinx\SDK\2016.2\gnu\aarch32\nt\gcc-arm-linux-gnueabi\bin;C:\Xilinx\SDK\2016.2\tps\win64\cmake-3.3.2\bin;;C:\Xilinx\SDK\2016.2\bin;C:\Xilinx\SDK\2016.2\lib\win64.o;C:\Xilinx\SDK\2016.2\tps\win64\jre\bin\server;C:\Xilinx\SDK\2016.2\tps\win64\jre\bin;C:\Xilinx\Vivado\2016.2\ids_lite\ISE\bin\nt64;C:\Xilinx\Vivado\2016.2\ids_lite\ISE\lib\nt64;C:\Xilinx\Vivado\2016.2\bin;C:\Xilinx\Vivado\2016.2\lib\win64.o;C:\Xilinx\Vivado\2016.2\tps\win64\jre\bin\server;C:\Xilinx\Vivado\2016.2\tps\win64\jre\bin;C:\Xilinx\Vivado_HLS\2016.2\bin;C:\Program Files\VanDyke Software\Clients\;C:\WINDOWS\system32;C:\WINDOWS;C:\WINDOWS\System32\Wbem;C:\WINDOWS\System32\WindowsPowerShell\v1.0\;C:\WINDOWS\System32\OpenSSH\;C:\Program Files\Git\cmd;c:\Program Files\MATLAB\R2020a\bin;C:\Program Files (x86)\IVI Foundation\VISA\WinNT\Bin\;C:\Program Files\IVI Foundation\VISA\Win64\Bin\;C:\Program Files\Microchip\xc8\v2.20\bin;C:\Program Files\Microchip\xc8\v2.31\bin;C:\Users\song\AppData\Local\Microsoft\WindowsApps;C:\Users\song\AppData\Local\GitHubDesktop\bin;C:\Xilinx\ECE530winter2020vivado\lab10VGAdemoJJS;
USERNAME=song
OS=Windows_NT
PROCESSOR_IDENTIFIER=Intel64 Family 6 Model 158 Stepping 10, GenuineIntel



---------------  S Y S T E M  ---------------

OS: Windows 10.0 , 64 bit Build 19041 (10.0.19041.662)

CPU:total 12 (6 cores per cpu, 2 threads per core) family 6 model 158 stepping 10, cmov, cx8, fxsr, mmx, sse, sse2, sse3, ssse3, sse4.1, sse4.2, popcnt, avx, avx2, aes, clmul, erms, 3dnowpref, lzcnt, ht, tsc, tscinvbit, bmi1, bmi2, adx

Memory: 4k page, physical 16505464k(8173480k free), swap 18995832k(7708532k free)

vm_info: Java HotSpot(TM) 64-Bit Server VM (25.66-b18) for windows-amd64 JRE (1.8.0_66-b18), built on Nov  9 2015 10:51:13 by "java_re" with MS VC++ 10.0 (VS2010)

time: Fri Jan 22 12:56:30 2021
elapsed time: 141 seconds (0d 0h 2m 21s)

