#
# A fatal error has been detected by the Java Runtime Environment:
#
#  EXCEPTION_UNCAUGHT_CXX_EXCEPTION (0xe06d7363) at pc=0x00007ff8b940d759, pid=7212, tid=11764
#
# JRE version: Java(TM) SE Runtime Environment (8.0_66-b18) (build 1.8.0_66-b18)
# Java VM: Java HotSpot(TM) 64-Bit Server VM (25.66-b18 mixed mode windows-amd64 compressed oops)
# Problematic frame:
# C  [KERNELBASE.dll+0x2d759]
#
# Failed to write core dump. Minidumps are not enabled by default on client versions of Windows
#
# If you would like to submit a bug report, please visit:
#   http://bugreport.java.com/bugreport/crash.jsp
#

---------------  T H R E A D  ---------------

Current thread (0x0000000015a02800):  VMThread [stack: 0x0000000016a80000,0x0000000016b80000] [id=11764]

siginfo: ExceptionCode=0xe06d7363, ExceptionInformation=0x0000000019930520 0x0000000016b7f318 0x00007ff86f0d2cb8 0x00007ff86f020000 

Registers:
RAX=0x0000000016b7eb50, RBX=0x00007ff86f0d2cb8, RCX=0x0000000000000000, RDX=0x0000000000150000
RSP=0x0000000016b7f160, RBP=0x0000000016b7f2a0, RSI=0x00000000ffffffff, RDI=0x000000001ff41010
R8 =0x0000000000000000, R9 =0x0000c20900000000, R10=0x0000000000000000, R11=0x0000000100000000
R12=0x0000000000000001, R13=0x0000000000000008, R14=0x0000000000000000, R15=0xffffffffffffffff
RIP=0x00007ff8b940d759, EFLAGS=0x0000000000000202

Top of Stack: (sp=0x0000000016b7f160)
0x0000000016b7f160:   00007ff86f03ee90 00007ff86f0d2cb8
0x0000000016b7f170:   00000000ffffffff 000000001ff96000
0x0000000016b7f180:   00000001e06d7363 0000000000000000
0x0000000016b7f190:   00007ff8b940d759 0000000000000004
0x0000000016b7f1a0:   0000000019930520 0000000016b7f318
0x0000000016b7f1b0:   00007ff86f0d2cb8 00007ff86f020000
0x0000000016b7f1c0:   0000000000000008 0000000000000001
0x0000000016b7f1d0:   00000000ffffffff 0000000016b7f2a0
0x0000000016b7f1e0:   0000000016b7f2b0 00007ff8bb93681f
0x0000000016b7f1f0:   000000001ff41010 00007ff800000000
0x0000000016b7f200:   0000c209699b5a24 000000000000003f
0x0000000016b7f210:   00007ff86f0e9000 00007ff86f020000
0x0000000016b7f220:   000024dc934488eb 000000000024e080
0x0000000016b7f230:   00007ff86f0d2cb8 00007ff86f07e92c
0x0000000016b7f240:   ffffffff0000001f 0000000000000000
0x0000000016b7f250:   0000000000000008 0000000000000001 

Instructions: (pc=0x00007ff8b940d759)
0x00007ff8b940d739:   8b d1 44 0f 47 c0 44 89 44 24 38 49 c1 e0 03 e8
0x00007ff8b940d749:   2a 47 06 00 48 8d 4c 24 20 48 ff 15 1f 23 19 00
0x00007ff8b940d759:   0f 1f 44 00 00 48 8b 8c 24 c0 00 00 00 48 33 cc
0x00007ff8b940d769:   e8 d2 09 06 00 48 81 c4 d8 00 00 00 c3 cc 83 64 


Register to memory mapping:

RAX=0x0000000016b7eb50 is an unknown value
RBX=0x00007ff86f0d2cb8 is an unknown value
RCX=0x0000000000000000 is an unknown value
RDX=0x0000000000150000 is pointing into the stack for thread: 0x000000000289e000
RSP=0x0000000016b7f160 is an unknown value
RBP=0x0000000016b7f2a0 is an unknown value
RSI=0x00000000ffffffff is an unallocated location in the heap
RDI=0x000000001ff41010 is an unknown value
R8 =0x0000000000000000 is an unknown value
R9 =0x0000c20900000000 is an unknown value
R10=0x0000000000000000 is an unknown value
R11=0x0000000100000000 is pointing into metadata
R12=0x0000000000000001 is an unknown value
R13=0x0000000000000008 is an unknown value
R14=0x0000000000000000 is an unknown value
R15=0xffffffffffffffff is an unknown value


Stack: [0x0000000016a80000,0x0000000016b80000],  sp=0x0000000016b7f160,  free space=1020k
Native frames: (J=compiled Java code, j=interpreted, Vv=VM code, C=native code)
C  [KERNELBASE.dll+0x2d759]
C  [MSVCR110.dll+0x5e92c]
C  [MSVCR110.dll+0x1315c]
C  [MSVCR110.dll+0x136a9]
C  [MSVCR110.dll+0x13e9c]
C  [MSVCR110.dll+0x239e]
C  [MSVCR110.dll+0xaf9e]
C  [MSVCP110.dll+0x397b9]
C  [librdi_common.dll+0x182316]
C  [librdi_common.dll+0x180fab]
C  [librdi_target_manager.dll+0x2400]
C  [librdi_target_manager.dll+0x2682]
C  [ntdll.dll+0x37cad]
C  [ntdll.dll+0x63ff1]
C  [ntdll.dll+0x63e8d]
C  [KERNEL32.DLL+0x1e0ab]
C  [MSVCR100.dll+0x20ccd]
V  [jvm.dll+0x210cc5]
V  [jvm.dll+0x249897]
V  [jvm.dll+0x248b36]
V  [jvm.dll+0x248fd1]
V  [jvm.dll+0x2491ee]
V  [jvm.dll+0x29a0fa]
C  [MSVCR100.dll+0x21d9f]
C  [MSVCR100.dll+0x21e3b]
C  [KERNEL32.DLL+0x17034]
C  [ntdll.dll+0x4d0d1]

VM_Operation (0x000000000014f490): Exit, mode: safepoint, requested by thread 0x000000000289e000


---------------  P R O C E S S  ---------------

Java Threads: ( => current thread )
  0x000000001984b800 JavaThread "pool-2-thread-1" [_thread_blocked, id=8544, stack(0x000000001e840000,0x000000001e940000)]
  0x0000000019851800 JavaThread "Thread-28" daemon [_thread_blocked, id=5332, stack(0x000000001e440000,0x000000001e540000)]
  0x0000000021e8f800 JavaThread "TCF Channel Transmitter" daemon [_thread_blocked, id=14232, stack(0x000000002ae00000,0x000000002af00000)]
  0x0000000021e88000 JavaThread "TCF Channel Receiver" daemon [_thread_in_native, id=14716, stack(0x000000002ad00000,0x000000002ae00000)]
  0x0000000021e8f000 JavaThread "Process monitor" daemon [_thread_in_native, id=12644, stack(0x000000002a6c0000,0x000000002a7c0000)]
  0x0000000021e87800 JavaThread "Input Stream Monitor" daemon [_thread_blocked, id=15928, stack(0x0000000029370000,0x0000000029470000)]
  0x0000000021e8e000 JavaThread "Output Stream Monitor" daemon [_thread_in_native, id=14252, stack(0x000000002a5c0000,0x000000002a6c0000)]
  0x0000000021e86000 JavaThread "Output Stream Monitor" daemon [_thread_in_native, id=14052, stack(0x0000000028fb0000,0x00000000290b0000)]
  0x0000000021e89800 JavaThread "TCF Locator DNS Lookup" daemon [_thread_blocked, id=4748, stack(0x0000000027110000,0x0000000027210000)]
  0x0000000021e89000 JavaThread "TCF Locator Timer" daemon [_thread_blocked, id=4712, stack(0x0000000025fd0000,0x00000000260d0000)]
  0x00000000189fe000 JavaThread "TCF Locator Receiver" daemon [_thread_in_native, id=8492, stack(0x0000000025ed0000,0x0000000025fd0000)]
  0x00000000189fa800 JavaThread "TCF Timer Dispatcher" daemon [_thread_blocked, id=9456, stack(0x0000000022de0000,0x0000000022ee0000)]
  0x0000000018afd000 JavaThread "EMF Reference Cleaner" daemon [_thread_blocked, id=14948, stack(0x000000001a5a0000,0x000000001a6a0000)]
  0x0000000015aa1000 JavaThread "Service Thread" daemon [_thread_blocked, id=15136, stack(0x0000000017490000,0x0000000017590000)]
  0x0000000015a56800 JavaThread "C1 CompilerThread3" daemon [_thread_blocked, id=2364, stack(0x0000000017390000,0x0000000017490000)]
  0x0000000015a3e000 JavaThread "C2 CompilerThread2" daemon [_thread_blocked, id=12596, stack(0x0000000017290000,0x0000000017390000)]
  0x0000000015a31800 JavaThread "C2 CompilerThread1" daemon [_thread_blocked, id=14476, stack(0x0000000017190000,0x0000000017290000)]
  0x0000000015a29000 JavaThread "C2 CompilerThread0" daemon [_thread_blocked, id=13684, stack(0x0000000017090000,0x0000000017190000)]
  0x0000000015a38000 JavaThread "Attach Listener" daemon [_thread_blocked, id=6512, stack(0x0000000016f90000,0x0000000017090000)]
  0x0000000015a37000 JavaThread "Signal Dispatcher" daemon [_thread_blocked, id=9828, stack(0x0000000016e90000,0x0000000016f90000)]
  0x000000000288c000 JavaThread "Finalizer" daemon [_thread_blocked, id=5648, stack(0x0000000016c80000,0x0000000016d80000)]
  0x000000001432d000 JavaThread "Reference Handler" daemon [_thread_blocked, id=5128, stack(0x0000000016b80000,0x0000000016c80000)]
  0x000000000289e000 JavaThread "main" [_thread_blocked, id=13536, stack(0x0000000000050000,0x0000000000150000)]

Other Threads:
=>0x0000000015a02800 VMThread [stack: 0x0000000016a80000,0x0000000016b80000] [id=11764]

VM state:at safepoint (shutting down)

VM Mutex/Monitor currently owned by a thread:  ([mutex/lock_event])
[0x000000000289da10] Threads_lock - owner thread: 0x0000000015a02800

Heap:
 PSYoungGen      total 88576K, used 35292K [0x00000000f5580000, 0x00000000fde80000, 0x0000000100000000)
  eden space 66560K, 20% used [0x00000000f5580000,0x00000000f62f5b18,0x00000000f9680000)
  from space 22016K, 97% used [0x00000000f9800000,0x00000000fad01600,0x00000000fad80000)
  to   space 36864K, 0% used [0x00000000fba80000,0x00000000fba80000,0x00000000fde80000)
 ParOldGen       total 121344K, used 46174K [0x00000000e0000000, 0x00000000e7680000, 0x00000000f5580000)
  object space 121344K, 38% used [0x00000000e0000000,0x00000000e2d17bb0,0x00000000e7680000)
 Metaspace       used 87030K, capacity 94466K, committed 94744K, reserved 1130496K
  class space    used 10588K, capacity 13031K, committed 13104K, reserved 1048576K

Card table byte_map: [0x0000000011c70000,0x0000000011d80000] byte_map_base: 0x0000000011570000

Marking Bits: (ParMarkBitMap*) 0x0000000075d0a5b0
 Begin Bits: [0x0000000012830000, 0x0000000013030000)
 End Bits:   [0x0000000013030000, 0x0000000013830000)

Polling page: 0x0000000002770000

CodeCache: size=245760Kb used=34712Kb max_used=35092Kb free=211047Kb
 bounds [0x00000000028b0000, 0x0000000004b30000, 0x00000000118b0000]
 total_blobs=10149 nmethods=9264 adapters=792
 compilation: enabled

Compilation events (10 events):
Event: 530.878 Thread 0x0000000015a56800 11515       3       org.eclipse.osgi.container.ModuleWiring::unload (6 bytes)
Event: 530.878 Thread 0x0000000015a56800 nmethod 11515 0x00000000039b2250 code [0x00000000039b23c0, 0x00000000039b2548]
Event: 530.878 Thread 0x0000000015a56800 11516       3       org.eclipse.osgi.container.ModuleWiring::invalidate0 (52 bytes)
Event: 530.878 Thread 0x0000000015a31800 11524       4       java.util.concurrent.locks.AbstractQueuedSynchronizer::release (33 bytes)
Event: 530.879 Thread 0x0000000015a56800 nmethod 11516 0x00000000033de410 code [0x00000000033de5c0, 0x00000000033def68]
Event: 530.879 Thread 0x0000000015a56800 11517       3       org.eclipse.osgi.internal.container.AtomicLazyInitializer::getAndClear (9 bytes)
Event: 530.879 Thread 0x0000000015a56800 nmethod 11517 0x0000000003b65390 code [0x0000000003b65500, 0x0000000003b65750]
Event: 530.879 Thread 0x0000000015a56800 11522       3       org.eclipse.osgi.internal.framework.EquinoxContainerAdaptor::clearManifestCache (84 bytes)
Event: 530.879 Thread 0x0000000015a31800 nmethod 11524 0x0000000003633d10 code [0x0000000003633e60, 0x0000000003633f28]
Event: 530.880 Thread 0x0000000015a56800 nmethod 11522 0x000000000476f490 code [0x000000000476f6e0, 0x0000000004770df8]

GC Heap History (10 events):
Event: 51.467 GC heap before
{Heap before GC invocations=16 (full 3):
 PSYoungGen      total 89600K, used 89589K [0x00000000f5580000, 0x00000000fce00000, 0x0000000100000000)
  eden space 66560K, 100% used [0x00000000f5580000,0x00000000f9680000,0x00000000f9680000)
  from space 23040K, 99% used [0x00000000fb100000,0x00000000fc77d680,0x00000000fc780000)
  to   space 27136K, 0% used [0x00000000f9680000,0x00000000f9680000,0x00000000fb100000)
 ParOldGen       total 121344K, used 46134K [0x00000000e0000000, 0x00000000e7680000, 0x00000000f5580000)
  object space 121344K, 38% used [0x00000000e0000000,0x00000000e2d0dbb0,0x00000000e7680000)
 Metaspace       used 81621K, capacity 88992K, committed 89240K, reserved 1126400K
  class space    used 10041K, capacity 12341K, committed 12464K, reserved 1048576K
Event: 51.478 GC heap after
Heap after GC invocations=16 (full 3):
 PSYoungGen      total 93696K, used 24820K [0x00000000f5580000, 0x00000000fd700000, 0x0000000100000000)
  eden space 66560K, 0% used [0x00000000f5580000,0x00000000f5580000,0x00000000f9680000)
  from space 27136K, 91% used [0x00000000f9680000,0x00000000faebd038,0x00000000fb100000)
  to   space 30208K, 0% used [0x00000000fb980000,0x00000000fb980000,0x00000000fd700000)
 ParOldGen       total 121344K, used 46142K [0x00000000e0000000, 0x00000000e7680000, 0x00000000f5580000)
  object space 121344K, 38% used [0x00000000e0000000,0x00000000e2d0fbb0,0x00000000e7680000)
 Metaspace       used 81621K, capacity 88992K, committed 89240K, reserved 1126400K
  class space    used 10041K, capacity 12341K, committed 12464K, reserved 1048576K
}
Event: 93.757 GC heap before
{Heap before GC invocations=17 (full 3):
 PSYoungGen      total 93696K, used 91380K [0x00000000f5580000, 0x00000000fd700000, 0x0000000100000000)
  eden space 66560K, 100% used [0x00000000f5580000,0x00000000f9680000,0x00000000f9680000)
  from space 27136K, 91% used [0x00000000f9680000,0x00000000faebd038,0x00000000fb100000)
  to   space 30208K, 0% used [0x00000000fb980000,0x00000000fb980000,0x00000000fd700000)
 ParOldGen       total 121344K, used 46142K [0x00000000e0000000, 0x00000000e7680000, 0x00000000f5580000)
  object space 121344K, 38% used [0x00000000e0000000,0x00000000e2d0fbb0,0x00000000e7680000)
 Metaspace       used 83489K, capacity 90720K, committed 90904K, reserved 1128448K
  class space    used 10197K, capacity 12509K, committed 12592K, reserved 1048576K
Event: 93.768 GC heap after
Heap after GC invocations=17 (full 3):
 PSYoungGen      total 99840K, used 25029K [0x00000000f5580000, 0x00000000fdb00000, 0x0000000100000000)
  eden space 69632K, 0% used [0x00000000f5580000,0x00000000f5580000,0x00000000f9980000)
  from space 30208K, 82% used [0x00000000fb980000,0x00000000fd1f1428,0x00000000fd700000)
  to   space 32768K, 0% used [0x00000000f9980000,0x00000000f9980000,0x00000000fb980000)
 ParOldGen       total 121344K, used 46150K [0x00000000e0000000, 0x00000000e7680000, 0x00000000f5580000)
  object space 121344K, 38% used [0x00000000e0000000,0x00000000e2d11bb0,0x00000000e7680000)
 Metaspace       used 83489K, capacity 90720K, committed 90904K, reserved 1128448K
  class space    used 10197K, capacity 12509K, committed 12592K, reserved 1048576K
}
Event: 136.495 GC heap before
{Heap before GC invocations=18 (full 3):
 PSYoungGen      total 99840K, used 94661K [0x00000000f5580000, 0x00000000fdb00000, 0x0000000100000000)
  eden space 69632K, 100% used [0x00000000f5580000,0x00000000f9980000,0x00000000f9980000)
  from space 30208K, 82% used [0x00000000fb980000,0x00000000fd1f1428,0x00000000fd700000)
  to   space 32768K, 0% used [0x00000000f9980000,0x00000000f9980000,0x00000000fb980000)
 ParOldGen       total 121344K, used 46150K [0x00000000e0000000, 0x00000000e7680000, 0x00000000f5580000)
  object space 121344K, 38% used [0x00000000e0000000,0x00000000e2d11bb0,0x00000000e7680000)
 Metaspace       used 83985K, capacity 91340K, committed 91672K, reserved 1128448K
  class space    used 10221K, capacity 12543K, committed 12592K, reserved 1048576K
Event: 136.506 GC heap after
Heap after GC invocations=18 (full 3):
 PSYoungGen      total 102400K, used 25879K [0x00000000f5580000, 0x00000000fe100000, 0x0000000100000000)
  eden space 69632K, 0% used [0x00000000f5580000,0x00000000f5580000,0x00000000f9980000)
  from space 32768K, 78% used [0x00000000f9980000,0x00000000fb2c5cd0,0x00000000fb980000)
  to   space 34816K, 0% used [0x00000000fbf00000,0x00000000fbf00000,0x00000000fe100000)
 ParOldGen       total 121344K, used 46158K [0x00000000e0000000, 0x00000000e7680000, 0x00000000f5580000)
  object space 121344K, 38% used [0x00000000e0000000,0x00000000e2d13bb0,0x00000000e7680000)
 Metaspace       used 83985K, capacity 91340K, committed 91672K, reserved 1128448K
  class space    used 10221K, capacity 12543K, committed 12592K, reserved 1048576K
}
Event: 324.799 GC heap before
{Heap before GC invocations=19 (full 3):
 PSYoungGen      total 102400K, used 95511K [0x00000000f5580000, 0x00000000fe100000, 0x0000000100000000)
  eden space 69632K, 100% used [0x00000000f5580000,0x00000000f9980000,0x00000000f9980000)
  from space 32768K, 78% used [0x00000000f9980000,0x00000000fb2c5cd0,0x00000000fb980000)
  to   space 34816K, 0% used [0x00000000fbf00000,0x00000000fbf00000,0x00000000fe100000)
 ParOldGen       total 121344K, used 46158K [0x00000000e0000000, 0x00000000e7680000, 0x00000000f5580000)
  object space 121344K, 38% used [0x00000000e0000000,0x00000000e2d13bb0,0x00000000e7680000)
 Metaspace       used 85890K, capacity 93426K, committed 93720K, reserved 1130496K
  class space    used 10484K, capacity 12837K, committed 12848K, reserved 1048576K
Event: 324.813 GC heap after
Heap after GC invocations=19 (full 3):
 PSYoungGen      total 102912K, used 28058K [0x00000000f5580000, 0x00000000fe100000, 0x0000000100000000)
  eden space 68096K, 0% used [0x00000000f5580000,0x00000000f5580000,0x00000000f9800000)
  from space 34816K, 80% used [0x00000000fbf00000,0x00000000fda66978,0x00000000fe100000)
  to   space 37376K, 0% used [0x00000000f9800000,0x00000000f9800000,0x00000000fbc80000)
 ParOldGen       total 121344K, used 46166K [0x00000000e0000000, 0x00000000e7680000, 0x00000000f5580000)
  object space 121344K, 38% used [0x00000000e0000000,0x00000000e2d15bb0,0x00000000e7680000)
 Metaspace       used 85890K, capacity 93426K, committed 93720K, reserved 1130496K
  class space    used 10484K, capacity 12837K, committed 12848K, reserved 1048576K
}
Event: 529.768 GC heap before
{Heap before GC invocations=20 (full 3):
 PSYoungGen      total 102912K, used 96154K [0x00000000f5580000, 0x00000000fe100000, 0x0000000100000000)
  eden space 68096K, 100% used [0x00000000f5580000,0x00000000f9800000,0x00000000f9800000)
  from space 34816K, 80% used [0x00000000fbf00000,0x00000000fda66978,0x00000000fe100000)
  to   space 37376K, 0% used [0x00000000f9800000,0x00000000f9800000,0x00000000fbc80000)
 ParOldGen       total 121344K, used 46166K [0x00000000e0000000, 0x00000000e7680000, 0x00000000f5580000)
  object space 121344K, 38% used [0x00000000e0000000,0x00000000e2d15bb0,0x00000000e7680000)
 Metaspace       used 86588K, capacity 93982K, committed 94104K, reserved 1130496K
  class space    used 10543K, capacity 12935K, committed 12976K, reserved 1048576K
Event: 529.779 GC heap after
Heap after GC invocations=20 (full 3):
 PSYoungGen      total 88576K, used 21509K [0x00000000f5580000, 0x00000000fde80000, 0x0000000100000000)
  eden space 66560K, 0% used [0x00000000f5580000,0x00000000f5580000,0x00000000f9680000)
  from space 22016K, 97% used [0x00000000f9800000,0x00000000fad01600,0x00000000fad80000)
  to   space 36864K, 0% used [0x00000000fba80000,0x00000000fba80000,0x00000000fde80000)
 ParOldGen       total 121344K, used 46174K [0x00000000e0000000, 0x00000000e7680000, 0x00000000f5580000)
  object space 121344K, 38% used [0x00000000e0000000,0x00000000e2d17bb0,0x00000000e7680000)
 Metaspace       used 86588K, capacity 93982K, committed 94104K, reserved 1130496K
  class space    used 10543K, capacity 12935K, committed 12976K, reserved 1048576K
}

Deoptimization events (10 events):
Event: 529.899 Thread 0x0000000017ac4800 Uncommon trap: reason=predicate action=maybe_recompile pc=0x0000000004a5097c method=java.util.Arrays.fill([Ljava/lang/Object;Ljava/lang/Object;)V @ 10
Event: 529.901 Thread 0x0000000017ac4800 Uncommon trap: reason=array_check action=maybe_recompile pc=0x0000000003b8c418 method=java.util.Arrays.fill([Ljava/lang/Object;Ljava/lang/Object;)V @ 13
Event: 529.901 Thread 0x0000000017ac4800 Uncommon trap: reason=array_check action=maybe_recompile pc=0x0000000003b8c418 method=java.util.Arrays.fill([Ljava/lang/Object;Ljava/lang/Object;)V @ 13
Event: 529.901 Thread 0x0000000017ac4800 Uncommon trap: reason=array_check action=maybe_recompile pc=0x0000000003b8c418 method=java.util.Arrays.fill([Ljava/lang/Object;Ljava/lang/Object;)V @ 13
Event: 529.901 Thread 0x0000000017ac4800 Uncommon trap: reason=array_check action=maybe_recompile pc=0x0000000003b8c418 method=java.util.Arrays.fill([Ljava/lang/Object;Ljava/lang/Object;)V @ 13
Event: 530.212 Thread 0x0000000019851000 Uncommon trap: reason=unstable_if action=reinterpret pc=0x0000000002a2a2a4 method=sun.nio.cs.SingleByte$Encoder.encode(C)I @ 13
Event: 530.245 Thread 0x0000000019038000 Uncommon trap: reason=unstable_if action=reinterpret pc=0x0000000002e350a4 method=org.eclipse.swt.graphics.Resource.dispose()V @ 15
Event: 530.805 Thread 0x0000000019038000 Uncommon trap: reason=unstable_if action=reinterpret pc=0x000000000377eb70 method=org.eclipse.osgi.internal.hooks.EclipseLazyStarter.shouldActivateFor(Ljava/lang/String;Lorg/eclipse/osgi/container/Module;Lorg/eclipse/osgi/container/ModuleRevision;Lorg/ecli+#är’–€@
Event: 530.822 Thread 0x0000000019038000 Uncommon trap: reason=null_check action=maybe_recompile pc=0x0000000003e9a8b0 method=com.xilinx.sdk.targetmanager.internal.json.XMDJSONProcess.issueCommand(Ljava/lang/String;)Lcom/xilinx/sdk/targetmanager/internal/IXMDResult; @ 3
Event: 530.837 Thread 0x0000000019038000 Uncommon trap: reason=unstable_if action=reinterpret pc=0x000000000494b6b8 method=org.eclipse.core.internal.jobs.DeadlockDetector.reduceGraph(ILorg/eclipse/core/runtime/jobs/ISchedulingRule;)V @ 341

Internal exceptions (10 events):
Event: 529.860 Thread 0x000000000289e000 Exception <a 'java/io/FileNotFoundException'> (0x00000000f58e17b0) thrown at [C:\re\workspace\8-2-build-windows-amd64-cygwin\jdk8u66\5298\hotspot\src\share\vm\prims\jni.cpp, line 709]
Event: 529.860 Thread 0x000000000289e000 Exception <a 'java/io/FileNotFoundException'> (0x00000000f58e3680) thrown at [C:\re\workspace\8-2-build-windows-amd64-cygwin\jdk8u66\5298\hotspot\src\share\vm\prims\jni.cpp, line 709]
Event: 529.860 Thread 0x000000000289e000 Exception <a 'java/io/FileNotFoundException'> (0x00000000f58e56a0) thrown at [C:\re\workspace\8-2-build-windows-amd64-cygwin\jdk8u66\5298\hotspot\src\share\vm\prims\jni.cpp, line 709]
Event: 529.883 Thread 0x0000000019038000 Implicit null exception at 0x00000000042d1b8b to 0x00000000042d1f3d
Event: 530.211 Thread 0x0000000019850000 Exception <a 'java/lang/InterruptedException'> (0x00000000f5d35bf8) thrown at [C:\re\workspace\8-2-build-windows-amd64-cygwin\jdk8u66\5298\hotspot\src\share\vm\runtime\objectMonitor.cpp, line 1683]
Event: 530.822 Thread 0x0000000019038000 Exception <a 'java/lang/NullPointerException'> (0x00000000f5fa8560) thrown at [C:\re\workspace\8-2-build-windows-amd64-cygwin\jdk8u66\5298\hotspot\src\share\vm\prims\jvm.cpp, line 1390]
Event: 530.850 Thread 0x00000000189fd800 Exception <a 'java/lang/InterruptedException'> (0x00000000f5966570) thrown at [C:\re\workspace\8-2-build-windows-amd64-cygwin\jdk8u66\5298\hotspot\src\share\vm\runtime\objectMonitor.cpp, line 1683]
Event: 530.865 Thread 0x0000000017ac4800 Exception <a 'java/lang/InterruptedException'> (0x00000000f60aa460) thrown at [C:\re\workspace\8-2-build-windows-amd64-cygwin\jdk8u66\5298\hotspot\src\share\vm\runtime\objectMonitor.cpp, line 1683]
Event: 530.877 Thread 0x00000000189fc800 Exception <a 'java/lang/InterruptedException'> (0x00000000f595a3d0) thrown at [C:\re\workspace\8-2-build-windows-amd64-cygwin\jdk8u66\5298\hotspot\src\share\vm\runtime\objectMonitor.cpp, line 1683]
Event: 530.877 Thread 0x0000000017ac3000 Exception <a 'java/lang/InterruptedException'> (0x00000000f628e8d8) thrown at [C:\re\workspace\8-2-build-windows-amd64-cygwin\jdk8u66\5298\hotspot\src\share\vm\runtime\objectMonitor.cpp, line 1683]

Events (10 events):
Event: 530.877 Executing VM operation: RevokeBias
Event: 530.877 Executing VM operation: RevokeBias done
Event: 530.878 Thread 0x0000000019038000 Thread exited: 0x0000000019038000
Event: 530.878 loading class java/util/IdentityHashMap$KeyIterator
Event: 530.879 loading class java/util/IdentityHashMap$IdentityHashMapIterator
Event: 530.879 loading class java/util/IdentityHashMap$IdentityHashMapIterator done
Event: 530.879 loading class java/util/IdentityHashMap$KeyIterator done
Event: 530.879 Thread 0x000000001903e800 Thread added: 0x000000001903e800
Event: 530.879 Thread 0x000000001903e800 Thread exited: 0x000000001903e800
Event: 530.880 Executing VM operation: Exit


Dynamic libraries:
0x0000000000400000 - 0x000000000044f000 	C:\Xilinx\SDK\2016.2\eclipse\win64.o\eclipse.exe
0x00007ff8bb910000 - 0x00007ff8bbb06000 	C:\WINDOWS\SYSTEM32\ntdll.dll
0x00007ff8b9c10000 - 0x00007ff8b9ccd000 	C:\WINDOWS\System32\KERNEL32.DLL
0x00007ff8b93e0000 - 0x00007ff8b96a9000 	C:\WINDOWS\System32\KERNELBASE.dll
0x00007ff8b9e30000 - 0x00007ff8b9fd0000 	C:\WINDOWS\System32\USER32.dll
0x00007ff8b96b0000 - 0x00007ff8b96d2000 	C:\WINDOWS\System32\win32u.dll
0x00007ff8b9cd0000 - 0x00007ff8b9cfa000 	C:\WINDOWS\System32\GDI32.dll
0x00007ff8b9130000 - 0x00007ff8b923b000 	C:\WINDOWS\System32\gdi32full.dll
0x00007ff8b9340000 - 0x00007ff8b93dd000 	C:\WINDOWS\System32\msvcp_win.dll
0x00007ff8b9240000 - 0x00007ff8b9340000 	C:\WINDOWS\System32\ucrtbase.dll
0x00007ff8a0d40000 - 0x00007ff8a0fdb000 	C:\WINDOWS\WinSxS\amd64_microsoft.windows.common-controls_6595b64144ccf1df_6.0.19041.746_none_ca02b4b61b8320a4\COMCTL32.dll
0x00007ff8ba7c0000 - 0x00007ff8ba85e000 	C:\WINDOWS\System32\msvcrt.dll
0x00007ff8b9fd0000 - 0x00007ff8ba000000 	C:\WINDOWS\System32\IMM32.DLL
0x0000000072000000 - 0x0000000072012000 	C:\Xilinx\SDK\2016.2\eclipse\win64.o\plugins\org.eclipse.equinox.launcher.win32.win32.x86_64_1.1.300.v20150602-1417\eclipse_1611.dll
0x00007ff8bb820000 - 0x00007ff8bb8cc000 	C:\WINDOWS\System32\ADVAPI32.dll
0x00007ff8b9d00000 - 0x00007ff8b9d9c000 	C:\WINDOWS\System32\sechost.dll
0x00007ff8baa50000 - 0x00007ff8bab7b000 	C:\WINDOWS\System32\RPCRT4.dll
0x00007ff8ac050000 - 0x00007ff8ac05a000 	C:\WINDOWS\SYSTEM32\VERSION.dll
0x00007ff8b6530000 - 0x00007ff8b65ce000 	C:\WINDOWS\system32\uxtheme.dll
0x00007ff8bb270000 - 0x00007ff8bb5c6000 	C:\WINDOWS\System32\combase.dll
0x00007ff8bace0000 - 0x00007ff8badf6000 	C:\WINDOWS\System32\MSCTF.dll
0x00007ff8bb5d0000 - 0x00007ff8bb69d000 	C:\WINDOWS\System32\OLEAUT32.dll
0x0000000075500000 - 0x0000000075d89000 	C:\Xilinx\SDK\2016.2\tps\win64\jre\bin\server\jvm.dll
0x00007ff8b9b20000 - 0x00007ff8b9b28000 	C:\WINDOWS\System32\PSAPI.DLL
0x00007ff89b230000 - 0x00007ff89b239000 	C:\WINDOWS\SYSTEM32\WSOCK32.dll
0x00007ff8a1190000 - 0x00007ff8a11b7000 	C:\WINDOWS\SYSTEM32\WINMM.dll
0x00007ff8ba750000 - 0x00007ff8ba7bb000 	C:\WINDOWS\System32\WS2_32.dll
0x0000000076490000 - 0x0000000076562000 	C:\WINDOWS\SYSTEM32\MSVCR100.dll
0x00000000754f0000 - 0x00000000754ff000 	C:\Xilinx\SDK\2016.2\tps\win64\jre\bin\verify.dll
0x0000000074f80000 - 0x0000000074fa9000 	C:\Xilinx\SDK\2016.2\tps\win64\jre\bin\java.dll
0x00000000754d0000 - 0x00000000754e6000 	C:\Xilinx\SDK\2016.2\tps\win64\jre\bin\zip.dll
0x00007ff8ba000000 - 0x00007ff8ba743000 	C:\WINDOWS\System32\SHELL32.dll
0x00007ff8b7090000 - 0x00007ff8b781f000 	C:\WINDOWS\SYSTEM32\windows.storage.dll
0x00007ff8b8ab0000 - 0x00007ff8b8adc000 	C:\WINDOWS\SYSTEM32\Wldp.dll
0x00007ff8bab80000 - 0x00007ff8bac2e000 	C:\WINDOWS\System32\SHCORE.dll
0x00007ff8ba990000 - 0x00007ff8ba9e5000 	C:\WINDOWS\System32\shlwapi.dll
0x00007ff8b8f80000 - 0x00007ff8b8fa6000 	C:\WINDOWS\SYSTEM32\profapi.dll
0x00007ff8b8a00000 - 0x00007ff8b8a18000 	C:\WINDOWS\SYSTEM32\CRYPTSP.dll
0x00007ff8b8060000 - 0x00007ff8b8094000 	C:\WINDOWS\system32\rsaenh.dll
0x00007ff8b90b0000 - 0x00007ff8b90d7000 	C:\WINDOWS\System32\bcrypt.dll
0x00007ff8b8f40000 - 0x00007ff8b8f6e000 	C:\WINDOWS\SYSTEM32\USERENV.dll
0x00007ff8b9840000 - 0x00007ff8b98c0000 	C:\WINDOWS\System32\bcryptprimitives.dll
0x00007ff8b8a20000 - 0x00007ff8b8a2c000 	C:\WINDOWS\SYSTEM32\CRYPTBASE.dll
0x0000000074f60000 - 0x0000000074f7a000 	C:\Xilinx\SDK\2016.2\tps\win64\jre\bin\net.dll
0x00007ff8b8830000 - 0x00007ff8b889a000 	C:\WINDOWS\system32\mswsock.dll
0x00007ff8b84d0000 - 0x00007ff8b850b000 	C:\WINDOWS\SYSTEM32\IPHLPAPI.DLL
0x00007ff8bb790000 - 0x00007ff8bb798000 	C:\WINDOWS\System32\NSI.dll
0x00007ff8ad200000 - 0x00007ff8ad217000 	C:\WINDOWS\SYSTEM32\dhcpcsvc6.DLL
0x00007ff8ad1e0000 - 0x00007ff8ad1fd000 	C:\WINDOWS\SYSTEM32\dhcpcsvc.DLL
0x00007ff8b8510000 - 0x00007ff8b85db000 	C:\WINDOWS\SYSTEM32\DNSAPI.dll
0x0000000074f40000 - 0x0000000074f51000 	C:\Xilinx\SDK\2016.2\tps\win64\jre\bin\nio.dll
0x00007ff8b7830000 - 0x00007ff8b7842000 	C:\WINDOWS\SYSTEM32\kernel.appcore.dll
0x00007ff8a50c0000 - 0x00007ff8a51bb000 	C:\WINDOWS\SYSTEM32\textinputframework.dll
0x00007ff8b6000000 - 0x00007ff8b60f2000 	C:\WINDOWS\System32\CoreMessaging.dll
0x00007ff8b5ca0000 - 0x00007ff8b5ffe000 	C:\WINDOWS\System32\CoreUIComponents.dll
0x00007ff8b7cd0000 - 0x00007ff8b7d03000 	C:\WINDOWS\SYSTEM32\ntmarta.dll
0x00007ff8b1d40000 - 0x00007ff8b1e94000 	C:\WINDOWS\SYSTEM32\wintypes.dll
0x00007ff89bfb0000 - 0x00007ff89bfc7000 	C:\WINDOWS\system32\napinsp.dll
0x00007ff89bf90000 - 0x00007ff89bfab000 	C:\WINDOWS\system32\pnrpnsp.dll
0x00007ff8af830000 - 0x00007ff8af845000 	C:\WINDOWS\system32\wshbth.dll
0x00007ff8b0920000 - 0x00007ff8b093d000 	C:\WINDOWS\system32\NLAapi.dll
0x00007ff89bf70000 - 0x00007ff89bf82000 	C:\WINDOWS\System32\winrnr.dll
0x00007ff8ad510000 - 0x00007ff8ad51a000 	C:\Windows\System32\rasadhlp.dll
0x00007ff8a5670000 - 0x00007ff8a56ef000 	C:\WINDOWS\System32\fwpuclnt.dll
0x000000001a8a0000 - 0x000000001a948000 	C:\Users\song\.Xilinx\SDK\2016.2\org.eclipse.osgi\312\0\.cp\swt-win32-4527.dll
0x00007ff8ba860000 - 0x00007ff8ba98a000 	C:\WINDOWS\System32\ole32.dll
0x00007ff8b9b30000 - 0x00007ff8b9c0b000 	C:\WINDOWS\System32\comdlg32.dll
0x00007ff8b96e0000 - 0x00007ff8b9836000 	C:\WINDOWS\System32\CRYPT32.dll
0x00007ff89f2c0000 - 0x00007ff89f2d9000 	C:\WINDOWS\SYSTEM32\USP10.dll
0x00007ff89ac50000 - 0x00007ff89b12a000 	C:\WINDOWS\SYSTEM32\WININET.dll
0x00007ff8a0cb0000 - 0x00007ff8a0d3e000 	C:\WINDOWS\SYSTEM32\WINSPOOL.DRV
0x00007ff8b0490000 - 0x00007ff8b0587000 	C:\WINDOWS\SYSTEM32\propsys.dll
0x00007ff8bac30000 - 0x00007ff8bacd9000 	C:\WINDOWS\System32\clbcatq.dll
0x00007ff8b90e0000 - 0x00007ff8b912e000 	C:\WINDOWS\System32\cfgmgr32.dll
0x000000001a310000 - 0x000000001a32e000 	C:\Users\song\.Xilinx\SDK\2016.2\org.eclipse.osgi\312\0\.cp\swt-gdip-win32-4527.dll
0x00007ff8a0fe0000 - 0x00007ff8a1186000 	C:\WINDOWS\WinSxS\amd64_microsoft.windows.gdiplus_6595b64144ccf1df_1.1.19041.746_none_faeda79b76159a72\gdiplus.dll
0x00007ff8adc30000 - 0x00007ff8adde4000 	C:\WINDOWS\SYSTEM32\WindowsCodecs.dll
0x0000000180000000 - 0x0000000180012000 	C:\Users\song\.Xilinx\SDK\2016.2\org.eclipse.osgi\126\0\.cp\os\win32\x86_64\localfile_1_0_0.dll
0x00007ff8a2370000 - 0x00007ff8a241c000 	C:\WINDOWS\SYSTEM32\TextShaping.dll
0x00007ff8a0bf0000 - 0x00007ff8a0c56000 	C:\WINDOWS\SYSTEM32\oleacc.dll
0x00007ff8a2fe0000 - 0x00007ff8a2fe7000 	C:\WINDOWS\SYSTEM32\msimg32.dll
0x00007ff8b0d60000 - 0x00007ff8b0d71000 	C:\Users\song\.Xilinx\SDK\2016.2\org.eclipse.osgi\129\0\.cp\jWinHttp-1.0.0.dll
0x00007ff8b80f0000 - 0x00007ff8b81f0000 	C:\WINDOWS\SYSTEM32\WINHTTP.dll
0x00007ff8b62c0000 - 0x00007ff8b62cf000 	C:\Xilinx\SDK\2016.2\lib\win64.o\librdi_repo_manager.dll
0x00007ff8150c0000 - 0x00007ff815b00000 	C:\Xilinx\SDK\2016.2\lib\win64.o\librdi_common.dll
0x00007ff8ad9e0000 - 0x00007ff8ada0a000 	C:\Xilinx\SDK\2016.2\lib\win64.o\libisl_sysinfo.dll
0x00007ff81f870000 - 0x00007ff81fa62000 	C:\Xilinx\SDK\2016.2\lib\win64.o\librdi_hsm.dll
0x00007ff8a3eb0000 - 0x00007ff8a3f04000 	C:\Xilinx\SDK\2016.2\lib\win64.o\librdi_commonxillic.dll
0x00007ff8777d0000 - 0x00007ff877877000 	C:\WINDOWS\SYSTEM32\MSVCP110.dll
0x00007ff86f020000 - 0x00007ff86f0f4000 	C:\WINDOWS\SYSTEM32\MSVCR110.dll
0x00007ff814d50000 - 0x00007ff8150be000 	C:\Xilinx\SDK\2016.2\lib\win64.o\libCOIN-all.dll
0x00007ff8a4f40000 - 0x00007ff8a4f64000 	C:\Xilinx\SDK\2016.2\lib\win64.o\libboost_filesystem.dll
0x00007ff8afac0000 - 0x00007ff8afad0000 	C:\Xilinx\SDK\2016.2\lib\win64.o\libboost_date_time.dll
0x00007ff81e820000 - 0x00007ff81ea3f000 	C:\Xilinx\SDK\2016.2\lib\win64.o\libXil_lmgr11.dll
0x00007ff8b9050000 - 0x00007ff8b90b0000 	C:\WINDOWS\System32\WINTRUST.dll
0x00007ff8a3e30000 - 0x00007ff8a3ea7000 	C:\Xilinx\SDK\2016.2\lib\win64.o\libboost_program_options.dll
0x00007ff8a3ab0000 - 0x00007ff8a3ac3000 	C:\Xilinx\SDK\2016.2\lib\win64.o\libboost_signals.dll
0x00007ff81c960000 - 0x00007ff81ca66000 	C:\Xilinx\SDK\2016.2\lib\win64.o\libboost_regex.dll
0x00007ff8a3a90000 - 0x00007ff8a3aad000 	C:\Xilinx\SDK\2016.2\lib\win64.o\libboost_thread.dll
0x00007ff8a5bb0000 - 0x00007ff8a5bbb000 	C:\Xilinx\SDK\2016.2\lib\win64.o\libboost_xilinx.dll
0x00007ff86db10000 - 0x00007ff86db90000 	C:\Xilinx\SDK\2016.2\lib\win64.o\libhdlpsolve.dll
0x00007ff847a70000 - 0x00007ff847b0a000 	C:\Xilinx\SDK\2016.2\lib\win64.o\libhdxml.dll
0x00007ff8a3a70000 - 0x00007ff8a3a85000 	C:\Xilinx\SDK\2016.2\lib\win64.o\pthreadVC2.dll
0x00007ff8148e0000 - 0x00007ff814d45e00 	C:\Xilinx\SDK\2016.2\lib\win64.o\libisl_iostreams.dll
0x00007ff81c830000 - 0x00007ff81c960000 	C:\Xilinx\SDK\2016.2\lib\win64.o\librdi_curl.dll
0x00007ff8a3a50000 - 0x00007ff8a3a68000 	C:\Xilinx\SDK\2016.2\lib\win64.o\librdiconfig.dll
0x00007ff89dfd0000 - 0x00007ff89dff3000 	C:\Xilinx\SDK\2016.2\lib\win64.o\librdizlib.dll
0x0000000074fb0000 - 0x00000000750d7000 	C:\Xilinx\SDK\2016.2\lib\win64.o\tcl85t.dll
0x00007ff8a3330000 - 0x00007ff8a351d000 	C:\WINDOWS\SYSTEM32\urlmon.dll
0x00007ff871830000 - 0x00007ff871853000 	C:\WINDOWS\SYSTEM32\VCOMP110.DLL
0x00007ff869830000 - 0x00007ff869873000 	C:\Xilinx\SDK\2016.2\lib\win64.o\librdi_hdf.dll
0x00007ff8ad2b0000 - 0x00007ff8ad2b9000 	C:\Xilinx\SDK\2016.2\lib\win64.o\libboost_system.dll
0x00007ff8ac3e0000 - 0x00007ff8ac3f8000 	C:\WINDOWS\SYSTEM32\NETAPI32.dll
0x00007ff814650000 - 0x00007ff8148d1000 	C:\Xilinx\SDK\2016.2\lib\win64.o\librdi_ippcw.dll
0x00007ff8a59f0000 - 0x00007ff8a59fb000 	C:\Xilinx\SDK\2016.2\lib\win64.o\libboost_chrono.dll
0x00007ff8a3020000 - 0x00007ff8a3036000 	C:\Xilinx\SDK\2016.2\lib\win64.o\libboost_iostreams.dll
0x00007ff8a3680000 - 0x00007ff8a3930000 	C:\WINDOWS\SYSTEM32\iertutil.dll
0x00007ff88f630000 - 0x00007ff88f653000 	C:\Xilinx\SDK\2016.2\lib\win64.o\libisl_iosutils.dll
0x000000002a350000 - 0x000000002a5b3000 	C:\Xilinx\SDK\2016.2\lib\win64.o\xerces-c_3_1.dll
0x00007ff8b8c30000 - 0x00007ff8b8c42000 	C:\WINDOWS\SYSTEM32\MSASN1.dll
0x00007ff880c90000 - 0x00007ff880cb4000 	C:\WINDOWS\SYSTEM32\edputil.dll
0x0000000071080000 - 0x00000000710a6000 	C:\Xilinx\SDK\2016.2\eclipse\win64.o\plugins\gnu.io.rxtx.win32.x86_64_2.1.7.3_v20071015\os\win32\x86_64\rxtxSerial.dll
0x00007ff8a2250000 - 0x00007ff8a2266000 	C:\Xilinx\SDK\2016.2\eclipse\win64.o\plugins\org.eclipse.cdt.core.win32.x86_64_5.4.0.201509131935\os\win32\x86_64\spawner.dll
0x00007ff8a4f30000 - 0x00007ff8a4f3a000 	C:\Xilinx\SDK\2016.2\lib\win64.o\librdi_jtag_settings.dll
0x00007ff88c9c0000 - 0x00007ff88c9e9000 	C:\Xilinx\SDK\2016.2\lib\win64.o\librdi_debug_dialog.dll
0x00007ff8a3e20000 - 0x00007ff8a3e28000 	C:\Xilinx\SDK\2016.2\lib\win64.o\librdi_target_manager.dll
0x00007ff8aee90000 - 0x00007ff8aeefa000 	C:\WINDOWS\system32\Ninput.dll
0x00007ff81b7a0000 - 0x00007ff81bfb0000 	C:\Xilinx\SDK\2016.2\lib\win64.o\libXil_lmgr11FNP.dll

VM Arguments:
jvm_args: -Dcom.xilinx.sdk.args.hwspec=C:/Xilinx/ECE530winter2020vivado/lab10VGAdemoJJS/lab10VGAdemoJJS.sdk/lab9VGA_wrapper.hdf -Xms64m -Xmx512m & 
java_command: <unknown>
java_class_path (initial): C:\Xilinx\SDK\2016.2\eclipse\win64.o\\plugins/org.eclipse.equinox.launcher_1.3.100.v20150511-1540.jar
Launcher Type: generic

Environment Variables:
PATH=C:/Xilinx/SDK/2016.2/tps/win64/jre/bin/server;C:/Xilinx/SDK/2016.2/tps/win64/jre/bin;C:/Xilinx/SDK/2016.2/tps/win64/jre/lib/amd64;C:\Xilinx\SDK\2016.2\gnuwin\bin;C:\Xilinx\SDK\2016.2\gnu\microblaze\nt\bin;C:\Xilinx\SDK\2016.2\gnu\microblaze\linux_toolchain\nt64_le\bin;C:\Xilinx\SDK\2016.2\gnu\microblaze\linux_toolchain\nt64_be\bin;C:\Xilinx\SDK\2016.2\gnu\arm\nt\bin;C:\Xilinx\SDK\2016.2\gnu\aarch64\nt\aarch64-none\bin;C:\Xilinx\SDK\2016.2\gnu\aarch64\nt\aarch64-linux\bin;C:\Xilinx\SDK\2016.2\gnu\armr5\nt\gcc-arm-none-eabi\bin;C:\Xilinx\SDK\2016.2\gnu\aarch32\nt\gcc-arm-none-eabi\bin;C:\Xilinx\SDK\2016.2\gnu\aarch32\nt\gcc-arm-linux-gnueabi\bin;C:\Xilinx\SDK\2016.2\tps\win64\cmake-3.3.2\bin;;C:\Xilinx\SDK\2016.2\bin;C:\Xilinx\SDK\2016.2\lib\win64.o;C:\Xilinx\SDK\2016.2\tps\win64\jre\bin\server;C:\Xilinx\SDK\2016.2\tps\win64\jre\bin;C:\Xilinx\Vivado\2016.2\ids_lite\ISE\bin\nt64;C:\Xilinx\Vivado\2016.2\ids_lite\ISE\lib\nt64;C:\Xilinx\Vivado\2016.2\bin;C:\Xilinx\Vivado\2016.2\lib\win64.o;C:\Xilinx\Vivado\2016.2\tps\win64\jre\bin\server;C:\Xilinx\Vivado\2016.2\tps\win64\jre\bin;C:\Xilinx\Vivado_HLS\2016.2\bin;C:\Program Files\VanDyke Software\Clients\;C:\WINDOWS\system32;C:\WINDOWS;C:\WINDOWS\System32\Wbem;C:\WINDOWS\System32\WindowsPowerShell\v1.0\;C:\WINDOWS\System32\OpenSSH\;C:\Program Files\Git\cmd;c:\Program Files\MATLAB\R2020a\bin;C:\Program Files (x86)\IVI Foundation\VISA\WinNT\Bin\;C:\Program Files\IVI Foundation\VISA\Win64\Bin\;C:\Program Files\Microchip\xc8\v2.20\bin;C:\Program Files\Microchip\xc8\v2.31\bin;C:\Users\song\AppData\Local\Microsoft\WindowsApps;C:\Users\song\AppData\Local\GitHubDesktop\bin;C:\Xilinx\ECE530winter2020vivado\lab10VGAdemoJJS;
USERNAME=song
OS=Windows_NT
PROCESSOR_IDENTIFIER=Intel64 Family 6 Model 158 Stepping 10, GenuineIntel



---------------  S Y S T E M  ---------------

OS: Windows 10.0 , 64 bit Build 19041 (10.0.19041.662)

CPU:total 12 (6 cores per cpu, 2 threads per core) family 6 model 158 stepping 10, cmov, cx8, fxsr, mmx, sse, sse2, sse3, ssse3, sse4.1, sse4.2, popcnt, avx, avx2, aes, clmul, erms, 3dnowpref, lzcnt, ht, tsc, tscinvbit, bmi1, bmi2, adx

Memory: 4k page, physical 16505464k(7383656k free), swap 18995832k(7544516k free)

vm_info: Java HotSpot(TM) 64-Bit Server VM (25.66-b18) for windows-amd64 JRE (1.8.0_66-b18), built on Nov  9 2015 10:51:13 by "java_re" with MS VC++ 10.0 (VS2010)

time: Tue Jan 26 14:54:17 2021
elapsed time: 531 seconds (0d 0h 8m 51s)

