Copyright 1986-2019 Xilinx, Inc. All Rights Reserved.
-------------------------------------------------------------------------------------------
| Tool Version : Vivado v.2019.2 (lin64) Build 2708876 Wed Nov  6 21:39:14 MST 2019
| Date         : Fri Dec 10 12:14:28 2021
| Host         : skilletLaptop running 64-bit Debian GNU/Linux 10 (buster)
| Command      : report_control_sets -verbose -file system_wrapper_control_sets_placed.rpt
| Design       : system_wrapper
| Device       : xc7z010
-------------------------------------------------------------------------------------------

Control Set Information

Table of Contents
-----------------
1. Summary
2. Histogram
3. Flip-Flop Distribution
4. Detailed Control Set Information

1. Summary
----------

+----------------------------------------------------------+-------+
|                          Status                          | Count |
+----------------------------------------------------------+-------+
| Total control sets                                       |   118 |
|    Minimum number of control sets                        |   118 |
|    Addition due to synthesis replication                 |     0 |
|    Addition due to physical synthesis replication        |     0 |
| Unused register locations in slices containing registers |   344 |
+----------------------------------------------------------+-------+
* Control sets can be merged at opt_design using control_set_merge or merge_equivalent_drivers
** Run report_qor_suggestions for automated merging and remapping suggestions


2. Histogram
------------

+--------------------+-------+
|       Fanout       | Count |
+--------------------+-------+
| Total control sets |   118 |
| >= 0 to < 4        |     7 |
| >= 4 to < 6        |    35 |
| >= 6 to < 8        |     1 |
| >= 8 to < 10       |    21 |
| >= 10 to < 12      |     5 |
| >= 12 to < 14      |     9 |
| >= 14 to < 16      |     5 |
| >= 16              |    35 |
+--------------------+-------+
* Control sets can be remapped at either synth_design or opt_design


3. Flip-Flop Distribution
-------------------------

+--------------+-----------------------+------------------------+-----------------+--------------+
| Clock Enable | Synchronous Set/Reset | Asynchronous Set/Reset | Total Registers | Total Slices |
+--------------+-----------------------+------------------------+-----------------+--------------+
| No           | No                    | No                     |             284 |          104 |
| No           | No                    | Yes                    |               0 |            0 |
| No           | Yes                   | No                     |             173 |           67 |
| Yes          | No                    | No                     |             754 |          210 |
| Yes          | No                    | Yes                    |               0 |            0 |
| Yes          | Yes                   | No                     |             437 |          114 |
+--------------+-----------------------+------------------------+-----------------+--------------+


4. Detailed Control Set Information
-----------------------------------

+----------------------------------------------------+--------------------------------------------------------------------------------------------------------------------------------------------------------------+----------------------------------------------------------------------------------------------------------------------------------------------------------------------------------------+------------------+----------------+
|                    Clock Signal                    |                                                                         Enable Signal                                                                        |                                                                                    Set/Reset Signal                                                                                    | Slice Load Count | Bel Load Count |
+----------------------------------------------------+--------------------------------------------------------------------------------------------------------------------------------------------------------------+----------------------------------------------------------------------------------------------------------------------------------------------------------------------------------------+------------------+----------------+
|  system_i/processing_system7_0/inst/FCLK_CLK0_BUFG | system_i/ps7_0_axi_periph/m02_couplers/auto_pc/inst/gen_axilite.gen_b2s_conv.axilite_b2s/RD.r_channel_0/r_push_r                                             |                                                                                                                                                                                        |                1 |              1 |
|  system_i/processing_system7_0/inst/FCLK_CLK0_BUFG | system_i/ps7_0_axi_periph/m00_couplers/auto_pc/inst/gen_axilite.gen_b2s_conv.axilite_b2s/RD.r_channel_0/r_push_r                                             |                                                                                                                                                                                        |                1 |              1 |
|  system_i/processing_system7_0/inst/FCLK_CLK0_BUFG | system_i/axi_bram_ctrl_0/U0/gext_inst.abcv4_0_ext_inst/GEN_AXI4.I_FULL_AXI/I_RD_CHNL/GEN_NO_RD_CMD_OPT.I_WRAP_BRST/E[1]                                      | system_i/axi_bram_ctrl_0/U0/gext_inst.abcv4_0_ext_inst/GEN_AXI4.I_FULL_AXI/I_WR_CHNL/I_WRAP_BRST/curr_fixed_burst_reg_reg[0]                                                           |                1 |              1 |
|  system_i/processing_system7_0/inst/FCLK_CLK0_BUFG | system_i/ps7_0_axi_periph/m01_couplers/auto_pc/inst/gen_axilite.gen_b2s_conv.axilite_b2s/RD.r_channel_0/r_push_r                                             |                                                                                                                                                                                        |                1 |              1 |
|  system_i/processing_system7_0/inst/FCLK_CLK0_BUFG | system_i/ps7_0_axi_periph/m01_couplers/auto_pc/inst/gen_axilite.gen_b2s_conv.axilite_b2s/WR.b_channel_0/bid_fifo_0/bresp_push                                |                                                                                                                                                                                        |                1 |              2 |
|  system_i/processing_system7_0/inst/FCLK_CLK0_BUFG | system_i/ps7_0_axi_periph/m02_couplers/auto_pc/inst/gen_axilite.gen_b2s_conv.axilite_b2s/WR.b_channel_0/bid_fifo_0/bresp_push                                |                                                                                                                                                                                        |                1 |              2 |
|  system_i/processing_system7_0/inst/FCLK_CLK0_BUFG | system_i/ps7_0_axi_periph/m00_couplers/auto_pc/inst/gen_axilite.gen_b2s_conv.axilite_b2s/WR.b_channel_0/bid_fifo_0/bresp_push                                |                                                                                                                                                                                        |                1 |              2 |
|  system_i/processing_system7_0/inst/FCLK_CLK0_BUFG | system_i/switches/U0/AXI_LITE_IPIF_I/I_SLAVE_ATTACHMENT/bus2ip_addr_i[8]_i_1_n_0                                                                             | system_i/switches/U0/AXI_LITE_IPIF_I/I_SLAVE_ATTACHMENT/SR[0]                                                                                                                          |                1 |              4 |
|  system_i/processing_system7_0/inst/FCLK_CLK0_BUFG | system_i/axi_bram_ctrl_0/U0/gext_inst.abcv4_0_ext_inst/GEN_AXI4.I_FULL_AXI/I_RD_CHNL/FSM_sequential_GEN_NO_RD_CMD_OPT.rd_data_sm_cs[3]_i_1_n_0               | system_i/axi_bram_ctrl_0/U0/gext_inst.abcv4_0_ext_inst/GEN_AXI4.I_FULL_AXI/I_RD_CHNL/GEN_NO_RD_CMD_OPT.I_WRAP_BRST/ACTIVE_LOW_PR_OUT_DFF[0].FDRE_PER_N                                 |                3 |              4 |
|  system_i/processing_system7_0/inst/FCLK_CLK0_BUFG | system_i/ps7_0_axi_periph/m02_couplers/auto_pc/inst/gen_axilite.gen_b2s_conv.axilite_b2s/RD.ar_channel_0/ar_cmd_fsm_0/sel_first_reg[0]                       |                                                                                                                                                                                        |                1 |              4 |
|  system_i/processing_system7_0/inst/FCLK_CLK0_BUFG | system_i/ps7_0_axi_periph/m02_couplers/auto_pc/inst/gen_axilite.gen_b2s_conv.axilite_b2s/RD.ar_channel_0/ar_cmd_fsm_0/FSM_sequential_state_reg[1]_0[0]       |                                                                                                                                                                                        |                2 |              4 |
|  system_i/processing_system7_0/inst/FCLK_CLK0_BUFG | system_i/axi_bram_ctrl_0/U0/gext_inst.abcv4_0_ext_inst/GEN_AXI4.I_FULL_AXI/I_WR_CHNL/wrdata_reg_ld                                                           | system_i/axi_bram_ctrl_0/U0/gext_inst.abcv4_0_ext_inst/GEN_AXI4.I_FULL_AXI/I_WR_CHNL/GEN_WR_NO_ECC.bram_we_int[3]_i_1_n_0                                                              |                2 |              4 |
|  system_i/processing_system7_0/inst/FCLK_CLK0_BUFG | system_i/ps7_0_axi_periph/m00_couplers/auto_pc/inst/gen_axilite.gen_b2s_conv.axilite_b2s/WR.aw_channel_0/aw_cmd_fsm_0/b_push                                 |                                                                                                                                                                                        |                1 |              4 |
|  system_i/processing_system7_0/inst/FCLK_CLK0_BUFG |                                                                                                                                                              | system_i/ps7_0_axi_periph/m02_couplers/auto_pc/inst/gen_axilite.gen_b2s_conv.axilite_b2s/SI_REG/ar.ar_pipe/aresetn_d_reg[1]_inv_0                                                      |                1 |              4 |
|  system_i/processing_system7_0/inst/FCLK_CLK0_BUFG | system_i/switches/U0/AXI_LITE_IPIF_I/I_SLAVE_ATTACHMENT/I_DECODER/bus2ip_rnw_i_reg[0]                                                                        | system_i/switches/U0/AXI_LITE_IPIF_I/I_SLAVE_ATTACHMENT/SR[0]                                                                                                                          |                1 |              4 |
|  system_i/processing_system7_0/inst/FCLK_CLK0_BUFG | system_i/switches/U0/AXI_LITE_IPIF_I/I_SLAVE_ATTACHMENT/start2                                                                                               | system_i/switches/U0/AXI_LITE_IPIF_I/I_SLAVE_ATTACHMENT/I_DECODER/cs_ce_clr                                                                                                            |                2 |              4 |
|  system_i/processing_system7_0/inst/FCLK_CLK0_BUFG | system_i/led_IP_0/inst/led_IP_v1_0_S_AXI_inst/U1/LED[3]_i_2_n_0                                                                                              | system_i/led_IP_0/inst/led_IP_v1_0_S_AXI_inst/U1/SR[0]                                                                                                                                 |                1 |              4 |
|  system_i/processing_system7_0/inst/FCLK_CLK0_BUFG | system_i/buttons/U0/AXI_LITE_IPIF_I/I_SLAVE_ATTACHMENT/I_DECODER/bus2ip_rnw_i_reg[0]                                                                         | system_i/buttons/U0/AXI_LITE_IPIF_I/I_SLAVE_ATTACHMENT/SR[0]                                                                                                                           |                1 |              4 |
|  system_i/processing_system7_0/inst/FCLK_CLK0_BUFG | system_i/buttons/U0/AXI_LITE_IPIF_I/I_SLAVE_ATTACHMENT/start2                                                                                                | system_i/buttons/U0/AXI_LITE_IPIF_I/I_SLAVE_ATTACHMENT/I_DECODER/cs_ce_clr                                                                                                             |                1 |              4 |
|  system_i/processing_system7_0/inst/FCLK_CLK0_BUFG | system_i/buttons/U0/AXI_LITE_IPIF_I/I_SLAVE_ATTACHMENT/bus2ip_addr_i[8]_i_1_n_0                                                                              | system_i/buttons/U0/AXI_LITE_IPIF_I/I_SLAVE_ATTACHMENT/SR[0]                                                                                                                           |                1 |              4 |
|  system_i/processing_system7_0/inst/FCLK_CLK0_BUFG | system_i/ps7_0_axi_periph/m02_couplers/auto_pc/inst/gen_axilite.gen_b2s_conv.axilite_b2s/WR.aw_channel_0/aw_cmd_fsm_0/E[0]                                   |                                                                                                                                                                                        |                2 |              4 |
|  system_i/processing_system7_0/inst/FCLK_CLK0_BUFG |                                                                                                                                                              | system_i/switches/U0/AXI_LITE_IPIF_I/I_SLAVE_ATTACHMENT/clear                                                                                                                          |                1 |              4 |
|  system_i/processing_system7_0/inst/FCLK_CLK0_BUFG |                                                                                                                                                              | system_i/buttons/U0/AXI_LITE_IPIF_I/I_SLAVE_ATTACHMENT/I_DECODER/bus2ip_rnw_i_reg_0                                                                                                    |                1 |              4 |
|  system_i/processing_system7_0/inst/FCLK_CLK0_BUFG | system_i/ps7_0_axi_periph/m01_couplers/auto_pc/inst/gen_axilite.gen_b2s_conv.axilite_b2s/WR.aw_channel_0/aw_cmd_fsm_0/b_push                                 |                                                                                                                                                                                        |                1 |              4 |
|  system_i/processing_system7_0/inst/FCLK_CLK0_BUFG |                                                                                                                                                              | system_i/buttons/U0/AXI_LITE_IPIF_I/I_SLAVE_ATTACHMENT/clear                                                                                                                           |                1 |              4 |
|  system_i/processing_system7_0/inst/FCLK_CLK0_BUFG |                                                                                                                                                              | system_i/switches/U0/AXI_LITE_IPIF_I/I_SLAVE_ATTACHMENT/I_DECODER/bus2ip_rnw_i_reg_0                                                                                                   |                1 |              4 |
|  system_i/processing_system7_0/inst/FCLK_CLK0_BUFG |                                                                                                                                                              | system_i/ps7_0_axi_periph/m01_couplers/auto_pc/inst/gen_axilite.gen_b2s_conv.axilite_b2s/SI_REG/ar.ar_pipe/aresetn_d_reg[1]_inv_0                                                      |                1 |              4 |
|  system_i/processing_system7_0/inst/FCLK_CLK0_BUFG |                                                                                                                                                              | system_i/ps7_0_axi_periph/m01_couplers/auto_pc/inst/gen_axilite.gen_b2s_conv.axilite_b2s/SI_REG/aw.aw_pipe/aresetn_d_reg[0]_0                                                          |                1 |              4 |
|  system_i/processing_system7_0/inst/FCLK_CLK0_BUFG |                                                                                                                                                              | system_i/ps7_0_axi_periph/m02_couplers/auto_pc/inst/gen_axilite.gen_b2s_conv.axilite_b2s/SI_REG/aw.aw_pipe/aresetn_d_reg[0]_0                                                          |                1 |              4 |
|  system_i/processing_system7_0/inst/FCLK_CLK0_BUFG | system_i/ps7_0_axi_periph/m02_couplers/auto_pc/inst/gen_axilite.gen_b2s_conv.axilite_b2s/WR.aw_channel_0/aw_cmd_fsm_0/b_push                                 |                                                                                                                                                                                        |                1 |              4 |
|  system_i/processing_system7_0/inst/FCLK_CLK0_BUFG |                                                                                                                                                              | system_i/rst_ps7_0_100M/U0/EXT_LPF/lpf_int                                                                                                                                             |                1 |              4 |
|  system_i/processing_system7_0/inst/FCLK_CLK0_BUFG |                                                                                                                                                              | system_i/ps7_0_axi_periph/m00_couplers/auto_pc/inst/gen_axilite.gen_b2s_conv.axilite_b2s/SI_REG/ar.ar_pipe/aresetn_d_reg[1]_inv_0                                                      |                2 |              4 |
|  system_i/processing_system7_0/inst/FCLK_CLK0_BUFG |                                                                                                                                                              | system_i/ps7_0_axi_periph/m00_couplers/auto_pc/inst/gen_axilite.gen_b2s_conv.axilite_b2s/SI_REG/aw.aw_pipe/aresetn_d_reg[0]_0                                                          |                2 |              4 |
|  system_i/processing_system7_0/inst/FCLK_CLK0_BUFG | system_i/ps7_0_axi_periph/m02_couplers/auto_pc/inst/gen_axilite.gen_b2s_conv.axilite_b2s/WR.aw_channel_0/cmd_translator_0/incr_cmd_0/axaddr_incr[11]_i_1_n_0 |                                                                                                                                                                                        |                1 |              4 |
|  system_i/processing_system7_0/inst/FCLK_CLK0_BUFG | system_i/ps7_0_axi_periph/m01_couplers/auto_pc/inst/gen_axilite.gen_b2s_conv.axilite_b2s/RD.r_channel_0/transaction_fifo_0/cnt_read[4]_i_1_n_0               | system_i/ps7_0_axi_periph/m01_couplers/auto_pc/inst/gen_axilite.gen_b2s_conv.axilite_b2s/areset_d1                                                                                     |                2 |              5 |
|  system_i/processing_system7_0/inst/FCLK_CLK0_BUFG | system_i/ps7_0_axi_periph/m01_couplers/auto_pc/inst/gen_axilite.gen_b2s_conv.axilite_b2s/RD.r_channel_0/transaction_fifo_0/E[0]                              | system_i/ps7_0_axi_periph/m01_couplers/auto_pc/inst/gen_axilite.gen_b2s_conv.axilite_b2s/areset_d1                                                                                     |                1 |              5 |
|  system_i/processing_system7_0/inst/FCLK_CLK0_BUFG | system_i/ps7_0_axi_periph/m00_couplers/auto_pc/inst/gen_axilite.gen_b2s_conv.axilite_b2s/RD.r_channel_0/transaction_fifo_0/cnt_read[4]_i_1_n_0               | system_i/ps7_0_axi_periph/m00_couplers/auto_pc/inst/gen_axilite.gen_b2s_conv.axilite_b2s/areset_d1                                                                                     |                2 |              5 |
|  system_i/processing_system7_0/inst/FCLK_CLK0_BUFG | system_i/buttons/U0/AXI_LITE_IPIF_I/I_SLAVE_ATTACHMENT/s_axi_rresp_i                                                                                         | system_i/buttons/U0/AXI_LITE_IPIF_I/I_SLAVE_ATTACHMENT/SR[0]                                                                                                                           |                1 |              5 |
|  system_i/processing_system7_0/inst/FCLK_CLK0_BUFG | system_i/switches/U0/AXI_LITE_IPIF_I/I_SLAVE_ATTACHMENT/s_axi_rresp_i                                                                                        | system_i/switches/U0/AXI_LITE_IPIF_I/I_SLAVE_ATTACHMENT/SR[0]                                                                                                                          |                1 |              5 |
|  system_i/processing_system7_0/inst/FCLK_CLK0_BUFG | system_i/ps7_0_axi_periph/m00_couplers/auto_pc/inst/gen_axilite.gen_b2s_conv.axilite_b2s/RD.r_channel_0/transaction_fifo_0/E[0]                              | system_i/ps7_0_axi_periph/m00_couplers/auto_pc/inst/gen_axilite.gen_b2s_conv.axilite_b2s/areset_d1                                                                                     |                1 |              5 |
|  system_i/processing_system7_0/inst/FCLK_CLK0_BUFG | system_i/ps7_0_axi_periph/m02_couplers/auto_pc/inst/gen_axilite.gen_b2s_conv.axilite_b2s/RD.r_channel_0/transaction_fifo_0/cnt_read[4]_i_1__0_n_0            | system_i/ps7_0_axi_periph/m02_couplers/auto_pc/inst/gen_axilite.gen_b2s_conv.axilite_b2s/areset_d1                                                                                     |                2 |              5 |
|  system_i/processing_system7_0/inst/FCLK_CLK0_BUFG | system_i/ps7_0_axi_periph/m02_couplers/auto_pc/inst/gen_axilite.gen_b2s_conv.axilite_b2s/RD.r_channel_0/transaction_fifo_0/E[0]                              | system_i/ps7_0_axi_periph/m02_couplers/auto_pc/inst/gen_axilite.gen_b2s_conv.axilite_b2s/areset_d1                                                                                     |                2 |              5 |
|  system_i/processing_system7_0/inst/FCLK_CLK0_BUFG | system_i/rst_ps7_0_100M/U0/SEQ/seq_cnt_en                                                                                                                    | system_i/rst_ps7_0_100M/U0/SEQ/SEQ_COUNTER/clear                                                                                                                                       |                1 |              6 |
|  system_i/processing_system7_0/inst/FCLK_CLK0_BUFG | system_i/ps7_0_axi_periph/xbar/inst/gen_sasd.crossbar_sasd_0/gen_decerr.decerr_slave_inst/gen_axi.read_cnt[7]_i_1_n_0                                        | system_i/ps7_0_axi_periph/xbar/inst/gen_sasd.crossbar_sasd_0/addr_arbiter_inst/SR[0]                                                                                                   |                4 |              8 |
|  system_i/processing_system7_0/inst/FCLK_CLK0_BUFG | system_i/ps7_0_axi_periph/m00_couplers/auto_pc/inst/gen_axilite.gen_b2s_conv.axilite_b2s/WR.b_channel_0/mhandshake_r                                         | system_i/ps7_0_axi_periph/m00_couplers/auto_pc/inst/gen_axilite.gen_b2s_conv.axilite_b2s/WR.b_channel_0/bid_fifo_0/SR[0]                                                               |                2 |              8 |
|  system_i/processing_system7_0/inst/FCLK_CLK0_BUFG | system_i/led_IP_0/inst/led_IP_v1_0_S_AXI_inst/p_1_in[7]                                                                                                      | system_i/led_IP_0/inst/led_IP_v1_0_S_AXI_inst/U1/SR[0]                                                                                                                                 |                1 |              8 |
|  system_i/processing_system7_0/inst/FCLK_CLK0_BUFG | system_i/ps7_0_axi_periph/m02_couplers/auto_pc/inst/gen_axilite.gen_b2s_conv.axilite_b2s/WR.b_channel_0/mhandshake_r                                         | system_i/ps7_0_axi_periph/m02_couplers/auto_pc/inst/gen_axilite.gen_b2s_conv.axilite_b2s/WR.b_channel_0/bid_fifo_0/SR[0]                                                               |                3 |              8 |
|  system_i/processing_system7_0/inst/FCLK_CLK0_BUFG | system_i/ps7_0_axi_periph/m01_couplers/auto_pc/inst/gen_axilite.gen_b2s_conv.axilite_b2s/WR.b_channel_0/mhandshake_r                                         | system_i/ps7_0_axi_periph/m01_couplers/auto_pc/inst/gen_axilite.gen_b2s_conv.axilite_b2s/WR.b_channel_0/bid_fifo_0/SR[0]                                                               |                2 |              8 |
|  system_i/processing_system7_0/inst/FCLK_CLK0_BUFG | system_i/led_IP_0/inst/led_IP_v1_0_S_AXI_inst/p_1_in[15]                                                                                                     | system_i/led_IP_0/inst/led_IP_v1_0_S_AXI_inst/U1/SR[0]                                                                                                                                 |                2 |              8 |
|  system_i/processing_system7_0/inst/FCLK_CLK0_BUFG | system_i/led_IP_0/inst/led_IP_v1_0_S_AXI_inst/slv_reg2[31]_i_1_n_0                                                                                           | system_i/led_IP_0/inst/led_IP_v1_0_S_AXI_inst/U1/SR[0]                                                                                                                                 |                1 |              8 |
|  system_i/processing_system7_0/inst/FCLK_CLK0_BUFG | system_i/led_IP_0/inst/led_IP_v1_0_S_AXI_inst/slv_reg2[23]_i_1_n_0                                                                                           | system_i/led_IP_0/inst/led_IP_v1_0_S_AXI_inst/U1/SR[0]                                                                                                                                 |                1 |              8 |
|  system_i/processing_system7_0/inst/FCLK_CLK0_BUFG | system_i/led_IP_0/inst/led_IP_v1_0_S_AXI_inst/slv_reg1[7]_i_1_n_0                                                                                            | system_i/led_IP_0/inst/led_IP_v1_0_S_AXI_inst/U1/SR[0]                                                                                                                                 |                1 |              8 |
|  system_i/processing_system7_0/inst/FCLK_CLK0_BUFG | system_i/led_IP_0/inst/led_IP_v1_0_S_AXI_inst/slv_reg1[31]_i_1_n_0                                                                                           | system_i/led_IP_0/inst/led_IP_v1_0_S_AXI_inst/U1/SR[0]                                                                                                                                 |                2 |              8 |
|  system_i/processing_system7_0/inst/FCLK_CLK0_BUFG | system_i/led_IP_0/inst/led_IP_v1_0_S_AXI_inst/slv_reg1[23]_i_1_n_0                                                                                           | system_i/led_IP_0/inst/led_IP_v1_0_S_AXI_inst/U1/SR[0]                                                                                                                                 |                1 |              8 |
|  system_i/processing_system7_0/inst/FCLK_CLK0_BUFG | system_i/led_IP_0/inst/led_IP_v1_0_S_AXI_inst/p_1_in[23]                                                                                                     | system_i/led_IP_0/inst/led_IP_v1_0_S_AXI_inst/U1/SR[0]                                                                                                                                 |                1 |              8 |
|  system_i/processing_system7_0/inst/FCLK_CLK0_BUFG | system_i/led_IP_0/inst/led_IP_v1_0_S_AXI_inst/p_1_in[31]                                                                                                     | system_i/led_IP_0/inst/led_IP_v1_0_S_AXI_inst/U1/SR[0]                                                                                                                                 |                1 |              8 |
|  system_i/processing_system7_0/inst/FCLK_CLK0_BUFG | system_i/led_IP_0/inst/led_IP_v1_0_S_AXI_inst/slv_reg2[15]_i_1_n_0                                                                                           | system_i/led_IP_0/inst/led_IP_v1_0_S_AXI_inst/U1/SR[0]                                                                                                                                 |                1 |              8 |
|  system_i/processing_system7_0/inst/FCLK_CLK0_BUFG | system_i/led_IP_0/inst/led_IP_v1_0_S_AXI_inst/slv_reg2[7]_i_1_n_0                                                                                            | system_i/led_IP_0/inst/led_IP_v1_0_S_AXI_inst/U1/SR[0]                                                                                                                                 |                2 |              8 |
|  system_i/processing_system7_0/inst/FCLK_CLK0_BUFG | system_i/axi_bram_ctrl_0/U0/gext_inst.abcv4_0_ext_inst/GEN_AXI4.I_FULL_AXI/I_RD_CHNL/GEN_NO_RD_CMD_OPT.brst_cnt[7]_i_1_n_0                                   | system_i/axi_bram_ctrl_0/U0/gext_inst.abcv4_0_ext_inst/GEN_AXI4.I_FULL_AXI/I_RD_CHNL/GEN_NO_RD_CMD_OPT.I_WRAP_BRST/ACTIVE_LOW_PR_OUT_DFF[0].FDRE_PER_N                                 |                3 |              8 |
|  system_i/processing_system7_0/inst/FCLK_CLK0_BUFG | system_i/led_IP_0/inst/led_IP_v1_0_S_AXI_inst/slv_reg1[15]_i_1_n_0                                                                                           | system_i/led_IP_0/inst/led_IP_v1_0_S_AXI_inst/U1/SR[0]                                                                                                                                 |                1 |              8 |
|  system_i/processing_system7_0/inst/FCLK_CLK0_BUFG | system_i/led_IP_0/inst/led_IP_v1_0_S_AXI_inst/slv_reg0[15]_i_1_n_0                                                                                           | system_i/led_IP_0/inst/led_IP_v1_0_S_AXI_inst/U1/SR[0]                                                                                                                                 |                2 |              8 |
|  system_i/processing_system7_0/inst/FCLK_CLK0_BUFG | system_i/led_IP_0/inst/led_IP_v1_0_S_AXI_inst/slv_reg0[23]_i_1_n_0                                                                                           | system_i/led_IP_0/inst/led_IP_v1_0_S_AXI_inst/U1/SR[0]                                                                                                                                 |                1 |              8 |
|  system_i/processing_system7_0/inst/FCLK_CLK0_BUFG | system_i/led_IP_0/inst/led_IP_v1_0_S_AXI_inst/slv_reg0[31]_i_1_n_0                                                                                           | system_i/led_IP_0/inst/led_IP_v1_0_S_AXI_inst/U1/SR[0]                                                                                                                                 |                1 |              8 |
|  system_i/processing_system7_0/inst/FCLK_CLK0_BUFG | system_i/led_IP_0/inst/led_IP_v1_0_S_AXI_inst/slv_reg0[7]_i_1_n_0                                                                                            | system_i/led_IP_0/inst/led_IP_v1_0_S_AXI_inst/U1/SR[0]                                                                                                                                 |                1 |              8 |
|  system_i/processing_system7_0/inst/FCLK_CLK0_BUFG | system_i/axi_bram_ctrl_0/U0/gext_inst.abcv4_0_ext_inst/GEN_AXI4.I_FULL_AXI/I_RD_CHNL/GEN_NO_RD_CMD_OPT.I_WRAP_BRST/E[0]                                      | system_i/axi_bram_ctrl_0/U0/gext_inst.abcv4_0_ext_inst/GEN_AXI4.I_FULL_AXI/I_WR_CHNL/I_WRAP_BRST/curr_fixed_burst_reg_reg[0]                                                           |                4 |             10 |
|  system_i/processing_system7_0/inst/FCLK_CLK0_BUFG |                                                                                                                                                              | system_i/ps7_0_axi_periph/m01_couplers/auto_pc/inst/gen_axilite.gen_b2s_conv.axilite_b2s/areset_d1                                                                                     |                4 |             10 |
|  system_i/processing_system7_0/inst/FCLK_CLK0_BUFG |                                                                                                                                                              | system_i/ps7_0_axi_periph/m02_couplers/auto_pc/inst/gen_axilite.gen_b2s_conv.axilite_b2s/areset_d1                                                                                     |                3 |             10 |
|  system_i/processing_system7_0/inst/FCLK_CLK0_BUFG |                                                                                                                                                              | system_i/ps7_0_axi_periph/m00_couplers/auto_pc/inst/gen_axilite.gen_b2s_conv.axilite_b2s/areset_d1                                                                                     |                4 |             10 |
|  system_i/processing_system7_0/inst/FCLK_CLK0_BUFG |                                                                                                                                                              | system_i/led_IP_0/inst/led_IP_v1_0_S_AXI_inst/U1/SR[0]                                                                                                                                 |                4 |             10 |
|  system_i/processing_system7_0/inst/FCLK_CLK0_BUFG | system_i/ps7_0_axi_periph/m01_couplers/auto_pc/inst/gen_axilite.gen_b2s_conv.axilite_b2s/WR.aw_channel_0/aw_cmd_fsm_0/state_reg[1]_1[0]                      |                                                                                                                                                                                        |                6 |             12 |
|  system_i/processing_system7_0/inst/FCLK_CLK0_BUFG | system_i/ps7_0_axi_periph/m00_couplers/auto_pc/inst/gen_axilite.gen_b2s_conv.axilite_b2s/WR.aw_channel_0/aw_cmd_fsm_0/state_reg[1]_1[0]                      |                                                                                                                                                                                        |                5 |             12 |
|  system_i/processing_system7_0/inst/FCLK_CLK0_BUFG | system_i/ps7_0_axi_periph/m01_couplers/auto_pc/inst/gen_axilite.gen_b2s_conv.axilite_b2s/WR.aw_channel_0/cmd_translator_0/incr_cmd_0/axaddr_incr[11]_i_1_n_0 |                                                                                                                                                                                        |                2 |             12 |
|  system_i/processing_system7_0/inst/FCLK_CLK0_BUFG | system_i/ps7_0_axi_periph/m01_couplers/auto_pc/inst/gen_axilite.gen_b2s_conv.axilite_b2s/RD.ar_channel_0/ar_cmd_fsm_0/FSM_sequential_state_reg[1]_1[0]       |                                                                                                                                                                                        |                5 |             12 |
|  system_i/processing_system7_0/inst/FCLK_CLK0_BUFG | system_i/ps7_0_axi_periph/m00_couplers/auto_pc/inst/gen_axilite.gen_b2s_conv.axilite_b2s/WR.aw_channel_0/cmd_translator_0/incr_cmd_0/axaddr_incr[11]_i_1_n_0 |                                                                                                                                                                                        |                2 |             12 |
|  system_i/processing_system7_0/inst/FCLK_CLK0_BUFG | system_i/ps7_0_axi_periph/m01_couplers/auto_pc/inst/gen_axilite.gen_b2s_conv.axilite_b2s/RD.ar_channel_0/ar_cmd_fsm_0/E[0]                                   |                                                                                                                                                                                        |                2 |             12 |
|  system_i/processing_system7_0/inst/FCLK_CLK0_BUFG | system_i/ps7_0_axi_periph/m00_couplers/auto_pc/inst/gen_axilite.gen_b2s_conv.axilite_b2s/RD.ar_channel_0/ar_cmd_fsm_0/FSM_sequential_state_reg[1]_1[0]       |                                                                                                                                                                                        |                4 |             12 |
|  system_i/processing_system7_0/inst/FCLK_CLK0_BUFG | system_i/ps7_0_axi_periph/m00_couplers/auto_pc/inst/gen_axilite.gen_b2s_conv.axilite_b2s/RD.ar_channel_0/ar_cmd_fsm_0/E[0]                                   |                                                                                                                                                                                        |                3 |             12 |
|  system_i/processing_system7_0/inst/FCLK_CLK0_BUFG | system_i/axi_bram_ctrl_0/U0/gext_inst.abcv4_0_ext_inst/GEN_AXI4.I_FULL_AXI/GEN_ARB.I_SNG_PORT/E[0]                                                           | system_i/axi_bram_ctrl_0/U0/gext_inst.abcv4_0_ext_inst/GEN_AXI4.I_FULL_AXI/I_RD_CHNL/GEN_NO_RD_CMD_OPT.I_WRAP_BRST/ACTIVE_LOW_PR_OUT_DFF[0].FDRE_PER_N                                 |                4 |             13 |
|  system_i/processing_system7_0/inst/FCLK_CLK0_BUFG | system_i/ps7_0_axi_periph/m02_couplers/auto_pc/inst/gen_axilite.gen_b2s_conv.axilite_b2s/WR.aw_channel_0/aw_cmd_fsm_0/m_valid_i_reg_0[0]                     |                                                                                                                                                                                        |                4 |             15 |
|  system_i/processing_system7_0/inst/FCLK_CLK0_BUFG | system_i/ps7_0_axi_periph/m02_couplers/auto_pc/inst/gen_axilite.gen_b2s_conv.axilite_b2s/SI_REG/aw.aw_pipe/s_ready_i_reg_0                                   |                                                                                                                                                                                        |                5 |             15 |
|  system_i/processing_system7_0/inst/FCLK_CLK0_BUFG | system_i/axi_bram_ctrl_0/U0/gext_inst.abcv4_0_ext_inst/GEN_AXI4.I_FULL_AXI/GEN_ARB.I_SNG_PORT/ar_active_re                                                   | system_i/axi_bram_ctrl_0/U0/gext_inst.abcv4_0_ext_inst/GEN_AXI4.I_FULL_AXI/I_RD_CHNL/GEN_NO_RD_CMD_OPT.I_WRAP_BRST/ACTIVE_LOW_PR_OUT_DFF[0].FDRE_PER_N                                 |                7 |             15 |
|  system_i/processing_system7_0/inst/FCLK_CLK0_BUFG | system_i/ps7_0_axi_periph/m02_couplers/auto_pc/inst/gen_axilite.gen_b2s_conv.axilite_b2s/SI_REG/ar.ar_pipe/s_ready_i_reg_0                                   |                                                                                                                                                                                        |                3 |             15 |
|  system_i/processing_system7_0/inst/FCLK_CLK0_BUFG | system_i/ps7_0_axi_periph/m02_couplers/auto_pc/inst/gen_axilite.gen_b2s_conv.axilite_b2s/RD.ar_channel_0/ar_cmd_fsm_0/FSM_sequential_state_reg[1]_1[0]       |                                                                                                                                                                                        |                3 |             15 |
|  system_i/processing_system7_0/inst/FCLK_CLK0_BUFG | system_i/ps7_0_axi_periph/xbar/inst/gen_sasd.crossbar_sasd_0/reg_slice_r/aa_rready                                                                           |                                                                                                                                                                                        |                4 |             17 |
|  system_i/processing_system7_0/inst/FCLK_CLK0_BUFG | system_i/ps7_0_axi_periph/m02_couplers/auto_pc/inst/gen_axilite.gen_b2s_conv.axilite_b2s/RD.ar_channel_0/ar_cmd_fsm_0/E[0]                                   |                                                                                                                                                                                        |                6 |             18 |
|  system_i/processing_system7_0/inst/FCLK_CLK0_BUFG |                                                                                                                                                              | system_i/ps7_0_axi_periph/xbar/inst/gen_sasd.crossbar_sasd_0/addr_arbiter_inst/SR[0]                                                                                                   |                8 |             18 |
|  system_i/processing_system7_0/inst/FCLK_CLK0_BUFG | system_i/ps7_0_axi_periph/m02_couplers/auto_pc/inst/gen_axilite.gen_b2s_conv.axilite_b2s/WR.aw_channel_0/aw_cmd_fsm_0/m_valid_i_reg[0]                       |                                                                                                                                                                                        |               11 |             18 |
|  system_i/processing_system7_0/inst/FCLK_CLK0_BUFG | system_i/ps7_0_axi_periph/m00_couplers/auto_pc/inst/gen_axilite.gen_b2s_conv.axilite_b2s/SI_REG/aw.aw_pipe/s_ready_i_reg_0                                   |                                                                                                                                                                                        |                6 |             20 |
|  system_i/processing_system7_0/inst/FCLK_CLK0_BUFG |                                                                                                                                                              | system_i/switches/U0/AXI_LITE_IPIF_I/I_SLAVE_ATTACHMENT/SR[0]                                                                                                                          |                7 |             20 |
|  system_i/processing_system7_0/inst/FCLK_CLK0_BUFG | system_i/ps7_0_axi_periph/m00_couplers/auto_pc/inst/gen_axilite.gen_b2s_conv.axilite_b2s/SI_REG/ar.ar_pipe/s_ready_i_reg_0                                   |                                                                                                                                                                                        |                6 |             20 |
|  system_i/processing_system7_0/inst/FCLK_CLK0_BUFG | system_i/ps7_0_axi_periph/m00_couplers/auto_pc/inst/gen_axilite.gen_b2s_conv.axilite_b2s/RD.ar_channel_0/ar_cmd_fsm_0/FSM_sequential_state_reg[1]_2[0]       |                                                                                                                                                                                        |                4 |             20 |
|  system_i/processing_system7_0/inst/FCLK_CLK0_BUFG |                                                                                                                                                              | system_i/buttons/U0/AXI_LITE_IPIF_I/I_SLAVE_ATTACHMENT/SR[0]                                                                                                                           |                6 |             20 |
|  system_i/processing_system7_0/inst/FCLK_CLK0_BUFG | system_i/ps7_0_axi_periph/m01_couplers/auto_pc/inst/gen_axilite.gen_b2s_conv.axilite_b2s/RD.ar_channel_0/ar_cmd_fsm_0/FSM_sequential_state_reg[1]_2[0]       |                                                                                                                                                                                        |                5 |             20 |
|  system_i/processing_system7_0/inst/FCLK_CLK0_BUFG | system_i/ps7_0_axi_periph/m00_couplers/auto_pc/inst/gen_axilite.gen_b2s_conv.axilite_b2s/WR.aw_channel_0/aw_cmd_fsm_0/m_valid_i_reg[0]                       |                                                                                                                                                                                        |                5 |             20 |
|  system_i/processing_system7_0/inst/FCLK_CLK0_BUFG | system_i/ps7_0_axi_periph/m01_couplers/auto_pc/inst/gen_axilite.gen_b2s_conv.axilite_b2s/WR.aw_channel_0/aw_cmd_fsm_0/m_valid_i_reg[0]                       |                                                                                                                                                                                        |                4 |             20 |
|  system_i/processing_system7_0/inst/FCLK_CLK0_BUFG | system_i/ps7_0_axi_periph/m01_couplers/auto_pc/inst/gen_axilite.gen_b2s_conv.axilite_b2s/SI_REG/ar.ar_pipe/s_ready_i_reg_0                                   |                                                                                                                                                                                        |                5 |             20 |
|  system_i/processing_system7_0/inst/FCLK_CLK0_BUFG | system_i/ps7_0_axi_periph/m01_couplers/auto_pc/inst/gen_axilite.gen_b2s_conv.axilite_b2s/SI_REG/aw.aw_pipe/s_ready_i_reg_0                                   |                                                                                                                                                                                        |                4 |             20 |
|  system_i/processing_system7_0/inst/FCLK_CLK0_BUFG | system_i/ps7_0_axi_periph/m01_couplers/auto_pc/inst/gen_axilite.gen_b2s_conv.axilite_b2s/RD.ar_channel_0/ar_cmd_fsm_0/FSM_sequential_state_reg[0]_0[0]       |                                                                                                                                                                                        |               12 |             26 |
|  system_i/processing_system7_0/inst/FCLK_CLK0_BUFG | system_i/ps7_0_axi_periph/m00_couplers/auto_pc/inst/gen_axilite.gen_b2s_conv.axilite_b2s/WR.aw_channel_0/aw_cmd_fsm_0/E[0]                                   |                                                                                                                                                                                        |               10 |             26 |
|  system_i/processing_system7_0/inst/FCLK_CLK0_BUFG | system_i/ps7_0_axi_periph/m00_couplers/auto_pc/inst/gen_axilite.gen_b2s_conv.axilite_b2s/RD.ar_channel_0/ar_cmd_fsm_0/FSM_sequential_state_reg[0]_0[0]       |                                                                                                                                                                                        |                9 |             26 |
|  system_i/processing_system7_0/inst/FCLK_CLK0_BUFG | system_i/ps7_0_axi_periph/m01_couplers/auto_pc/inst/gen_axilite.gen_b2s_conv.axilite_b2s/WR.aw_channel_0/aw_cmd_fsm_0/E[0]                                   |                                                                                                                                                                                        |                9 |             26 |
|  system_i/processing_system7_0/inst/FCLK_CLK0_BUFG |                                                                                                                                                              | system_i/axi_bram_ctrl_0/U0/gext_inst.abcv4_0_ext_inst/GEN_AXI4.I_FULL_AXI/I_RD_CHNL/GEN_NO_RD_CMD_OPT.I_WRAP_BRST/ACTIVE_LOW_PR_OUT_DFF[0].FDRE_PER_N                                 |               18 |             31 |
|  system_i/processing_system7_0/inst/FCLK_CLK0_BUFG | system_i/axi_bram_ctrl_0/U0/gext_inst.abcv4_0_ext_inst/GEN_AXI4.I_FULL_AXI/I_WR_CHNL/wrdata_reg_ld                                                           |                                                                                                                                                                                        |                5 |             32 |
|  system_i/processing_system7_0/inst/FCLK_CLK0_BUFG | system_i/ps7_0_axi_periph/m02_couplers/auto_pc/inst/gen_axilite.gen_b2s_conv.axilite_b2s/RD.r_channel_0/rd_data_fifo_0/wr_en0                                |                                                                                                                                                                                        |                8 |             32 |
|  system_i/processing_system7_0/inst/FCLK_CLK0_BUFG | system_i/ps7_0_axi_periph/m01_couplers/auto_pc/inst/gen_axilite.gen_b2s_conv.axilite_b2s/RD.r_channel_0/rd_data_fifo_0/wr_en0                                |                                                                                                                                                                                        |                9 |             32 |
|  system_i/processing_system7_0/inst/FCLK_CLK0_BUFG | system_i/axi_bram_ctrl_0/U0/gext_inst.abcv4_0_ext_inst/GEN_AXI4.I_FULL_AXI/I_RD_CHNL/axi_rdata_en                                                            | system_i/axi_bram_ctrl_0/U0/gext_inst.abcv4_0_ext_inst/GEN_AXI4.I_FULL_AXI/I_RD_CHNL/GEN_NO_RD_CMD_OPT.GEN_RDATA_NO_ECC.GEN_RDATA_NO_RL_NO_ECC.GEN_RDATA[31].axi_rdata_int[31]_i_1_n_0 |                7 |             32 |
|  system_i/processing_system7_0/inst/FCLK_CLK0_BUFG | system_i/axi_bram_ctrl_0/U0/gext_inst.abcv4_0_ext_inst/GEN_AXI4.I_FULL_AXI/I_RD_CHNL/rd_skid_buf_ld                                                          | system_i/axi_bram_ctrl_0/U0/gext_inst.abcv4_0_ext_inst/GEN_AXI4.I_FULL_AXI/I_RD_CHNL/GEN_NO_RD_CMD_OPT.I_WRAP_BRST/ACTIVE_LOW_PR_OUT_DFF[0].FDRE_PER_N                                 |                5 |             32 |
|  system_i/processing_system7_0/inst/FCLK_CLK0_BUFG | system_i/led_IP_0/inst/led_IP_v1_0_S_AXI_inst/slv_reg_rden__0                                                                                                | system_i/led_IP_0/inst/led_IP_v1_0_S_AXI_inst/U1/SR[0]                                                                                                                                 |                9 |             32 |
|  system_i/processing_system7_0/inst/FCLK_CLK0_BUFG | system_i/ps7_0_axi_periph/m00_couplers/auto_pc/inst/gen_axilite.gen_b2s_conv.axilite_b2s/RD.r_channel_0/rd_data_fifo_0/wr_en0                                |                                                                                                                                                                                        |                9 |             32 |
|  system_i/processing_system7_0/inst/FCLK_CLK0_BUFG | system_i/ps7_0_axi_periph/m01_couplers/auto_pc/inst/gen_axilite.gen_b2s_conv.axilite_b2s/SI_REG/r.r_pipe/p_1_in                                              |                                                                                                                                                                                        |               10 |             33 |
|  system_i/processing_system7_0/inst/FCLK_CLK0_BUFG | system_i/ps7_0_axi_periph/m01_couplers/auto_pc/inst/gen_axilite.gen_b2s_conv.axilite_b2s/SI_REG/r.r_pipe/s_ready_i_reg_0                                     |                                                                                                                                                                                        |                7 |             33 |
|  system_i/processing_system7_0/inst/FCLK_CLK0_BUFG | system_i/ps7_0_axi_periph/m00_couplers/auto_pc/inst/gen_axilite.gen_b2s_conv.axilite_b2s/SI_REG/r.r_pipe/s_ready_i_reg_0                                     |                                                                                                                                                                                        |                8 |             33 |
|  system_i/processing_system7_0/inst/FCLK_CLK0_BUFG | system_i/ps7_0_axi_periph/m00_couplers/auto_pc/inst/gen_axilite.gen_b2s_conv.axilite_b2s/SI_REG/r.r_pipe/p_1_in                                              |                                                                                                                                                                                        |                9 |             33 |
|  system_i/processing_system7_0/inst/FCLK_CLK0_BUFG | system_i/ps7_0_axi_periph/m02_couplers/auto_pc/inst/gen_axilite.gen_b2s_conv.axilite_b2s/SI_REG/r.r_pipe/p_1_in                                              |                                                                                                                                                                                        |                8 |             33 |
|  system_i/processing_system7_0/inst/FCLK_CLK0_BUFG | system_i/ps7_0_axi_periph/m02_couplers/auto_pc/inst/gen_axilite.gen_b2s_conv.axilite_b2s/SI_REG/r.r_pipe/s_ready_i_reg_0                                     |                                                                                                                                                                                        |                5 |             33 |
|  system_i/processing_system7_0/inst/FCLK_CLK0_BUFG | system_i/ps7_0_axi_periph/xbar/inst/gen_sasd.crossbar_sasd_0/addr_arbiter_inst/E[0]                                                                          |                                                                                                                                                                                        |                8 |             35 |
|  system_i/processing_system7_0/inst/FCLK_CLK0_BUFG | system_i/ps7_0_axi_periph/xbar/inst/gen_sasd.crossbar_sasd_0/addr_arbiter_inst/p_0_in1_in                                                                    | system_i/ps7_0_axi_periph/xbar/inst/gen_sasd.crossbar_sasd_0/addr_arbiter_inst/SR[0]                                                                                                   |               17 |             52 |
|  system_i/processing_system7_0/inst/FCLK_CLK0_BUFG |                                                                                                                                                              |                                                                                                                                                                                        |              105 |            286 |
+----------------------------------------------------+--------------------------------------------------------------------------------------------------------------------------------------------------------------+----------------------------------------------------------------------------------------------------------------------------------------------------------------------------------------+------------------+----------------+


